<?xml version="1.0" encoding="UTF-8"?>
<testsuites name="HiUpTestSuite" time="230" tests="2" failures="0" errors="0">
   <testsuite name="HiUpTestSuite" tests="2" failures="0" errors="0" time="230" timestamp="2018-07-04 09:46:18" hostname="Acer - DESKTOP-O5SIUU5" id="Test Suites/HiUpTestSuite">
      <properties>
         <property name="deviceName" value="samsung SM-G935F (Android 8.0.0)"/>
         <property name="devicePlatform" value=""/>
         <property name="logFolder" value="C:\\Users\\Acer\\Katalon Studio\\HiUpAutomation\\Reports\\HiUpTestSuite\\20180704_094612"/>
         <property name="logFiles" value="C:\\Users\\Acer\\Katalon Studio\\HiUpAutomation\\Reports\\HiUpTestSuite\\20180704_094612\\appium.log, C:\\Users\\Acer\\Katalon Studio\\HiUpAutomation\\Reports\\HiUpTestSuite\\20180704_094612\\execution0.log"/>
         <property name="attachments" value="C:\\Users\\Acer\\Katalon Studio\\HiUpAutomation\\Reports\\HiUpTestSuite\\20180704_094612\\1530677105262.png"/>
         <property name="hostName" value="Acer - DESKTOP-O5SIUU5"/>
         <property name="os" value="Windows 10 64bit"/>
         <property name="katalonVersion" value="5.4.2.1"/>
         <property name="deviceOS" value="Android"/>
         <property name="appiumVersion" value="1.8.1"/>
         <property name="deviceModel" value="SM-G935F"/>
         <property name="hostAddress" value="192.168.210.2"/>
         <property name="deviceManufacturer" value="samsung"/>
         <property name="deviceId" value="ce12160cab7a2c4b0c"/>
         <property name="deviceName" value="samsung SM-G935F (Android 8.0.0)"/>
         <property name="deviceOSVersion" value="8.0.0"/>
      </properties>
      <testcase name="Test Cases/HiUP_LoginTest" classname="Test Cases/HiUP_LoginTest" status="PASSED">
         <system-out><![CDATA[2018-07-04 09:46:19 - [TEST_CASE][PASSED] - Test Cases/HiUP_LoginTest: Test Cases/HiUP_LoginTest

2018-07-04 09:46:19 - [TEST_STEP][PASSED] - Statement - Try: null

2018-07-04 09:46:19 - [TEST_STEP][PASSED] - Statement - email = "jmeter12345@gmail.com": null

2018-07-04 09:46:19 - [TEST_STEP][PASSED] - Statement - pass = "y@nzEE2018": null

2018-07-04 09:46:19 - [TEST_STEP][PASSED] - startApplication: Started app at: 'C:\Users\Acer\Desktop\HiUp_uat_apk\HIUP-2.2.2(68).apk'

2018-07-04 09:47:04 - [MESSAGE][PASSED] - Started app at: 'C:\Users\Acer\Desktop\HiUp_uat_apk\HIUP-2.2.2(68).apk'

2018-07-04 09:47:04 - [TEST_STEP][PASSED] - tap: Tapped on element 'Object Repository/android.widget.LinearLayout22'

2018-07-04 09:47:04 - [MESSAGE][WARNING] - Timeout '0' is invalid. Using default page load timeout: '30'

2018-07-04 09:47:10 - [MESSAGE][PASSED] - Tapped on element 'Object Repository/android.widget.LinearLayout22'

2018-07-04 09:47:10 - [TEST_STEP][PASSED] - tap: Tapped on element 'Object Repository/android.widget.ImageView18'

2018-07-04 09:47:10 - [MESSAGE][WARNING] - Timeout '0' is invalid. Using default page load timeout: '30'

2018-07-04 09:47:21 - [MESSAGE][PASSED] - Tapped on element 'Object Repository/android.widget.ImageView18'

2018-07-04 09:47:21 - [TEST_STEP][PASSED] - tap: Tapped on element 'Object Repository/android.support.v7.widget.LinearLayoutCompat8'

2018-07-04 09:47:21 - [MESSAGE][WARNING] - Timeout '0' is invalid. Using default page load timeout: '30'

2018-07-04 09:47:25 - [MESSAGE][PASSED] - Tapped on element 'Object Repository/android.support.v7.widget.LinearLayoutCompat8'

2018-07-04 09:47:25 - [TEST_STEP][PASSED] - tap: Tapped on element 'Object Repository/android.widget.Button0 - Sign in'

2018-07-04 09:47:25 - [MESSAGE][WARNING] - Timeout '0' is invalid. Using default page load timeout: '30'

2018-07-04 09:47:28 - [MESSAGE][PASSED] - Tapped on element 'Object Repository/android.widget.Button0 - Sign in'

2018-07-04 09:47:28 - [TEST_STEP][PASSED] - tap: Tapped on element 'Object Repository/android.widget.Button1 - LOGIN'

2018-07-04 09:47:28 - [MESSAGE][WARNING] - Timeout '0' is invalid. Using default page load timeout: '30'

2018-07-04 09:47:30 - [MESSAGE][PASSED] - Tapped on element 'Object Repository/android.widget.Button1 - LOGIN'

2018-07-04 09:47:30 - [TEST_STEP][PASSED] - setText: Text 'jmeter12345@gmail.com' has been set to element 'Object Repository/android.widget.EditText0 - Email'

2018-07-04 09:47:30 - [MESSAGE][WARNING] - Timeout '0' is invalid. Using default page load timeout: '30'

2018-07-04 09:47:33 - [MESSAGE][PASSED] - Text 'jmeter12345@gmail.com' has been set to element 'Object Repository/android.widget.EditText0 - Email'

2018-07-04 09:47:33 - [TEST_STEP][PASSED] - setText: Text 'y@nzEE2018' has been set to element 'Object Repository/android.widget.EditText1 - Password'

2018-07-04 09:47:33 - [MESSAGE][WARNING] - Timeout '0' is invalid. Using default page load timeout: '30'

2018-07-04 09:47:36 - [MESSAGE][PASSED] - Text 'y@nzEE2018' has been set to element 'Object Repository/android.widget.EditText1 - Password'

2018-07-04 09:47:36 - [TEST_STEP][PASSED] - tap: Tapped on element 'Object Repository/android.widget.Button6 - Sign in'

2018-07-04 09:47:36 - [MESSAGE][WARNING] - Timeout '0' is invalid. Using default page load timeout: '30'

2018-07-04 09:47:38 - [MESSAGE][PASSED] - Tapped on element 'Object Repository/android.widget.Button6 - Sign in'

2018-07-04 09:47:38 - [TEST_STEP][PASSED] - tap: Tapped on element 'Object Repository/android.widget.LinearLayout22'

2018-07-04 09:47:38 - [MESSAGE][WARNING] - Timeout '0' is invalid. Using default page load timeout: '30'

2018-07-04 09:47:48 - [MESSAGE][PASSED] - Tapped on element 'Object Repository/android.widget.LinearLayout22'

2018-07-04 09:47:48 - [TEST_STEP][PASSED] - tap: Tapped on element 'Object Repository/android.widget.ImageView18'

2018-07-04 09:47:48 - [MESSAGE][WARNING] - Timeout '0' is invalid. Using default page load timeout: '30'

2018-07-04 09:47:51 - [MESSAGE][PASSED] - Tapped on element 'Object Repository/android.widget.ImageView18'

2018-07-04 09:47:51 - [TEST_STEP][PASSED] - tap: Tapped on element 'Object Repository/android.widget.CheckedTextView3 - Profile'

2018-07-04 09:47:51 - [MESSAGE][WARNING] - Timeout '0' is invalid. Using default page load timeout: '30'

2018-07-04 09:47:53 - [MESSAGE][PASSED] - Tapped on element 'Object Repository/android.widget.CheckedTextView3 - Profile'

2018-07-04 09:47:53 - [TEST_STEP][PASSED] - Statement - java.lang.Thread.sleep(5000): null

2018-07-04 09:47:58 - [TEST_STEP][PASSED] - Statement - result = com.kms.katalon.core.mobile.keyword.MobileBuiltInKeywords.getText(com.kms.katalon.core.testobject.ObjectRepository.findTestObject(prof_email), 0): Text of element 'Object Repository/prof_email' is: 'jmeter12345@gmail.com'

2018-07-04 09:47:58 - [MESSAGE][WARNING] - Timeout '0' is invalid. Using default page load timeout: '30'

2018-07-04 09:47:58 - [MESSAGE][PASSED] - Text of element 'Object Repository/prof_email' is: 'jmeter12345@gmail.com'

2018-07-04 09:47:58 - [TEST_STEP][PASSED] - Statement - out.println(result): null

2018-07-04 09:47:58 - [TEST_STEP][PASSED] - Statement - If (result.equalsIgnoreCase(email)): null

2018-07-04 09:47:58 - [TEST_STEP][PASSED] - Statement - out.println("Successfully logged in"): null]]></system-out>
         <system-err><![CDATA[]]></system-err>
      </testcase>
      <testcase name="Test Cases/TrainingTest" classname="Test Cases/TrainingTest" status="PASSED">
         <system-out><![CDATA[2018-07-04 09:47:58 - [TEST_CASE][PASSED] - Test Cases/TrainingTest: Test Cases/TrainingTest

2018-07-04 09:47:59 - [TEST_STEP][PASSED] - Statement - driver = com.kms.katalon.core.mobile.keyword.internal.MobileDriverFactory.getDriver(): null

2018-07-04 09:47:59 - [TEST_STEP][PASSED] - Statement - Try: null

2018-07-04 09:47:59 - [TEST_STEP][PASSED] - Statement - For ([i = 1, i <= 7, (i++)]): null

2018-07-04 09:47:59 - [TEST_STEP][PASSED] - tap: Tapped on element 'Object Repository/android.widget.LinearLayout22'

2018-07-04 09:47:59 - [MESSAGE][WARNING] - Timeout '0' is invalid. Using default page load timeout: '30'

2018-07-04 09:48:00 - [MESSAGE][PASSED] - Tapped on element 'Object Repository/android.widget.LinearLayout22'

2018-07-04 09:48:00 - [TEST_STEP][PASSED] - tap: Tapped on element 'Object Repository/android.widget.ImageView18'

2018-07-04 09:48:00 - [MESSAGE][WARNING] - Timeout '0' is invalid. Using default page load timeout: '30'

2018-07-04 09:48:02 - [MESSAGE][PASSED] - Tapped on element 'Object Repository/android.widget.ImageView18'

2018-07-04 09:48:02 - [TEST_STEP][PASSED] - tap: Tapped on element 'Object Repository/android.support.v7.widget.LinearLayoutCompat4'

2018-07-04 09:48:02 - [MESSAGE][WARNING] - Timeout '0' is invalid. Using default page load timeout: '30'

2018-07-04 09:48:05 - [MESSAGE][PASSED] - Tapped on element 'Object Repository/android.support.v7.widget.LinearLayoutCompat4'

2018-07-04 09:48:05 - [TEST_STEP][PASSED] - tap: Tapped on element 'Object Repository/android.widget.Button0 - Courses by industry'

2018-07-04 09:48:05 - [MESSAGE][WARNING] - Timeout '0' is invalid. Using default page load timeout: '30'

2018-07-04 09:48:07 - [MESSAGE][PASSED] - Tapped on element 'Object Repository/android.widget.Button0 - Courses by industry'

2018-07-04 09:48:07 - [TEST_STEP][PASSED] - Statement - java.lang.Thread.sleep(4000): null

2018-07-04 09:48:11 - [TEST_STEP][PASSED] - tap: Tapped on element 'Object Repository/indust'

2018-07-04 09:48:11 - [MESSAGE][WARNING] - Timeout '0' is invalid. Using default page load timeout: '30'

2018-07-04 09:48:14 - [MESSAGE][PASSED] - Tapped on element 'Object Repository/indust'

2018-07-04 09:48:14 - [TEST_STEP][PASSED] - Statement - If (i == 4): null

2018-07-04 09:48:14 - [TEST_STEP][PASSED] - Statement - java.lang.Thread.sleep(4000): null

2018-07-04 09:48:18 - [TEST_STEP][PASSED] - Statement - sel_course = driver.findElement(org.openqa.selenium.By.xpath("//hierarchy/android.widget.FrameLayout[1]/android.widget.LinearLayout[1]/android.widget.FrameLayout[1]/android.widget.LinearLayout[1]/android.widget.FrameLayout[1]/android.support.v4.widget.DrawerLayout[1]/android.view.ViewGroup[1]/android.widget.RelativeLayout[1]/android.widget.ListView[1]/android.widget.RelativeLayout[" + i + "]/android.widget.RelativeLayout[1]")): null

2018-07-04 09:48:18 - [TEST_STEP][PASSED] - Statement - price = sel_course.findElement(org.openqa.selenium.By.id("co.olivemedia.hihoandroidwebapp:id/tv_training_specific_course_price")).getText(): null

2018-07-04 09:48:19 - [TEST_STEP][PASSED] - Statement - row_course = sel_course.findElement(org.openqa.selenium.By.id("co.olivemedia.hihoandroidwebapp:id/rl_training_specific_course")).getText(): null

2018-07-04 09:48:20 - [TEST_STEP][PASSED] - Statement - If (price.equalsIgnoreCase("Free")): null

2018-07-04 09:48:20 - [TEST_STEP][PASSED] - Statement - sel_course.click(): null

2018-07-04 09:48:21 - [TEST_STEP][PASSED] - Statement - java.lang.Thread.sleep(4000): null

2018-07-04 09:48:25 - [TEST_STEP][PASSED] - tap: Tapped on element 'Object Repository/android.widget.Button0 - Enroll'

2018-07-04 09:48:27 - [MESSAGE][PASSED] - Tapped on element 'Object Repository/android.widget.Button0 - Enroll'

2018-07-04 09:48:27 - [TEST_STEP][PASSED] - Statement - java.lang.Thread.sleep(7000): null

2018-07-04 09:48:34 - [TEST_STEP][PASSED] - Statement - If (com.kms.katalon.core.mobile.keyword.MobileBuiltInKeywords.verifyElementExist(com.kms.katalon.core.testobject.ObjectRepository.findTestObject(android.widget.Button0 - Enroll), 0)): null

2018-07-04 09:48:34 - [MESSAGE][WARNING] - Timeout '0' is invalid. Using default page load timeout: '30'

2018-07-04 09:48:35 - [MESSAGE][PASSED] - Element 'Object Repository/android.widget.Button0 - Enroll' is exist

2018-07-04 09:48:35 - [TEST_STEP][PASSED] - Statement - out.println("Course has already been purchased."): null

2018-07-04 09:48:35 - [TEST_STEP][PASSED] - tap: Tapped on element 'Object Repository/android.widget.LinearLayout22'

2018-07-04 09:48:35 - [MESSAGE][WARNING] - Timeout '0' is invalid. Using default page load timeout: '30'

2018-07-04 09:48:37 - [MESSAGE][PASSED] - Tapped on element 'Object Repository/android.widget.LinearLayout22'

2018-07-04 09:48:37 - [TEST_STEP][PASSED] - tap: Tapped on element 'Object Repository/android.widget.ImageView18'

2018-07-04 09:48:37 - [MESSAGE][WARNING] - Timeout '0' is invalid. Using default page load timeout: '30'

2018-07-04 09:48:39 - [MESSAGE][PASSED] - Tapped on element 'Object Repository/android.widget.ImageView18'

2018-07-04 09:48:39 - [TEST_STEP][PASSED] - tap: Tapped on element 'Object Repository/android.support.v7.widget.LinearLayoutCompat4'

2018-07-04 09:48:39 - [MESSAGE][WARNING] - Timeout '0' is invalid. Using default page load timeout: '30'

2018-07-04 09:48:42 - [MESSAGE][PASSED] - Tapped on element 'Object Repository/android.support.v7.widget.LinearLayoutCompat4'

2018-07-04 09:48:42 - [TEST_STEP][PASSED] - tap: Tapped on element 'Object Repository/android.widget.Button0 - Courses by industry'

2018-07-04 09:48:42 - [MESSAGE][WARNING] - Timeout '0' is invalid. Using default page load timeout: '30'

2018-07-04 09:48:44 - [MESSAGE][PASSED] - Tapped on element 'Object Repository/android.widget.Button0 - Courses by industry'

2018-07-04 09:48:44 - [TEST_STEP][PASSED] - Statement - java.lang.Thread.sleep(4000): null

2018-07-04 09:48:48 - [TEST_STEP][PASSED] - tap: Tapped on element 'Object Repository/indust'

2018-07-04 09:48:48 - [MESSAGE][WARNING] - Timeout '0' is invalid. Using default page load timeout: '30'

2018-07-04 09:48:51 - [MESSAGE][PASSED] - Tapped on element 'Object Repository/indust'

2018-07-04 09:48:51 - [TEST_STEP][PASSED] - Statement - If (i == 4): null

2018-07-04 09:48:51 - [TEST_STEP][PASSED] - Statement - java.lang.Thread.sleep(4000): null

2018-07-04 09:48:55 - [TEST_STEP][PASSED] - Statement - sel_course = driver.findElement(org.openqa.selenium.By.xpath("//hierarchy/android.widget.FrameLayout[1]/android.widget.LinearLayout[1]/android.widget.FrameLayout[1]/android.widget.LinearLayout[1]/android.widget.FrameLayout[1]/android.support.v4.widget.DrawerLayout[1]/android.view.ViewGroup[1]/android.widget.RelativeLayout[1]/android.widget.ListView[1]/android.widget.RelativeLayout[" + i + "]/android.widget.RelativeLayout[1]")): null

2018-07-04 09:48:56 - [TEST_STEP][PASSED] - Statement - price = sel_course.findElement(org.openqa.selenium.By.id("co.olivemedia.hihoandroidwebapp:id/tv_training_specific_course_price")).getText(): null

2018-07-04 09:48:56 - [TEST_STEP][PASSED] - Statement - row_course = sel_course.findElement(org.openqa.selenium.By.id("co.olivemedia.hihoandroidwebapp:id/rl_training_specific_course")).getText(): null

2018-07-04 09:48:56 - [TEST_STEP][PASSED] - Statement - If (price.equalsIgnoreCase("Free")): null

2018-07-04 09:48:56 - [TEST_STEP][PASSED] - Statement - sel_course.click(): null

2018-07-04 09:48:58 - [TEST_STEP][PASSED] - Statement - java.lang.Thread.sleep(4000): null

2018-07-04 09:49:02 - [TEST_STEP][PASSED] - tap: Tapped on element 'Object Repository/android.widget.Button0 - Enroll'

2018-07-04 09:49:04 - [MESSAGE][PASSED] - Tapped on element 'Object Repository/android.widget.Button0 - Enroll'

2018-07-04 09:49:04 - [TEST_STEP][PASSED] - Statement - java.lang.Thread.sleep(7000): null

2018-07-04 09:49:11 - [TEST_STEP][PASSED] - Statement - If (com.kms.katalon.core.mobile.keyword.MobileBuiltInKeywords.verifyElementExist(com.kms.katalon.core.testobject.ObjectRepository.findTestObject(android.widget.Button0 - Enroll), 0)): null

2018-07-04 09:49:11 - [MESSAGE][WARNING] - Timeout '0' is invalid. Using default page load timeout: '30'

2018-07-04 09:49:12 - [MESSAGE][PASSED] - Element 'Object Repository/android.widget.Button0 - Enroll' is exist

2018-07-04 09:49:12 - [TEST_STEP][PASSED] - Statement - out.println("Course has already been purchased."): null

2018-07-04 09:49:12 - [TEST_STEP][PASSED] - tap: Tapped on element 'Object Repository/android.widget.LinearLayout22'

2018-07-04 09:49:12 - [MESSAGE][WARNING] - Timeout '0' is invalid. Using default page load timeout: '30'

2018-07-04 09:49:13 - [MESSAGE][PASSED] - Tapped on element 'Object Repository/android.widget.LinearLayout22'

2018-07-04 09:49:13 - [TEST_STEP][PASSED] - tap: Tapped on element 'Object Repository/android.widget.ImageView18'

2018-07-04 09:49:13 - [MESSAGE][WARNING] - Timeout '0' is invalid. Using default page load timeout: '30'

2018-07-04 09:49:15 - [MESSAGE][PASSED] - Tapped on element 'Object Repository/android.widget.ImageView18'

2018-07-04 09:49:15 - [TEST_STEP][PASSED] - tap: Tapped on element 'Object Repository/android.support.v7.widget.LinearLayoutCompat4'

2018-07-04 09:49:15 - [MESSAGE][WARNING] - Timeout '0' is invalid. Using default page load timeout: '30'

2018-07-04 09:49:18 - [MESSAGE][PASSED] - Tapped on element 'Object Repository/android.support.v7.widget.LinearLayoutCompat4'

2018-07-04 09:49:18 - [TEST_STEP][PASSED] - tap: Tapped on element 'Object Repository/android.widget.Button0 - Courses by industry'

2018-07-04 09:49:18 - [MESSAGE][WARNING] - Timeout '0' is invalid. Using default page load timeout: '30'

2018-07-04 09:49:20 - [MESSAGE][PASSED] - Tapped on element 'Object Repository/android.widget.Button0 - Courses by industry'

2018-07-04 09:49:20 - [TEST_STEP][PASSED] - Statement - java.lang.Thread.sleep(4000): null

2018-07-04 09:49:24 - [TEST_STEP][PASSED] - tap: Tapped on element 'Object Repository/indust'

2018-07-04 09:49:24 - [MESSAGE][WARNING] - Timeout '0' is invalid. Using default page load timeout: '30'

2018-07-04 09:49:27 - [MESSAGE][PASSED] - Tapped on element 'Object Repository/indust'

2018-07-04 09:49:27 - [TEST_STEP][PASSED] - Statement - If (i == 4): null

2018-07-04 09:49:27 - [TEST_STEP][PASSED] - Statement - java.lang.Thread.sleep(4000): null

2018-07-04 09:49:31 - [TEST_STEP][PASSED] - Statement - sel_course = driver.findElement(org.openqa.selenium.By.xpath("//hierarchy/android.widget.FrameLayout[1]/android.widget.LinearLayout[1]/android.widget.FrameLayout[1]/android.widget.LinearLayout[1]/android.widget.FrameLayout[1]/android.support.v4.widget.DrawerLayout[1]/android.view.ViewGroup[1]/android.widget.RelativeLayout[1]/android.widget.ListView[1]/android.widget.RelativeLayout[" + i + "]/android.widget.RelativeLayout[1]")): null

2018-07-04 09:49:31 - [TEST_STEP][PASSED] - Statement - price = sel_course.findElement(org.openqa.selenium.By.id("co.olivemedia.hihoandroidwebapp:id/tv_training_specific_course_price")).getText(): null

2018-07-04 09:49:31 - [TEST_STEP][PASSED] - Statement - row_course = sel_course.findElement(org.openqa.selenium.By.id("co.olivemedia.hihoandroidwebapp:id/rl_training_specific_course")).getText(): null

2018-07-04 09:49:32 - [TEST_STEP][PASSED] - Statement - If (price.equalsIgnoreCase("Free")): null

2018-07-04 09:49:32 - [TEST_STEP][PASSED] - Statement - sel_course.click(): null

2018-07-04 09:49:33 - [TEST_STEP][PASSED] - Statement - java.lang.Thread.sleep(4000): null

2018-07-04 09:49:37 - [TEST_STEP][PASSED] - tap: Tapped on element 'Object Repository/android.widget.Button0 - Enroll'

2018-07-04 09:49:39 - [MESSAGE][PASSED] - Tapped on element 'Object Repository/android.widget.Button0 - Enroll'

2018-07-04 09:49:39 - [TEST_STEP][PASSED] - Statement - java.lang.Thread.sleep(7000): null

2018-07-04 09:49:46 - [TEST_STEP][PASSED] - Statement - If (com.kms.katalon.core.mobile.keyword.MobileBuiltInKeywords.verifyElementExist(com.kms.katalon.core.testobject.ObjectRepository.findTestObject(android.widget.Button0 - Enroll), 0)): null

2018-07-04 09:49:46 - [MESSAGE][WARNING] - Timeout '0' is invalid. Using default page load timeout: '30'

2018-07-04 09:49:46 - [MESSAGE][PASSED] - Element 'Object Repository/android.widget.Button0 - Enroll' is exist

2018-07-04 09:49:46 - [TEST_STEP][PASSED] - Statement - out.println("Course has already been purchased."): null

2018-07-04 09:49:46 - [TEST_STEP][PASSED] - tap: Tapped on element 'Object Repository/android.widget.LinearLayout22'

2018-07-04 09:49:46 - [MESSAGE][WARNING] - Timeout '0' is invalid. Using default page load timeout: '30'

2018-07-04 09:49:48 - [MESSAGE][PASSED] - Tapped on element 'Object Repository/android.widget.LinearLayout22'

2018-07-04 09:49:48 - [TEST_STEP][PASSED] - tap: Tapped on element 'Object Repository/android.widget.ImageView18'

2018-07-04 09:49:48 - [MESSAGE][WARNING] - Timeout '0' is invalid. Using default page load timeout: '30'

2018-07-04 09:49:50 - [MESSAGE][PASSED] - Tapped on element 'Object Repository/android.widget.ImageView18'

2018-07-04 09:49:50 - [TEST_STEP][PASSED] - tap: Tapped on element 'Object Repository/android.support.v7.widget.LinearLayoutCompat4'

2018-07-04 09:49:50 - [MESSAGE][WARNING] - Timeout '0' is invalid. Using default page load timeout: '30'

2018-07-04 09:49:52 - [MESSAGE][PASSED] - Tapped on element 'Object Repository/android.support.v7.widget.LinearLayoutCompat4'

2018-07-04 09:49:52 - [TEST_STEP][PASSED] - tap: Tapped on element 'Object Repository/android.widget.Button0 - Courses by industry'

2018-07-04 09:49:52 - [MESSAGE][WARNING] - Timeout '0' is invalid. Using default page load timeout: '30'

2018-07-04 09:49:56 - [MESSAGE][PASSED] - Tapped on element 'Object Repository/android.widget.Button0 - Courses by industry'

2018-07-04 09:49:56 - [TEST_STEP][PASSED] - Statement - java.lang.Thread.sleep(4000): null

2018-07-04 09:50:00 - [TEST_STEP][PASSED] - tap: Tapped on element 'Object Repository/indust'

2018-07-04 09:50:00 - [MESSAGE][WARNING] - Timeout '0' is invalid. Using default page load timeout: '30'

2018-07-04 09:50:02 - [MESSAGE][PASSED] - Tapped on element 'Object Repository/indust'

2018-07-04 09:50:02 - [TEST_STEP][PASSED] - Statement - If (i == 4): null

2018-07-04 09:50:02 - [TEST_STEP][PASSED] - Statement - verticalSwipe(): null

2018-07-04 09:50:02 - [TEST_STEP][PASSED] - Statement - width = com.kms.katalon.core.mobile.keyword.MobileBuiltInKeywords.getDeviceWidth(): Current device physical width is 1440

2018-07-04 09:50:02 - [MESSAGE][PASSED] - Current device physical width is 1440

2018-07-04 09:50:02 - [TEST_STEP][PASSED] - Statement - startX = width / 2: null

2018-07-04 09:50:02 - [TEST_STEP][PASSED] - Statement - endX = startX: null

2018-07-04 09:50:02 - [TEST_STEP][PASSED] - Statement - startY = width * 0.30: null

2018-07-04 09:50:02 - [TEST_STEP][PASSED] - Statement - endY = width * 0.70: null

2018-07-04 09:50:02 - [TEST_STEP][FAILED] - swipe: Cannot swipe on device. (Root cause: org.openqa.selenium.WebDriverException: An unknown server-side error occurred while processing the command. (WARNING: The server did not provide any stacktrace information)
Command duration or timeout: 0 milliseconds
Build info: version: '3.7.1', revision: '8a0099a', time: '2017-11-06T21:07:36.161Z'
System info: host: 'DESKTOP-O5SIUU5', ip: '192.168.210.2', os.name: 'Windows 10', os.arch: 'amd64', os.version: '10.0', java.version: '1.8.0_102'
Driver info: com.kms.katalon.core.appium.driver.SwipeableAndroidDriver
Capabilities {Name: appWaitActivity, Value: com.*, app: C:\Users\Acer\Desktop\HiUp_..., appPackage: co.olivemedia.hihoandroidwe..., autoGrantPermissions: true, automationName: uiautomator2, databaseEnabled: false, desired: {Name: appWaitActivity, Value: com.*, app: C:\Users\Acer\Desktop\HiUp_..., autoGrantPermissions: true, automationName: uiautomator2, deviceId: ce12160cab7a2c4b0c, deviceName: samsung SM-G935F (Android 8..., fullReset: true, newCommandTimeout: 1800, noReset: false, platform: ANDROID, platformName: Android, udid: ce12160cab7a2c4b0c}, deviceApiLevel: 26, deviceId: ce12160cab7a2c4b0c, deviceManufacturer: samsung, deviceModel: SM-G935F, deviceName: ce12160cab7a2c4b0c, deviceScreenDensity: 640, deviceScreenSize: 1440x2560, deviceUDID: ce12160cab7a2c4b0c, fullReset: true, javascriptEnabled: true, locationContextEnabled: false, networkConnectionEnabled: true, newCommandTimeout: 1800, noReset: false, pixelRatio: 4, platform: ANDROID, platformName: ANDROID, platformVersion: 8.0.0, statBarHeight: 96, takesScreenshot: true, udid: ce12160cab7a2c4b0c, viewportRect: {height: 2464, left: 0, top: 96, width: 1440}, warnings: {}, webStorageEnabled: false}
Session ID: 4d4df3fb-079d-4d01-8b33-939e291438cf)

2018-07-04 09:50:07 - [MESSAGE][FAILED] - Cannot swipe on device. (Root cause: org.openqa.selenium.WebDriverException: An unknown server-side error occurred while processing the command. (WARNING: The server did not provide any stacktrace information)
Command duration or timeout: 0 milliseconds
Build info: version: '3.7.1', revision: '8a0099a', time: '2017-11-06T21:07:36.161Z'
System info: host: 'DESKTOP-O5SIUU5', ip: '192.168.210.2', os.name: 'Windows 10', os.arch: 'amd64', os.version: '10.0', java.version: '1.8.0_102'
Driver info: com.kms.katalon.core.appium.driver.SwipeableAndroidDriver
Capabilities {Name: appWaitActivity, Value: com.*, app: C:\Users\Acer\Desktop\HiUp_..., appPackage: co.olivemedia.hihoandroidwe..., autoGrantPermissions: true, automationName: uiautomator2, databaseEnabled: false, desired: {Name: appWaitActivity, Value: com.*, app: C:\Users\Acer\Desktop\HiUp_..., autoGrantPermissions: true, automationName: uiautomator2, deviceId: ce12160cab7a2c4b0c, deviceName: samsung SM-G935F (Android 8..., fullReset: true, newCommandTimeout: 1800, noReset: false, platform: ANDROID, platformName: Android, udid: ce12160cab7a2c4b0c}, deviceApiLevel: 26, deviceId: ce12160cab7a2c4b0c, deviceManufacturer: samsung, deviceModel: SM-G935F, deviceName: ce12160cab7a2c4b0c, deviceScreenDensity: 640, deviceScreenSize: 1440x2560, deviceUDID: ce12160cab7a2c4b0c, fullReset: true, javascriptEnabled: true, locationContextEnabled: false, networkConnectionEnabled: true, newCommandTimeout: 1800, noReset: false, pixelRatio: 4, platform: ANDROID, platformName: ANDROID, platformVersion: 8.0.0, statBarHeight: 96, takesScreenshot: true, udid: ce12160cab7a2c4b0c, viewportRect: {height: 2464, left: 0, top: 96, width: 1440}, warnings: {}, webStorageEnabled: false}
Session ID: 4d4df3fb-079d-4d01-8b33-939e291438cf)
[[ATTACHMENT|C:\\Users\\Acer\\Katalon Studio\\HiUpAutomation\\Reports\\HiUpTestSuite\\20180704_094612\\1530677105262.png]]

2018-07-04 09:50:07 - [TEST_STEP][PASSED] - Statement - Catch (Exception e): null

2018-07-04 09:50:07 - [TEST_STEP][PASSED] - Statement - out.println("Unable to apply training course"): null

2018-07-04 09:50:07 - [TEST_STEP][PASSED] - Statement - out.println(e.getMessage()): null]]></system-out>
         <system-err><![CDATA[]]></system-err>
      </testcase>
      <system-out><![CDATA[2018-07-04 09:46:18 - [TEST_SUITE][PASSED] - HiUpTestSuite: Test Cases/TrainingTest]]></system-out>
      <system-err><![CDATA[]]></system-err>
   </testsuite>
</testsuites>
