<?xml version="1.0" encoding="UTF-8"?>
<testsuites name="HiUpTestSuite" time="134" tests="1" failures="0" errors="0">
   <testsuite name="HiUpTestSuite" tests="1" failures="0" errors="0" time="134" timestamp="2018-07-03 10:47:43" hostname="Acer - DESKTOP-O5SIUU5" id="Test Suites/HiUpTestSuite">
      <properties>
         <property name="deviceName" value="samsung SM-G935F (Android 8.0.0)"/>
         <property name="devicePlatform" value=""/>
         <property name="logFolder" value="C:\\Users\\Acer\\Katalon Studio\\HiUpAutomation\\Reports\\HiUpTestSuite\\20180703_104736"/>
         <property name="logFiles" value="C:\\Users\\Acer\\Katalon Studio\\HiUpAutomation\\Reports\\HiUpTestSuite\\20180703_104736\\appium.log, C:\\Users\\Acer\\Katalon Studio\\HiUpAutomation\\Reports\\HiUpTestSuite\\20180703_104736\\execution0.log"/>
         <property name="attachments" value="C:\\Users\\Acer\\Katalon Studio\\HiUpAutomation\\Reports\\HiUpTestSuite\\20180703_104736\\1530594278311.png, C:\\Users\\Acer\\Katalon Studio\\HiUpAutomation\\Reports\\HiUpTestSuite\\20180703_104736\\1530594279302.png"/>
         <property name="hostName" value="Acer - DESKTOP-O5SIUU5"/>
         <property name="os" value="Windows 10 64bit"/>
         <property name="katalonVersion" value="5.4.2.1"/>
         <property name="deviceOS" value="Android"/>
         <property name="appiumVersion" value="1.8.1"/>
         <property name="deviceModel" value="SM-G935F"/>
         <property name="hostAddress" value="192.168.210.2"/>
         <property name="deviceManufacturer" value="samsung"/>
         <property name="deviceId" value="ce12160cab7a2c4b0c"/>
         <property name="deviceName" value="samsung SM-G935F (Android 8.0.0)"/>
         <property name="deviceOSVersion" value="8.0.0"/>
      </properties>
      <testcase name="Test Cases/JobSettingTest" classname="Test Cases/JobSettingTest" status="PASSED">
         <system-out><![CDATA[2018-07-03 10:47:44 - [TEST_CASE][PASSED] - Test Cases/JobSettingTest: Test Cases/JobSettingTest

2018-07-03 10:47:44 - [TEST_STEP][PASSED] - Statement - Try: null

2018-07-03 10:47:44 - [TEST_STEP][PASSED] - startApplication: Started app at: 'C:\Users\Acer\Desktop\HiUp_uat_apk\HIUP-2.2.2(68).apk'

2018-07-03 10:48:36 - [MESSAGE][PASSED] - Started app at: 'C:\Users\Acer\Desktop\HiUp_uat_apk\HIUP-2.2.2(68).apk'

2018-07-03 10:48:36 - [TEST_STEP][PASSED] - tap: Tapped on element 'Object Repository/android.widget.LinearLayout22'

2018-07-03 10:48:36 - [MESSAGE][WARNING] - Timeout '0' is invalid. Using default page load timeout: '30'

2018-07-03 10:48:43 - [MESSAGE][PASSED] - Tapped on element 'Object Repository/android.widget.LinearLayout22'

2018-07-03 10:48:43 - [TEST_STEP][PASSED] - tap: Tapped on element 'Object Repository/android.widget.ImageView18'

2018-07-03 10:48:43 - [MESSAGE][WARNING] - Timeout '0' is invalid. Using default page load timeout: '30'

2018-07-03 10:48:46 - [MESSAGE][PASSED] - Tapped on element 'Object Repository/android.widget.ImageView18'

2018-07-03 10:48:46 - [TEST_STEP][PASSED] - tap: Tapped on element 'Object Repository/android.widget.CheckedTextView1 - Job search settings'

2018-07-03 10:48:46 - [MESSAGE][WARNING] - Timeout '0' is invalid. Using default page load timeout: '30'

2018-07-03 10:48:50 - [MESSAGE][PASSED] - Tapped on element 'Object Repository/android.widget.CheckedTextView1 - Job search settings'

2018-07-03 10:48:50 - [TEST_STEP][PASSED] - Statement - java.lang.Thread.sleep(3000): null

2018-07-03 10:48:53 - [TEST_STEP][PASSED] - setText: Text '44600' has been set to element 'Object Repository/android.widget.EditText0 - Area or ZIP code'

2018-07-03 10:48:53 - [MESSAGE][WARNING] - Timeout '0' is invalid. Using default page load timeout: '30'

2018-07-03 10:48:56 - [MESSAGE][PASSED] - Text '44600' has been set to element 'Object Repository/android.widget.EditText0 - Area or ZIP code'

2018-07-03 10:48:56 - [TEST_STEP][PASSED] - tap: Tapped on element 'Object Repository/android.widget.Button0 - Refine (1)'

2018-07-03 10:48:56 - [MESSAGE][WARNING] - Timeout '0' is invalid. Using default page load timeout: '30'

2018-07-03 10:49:01 - [MESSAGE][PASSED] - Tapped on element 'Object Repository/android.widget.Button0 - Refine (1)'

2018-07-03 10:49:01 - [TEST_STEP][PASSED] - Statement - java.lang.Thread.sleep(3000): null

2018-07-03 10:49:04 - [TEST_STEP][PASSED] - Statement - title = com.kms.katalon.core.mobile.keyword.MobileBuiltInKeywords.getText(com.kms.katalon.core.testobject.ObjectRepository.findTestObject(android.widget.TextView1 - Jobs (2)), 4): Text of element 'Object Repository/android.widget.TextView1 - Jobs (2)' is: 'Jobs'

2018-07-03 10:49:06 - [MESSAGE][PASSED] - Text of element 'Object Repository/android.widget.TextView1 - Jobs (2)' is: 'Jobs'

2018-07-03 10:49:06 - [TEST_STEP][PASSED] - Statement - If (title.equalsIgnoreCase("Jobs")): null

2018-07-03 10:49:06 - [TEST_STEP][PASSED] - Statement - out.println("Location tab has been clicked."): null

2018-07-03 10:49:06 - [TEST_STEP][FAILED] - Statement - Try: Failed to get text from element (Root cause: Object Object Repository/android.widget.TextView2 - Qa testing role-4 - APi test - A test on new position creation via postman not found)

2018-07-03 10:49:06 - [TEST_STEP][PASSED] - tap: Tapped on element 'Object Repository/android.widget.LinearLayout22'

2018-07-03 10:49:06 - [MESSAGE][WARNING] - Timeout '0' is invalid. Using default page load timeout: '30'

2018-07-03 10:49:08 - [MESSAGE][PASSED] - Tapped on element 'Object Repository/android.widget.LinearLayout22'

2018-07-03 10:49:08 - [TEST_STEP][PASSED] - tap: Tapped on element 'Object Repository/android.widget.ImageView18'

2018-07-03 10:49:08 - [MESSAGE][WARNING] - Timeout '0' is invalid. Using default page load timeout: '30'

2018-07-03 10:49:11 - [MESSAGE][PASSED] - Tapped on element 'Object Repository/android.widget.ImageView18'

2018-07-03 10:49:11 - [TEST_STEP][PASSED] - tap: Tapped on element 'Object Repository/android.widget.CheckedTextView1 - Job search settings'

2018-07-03 10:49:14 - [MESSAGE][PASSED] - Tapped on element 'Object Repository/android.widget.CheckedTextView1 - Job search settings'

2018-07-03 10:49:14 - [TEST_STEP][PASSED] - tap: Tapped on element 'Object Repository/android.widget.Button6 - Job'

2018-07-03 10:49:16 - [MESSAGE][PASSED] - Tapped on element 'Object Repository/android.widget.Button6 - Job'

2018-07-03 10:49:16 - [TEST_STEP][PASSED] - tap: Tapped on element 'Object Repository/android.widget.TextView22 - Industry'

2018-07-03 10:49:18 - [MESSAGE][PASSED] - Tapped on element 'Object Repository/android.widget.TextView22 - Industry'

2018-07-03 10:49:18 - [TEST_STEP][PASSED] - tap: Tapped on element 'Object Repository/android.widget.TextView8 - QA testing1'

2018-07-03 10:49:20 - [MESSAGE][PASSED] - Tapped on element 'Object Repository/android.widget.TextView8 - QA testing1'

2018-07-03 10:49:20 - [TEST_STEP][PASSED] - tap: Tapped on element 'Object Repository/android.widget.Button4 - Role'

2018-07-03 10:49:23 - [MESSAGE][PASSED] - Tapped on element 'Object Repository/android.widget.Button4 - Role'

2018-07-03 10:49:23 - [TEST_STEP][PASSED] - tap: Tapped on element 'Object Repository/android.widget.TextView11 - Qa testing role'

2018-07-03 10:49:23 - [MESSAGE][WARNING] - Timeout '0' is invalid. Using default page load timeout: '30'

2018-07-03 10:49:27 - [MESSAGE][PASSED] - Tapped on element 'Object Repository/android.widget.TextView11 - Qa testing role'

2018-07-03 10:49:27 - [TEST_STEP][PASSED] - tap: Tapped on element 'Object Repository/android.widget.Button0 - Refine (1)'

2018-07-03 10:49:27 - [MESSAGE][WARNING] - Timeout '0' is invalid. Using default page load timeout: '30'

2018-07-03 10:49:30 - [MESSAGE][PASSED] - Tapped on element 'Object Repository/android.widget.Button0 - Refine (1)'

2018-07-03 10:49:30 - [TEST_STEP][PASSED] - Statement - java.lang.Thread.sleep(3000): null

2018-07-03 10:49:33 - [TEST_STEP][FAILED] - Statement - role = com.kms.katalon.core.mobile.keyword.MobileBuiltInKeywords.getText(com.kms.katalon.core.testobject.ObjectRepository.findTestObject(android.widget.TextView2 - Qa testing role-4 - APi test - A test on new position creation via postman), 5): Failed to get text from element (Root cause: Object Object Repository/android.widget.TextView2 - Qa testing role-4 - APi test - A test on new position creation via postman not found)

2018-07-03 10:49:39 - [MESSAGE][FAILED] - Object Object Repository/android.widget.TextView2 - Qa testing role-4 - APi test - A test on new position creation via postman not found
[[ATTACHMENT|C:\\Users\\Acer\\Katalon Studio\\HiUpAutomation\\Reports\\HiUpTestSuite\\20180703_104736\\1530594278311.png]]

2018-07-03 10:49:40 - [MESSAGE][FAILED] - Failed to get text from element (Root cause: Object Object Repository/android.widget.TextView2 - Qa testing role-4 - APi test - A test on new position creation via postman not found)
[[ATTACHMENT|C:\\Users\\Acer\\Katalon Studio\\HiUpAutomation\\Reports\\HiUpTestSuite\\20180703_104736\\1530594279302.png]]

2018-07-03 10:49:40 - [TEST_STEP][PASSED] - Statement - Catch (Exception e): null

2018-07-03 10:49:40 - [TEST_STEP][PASSED] - Statement - out.println("Unable test Job Search Job Menu."): null

2018-07-03 10:49:40 - [TEST_STEP][PASSED] - Statement - out.println(e.getMessage()): null

2018-07-03 10:49:40 - [TEST_STEP][PASSED] - Statement - Try: null

2018-07-03 10:49:40 - [TEST_STEP][PASSED] - tap: Tapped on element 'Object Repository/android.widget.LinearLayout22'

2018-07-03 10:49:40 - [MESSAGE][WARNING] - Timeout '0' is invalid. Using default page load timeout: '30'

2018-07-03 10:49:42 - [MESSAGE][PASSED] - Tapped on element 'Object Repository/android.widget.LinearLayout22'

2018-07-03 10:49:42 - [TEST_STEP][PASSED] - tap: Tapped on element 'Object Repository/android.widget.ImageView18'

2018-07-03 10:49:42 - [MESSAGE][WARNING] - Timeout '0' is invalid. Using default page load timeout: '30'

2018-07-03 10:49:44 - [MESSAGE][PASSED] - Tapped on element 'Object Repository/android.widget.ImageView18'

2018-07-03 10:49:44 - [TEST_STEP][PASSED] - tap: Tapped on element 'Object Repository/android.widget.CheckedTextView1 - Job search settings'

2018-07-03 10:49:44 - [MESSAGE][WARNING] - Timeout '0' is invalid. Using default page load timeout: '30'

2018-07-03 10:49:48 - [MESSAGE][PASSED] - Tapped on element 'Object Repository/android.widget.CheckedTextView1 - Job search settings'

2018-07-03 10:49:48 - [TEST_STEP][PASSED] - tap: Tapped on element 'Object Repository/android.widget.Button6 - Pay'

2018-07-03 10:49:48 - [MESSAGE][WARNING] - Timeout '0' is invalid. Using default page load timeout: '30'

2018-07-03 10:49:50 - [MESSAGE][PASSED] - Tapped on element 'Object Repository/android.widget.Button6 - Pay'

2018-07-03 10:49:50 - [TEST_STEP][PASSED] - tap: Tapped on element 'Object Repository/android.widget.CheckBox0'

2018-07-03 10:49:50 - [MESSAGE][WARNING] - Timeout '0' is invalid. Using default page load timeout: '30'

2018-07-03 10:49:52 - [MESSAGE][PASSED] - Tapped on element 'Object Repository/android.widget.CheckBox0'

2018-07-03 10:49:52 - [TEST_STEP][PASSED] - Statement - java.lang.Thread.sleep(3000): null

2018-07-03 10:49:55 - [TEST_STEP][PASSED] - Statement - title = com.kms.katalon.core.mobile.keyword.MobileBuiltInKeywords.getText(com.kms.katalon.core.testobject.ObjectRepository.findTestObject(android.widget.TextView1 - Jobs (2)), 5): Text of element 'Object Repository/android.widget.TextView1 - Jobs (2)' is: 'Jobs'

2018-07-03 10:49:55 - [MESSAGE][PASSED] - Text of element 'Object Repository/android.widget.TextView1 - Jobs (2)' is: 'Jobs'

2018-07-03 10:49:55 - [TEST_STEP][PASSED] - Statement - If (title.equalsIgnoreCase("Jobs")): null

2018-07-03 10:49:55 - [TEST_STEP][PASSED] - Statement - out.println("Pay tab has been clicked."): null]]></system-out>
         <system-err><![CDATA[]]></system-err>
      </testcase>
      <system-out><![CDATA[2018-07-03 10:47:43 - [TEST_SUITE][PASSED] - HiUpTestSuite: Test Cases/JobSettingTest]]></system-out>
      <system-err><![CDATA[]]></system-err>
   </testsuite>
</testsuites>
