<?xml version="1.0" encoding="UTF-8"?>
<testsuites name="HiUpTestSuite" time="235" tests="2" failures="0" errors="0">
   <testsuite name="HiUpTestSuite" tests="2" failures="0" errors="0" time="235" timestamp="2018-07-03 17:50:29" hostname="Acer - DESKTOP-O5SIUU5" id="Test Suites/HiUpTestSuite">
      <properties>
         <property name="deviceName" value="samsung SM-G935F (Android 8.0.0)"/>
         <property name="devicePlatform" value=""/>
         <property name="logFolder" value="C:\\Users\\Acer\\Katalon Studio\\HiUpAutomation\\Reports\\HiUpTestSuite\\20180703_175022"/>
         <property name="logFiles" value="C:\\Users\\Acer\\Katalon Studio\\HiUpAutomation\\Reports\\HiUpTestSuite\\20180703_175022\\appium.log, C:\\Users\\Acer\\Katalon Studio\\HiUpAutomation\\Reports\\HiUpTestSuite\\20180703_175022\\execution0.log"/>
         <property name="attachments" value="C:\\Users\\Acer\\Katalon Studio\\HiUpAutomation\\Reports\\HiUpTestSuite\\20180703_175022\\1530619759849.png, C:\\Users\\Acer\\Katalon Studio\\HiUpAutomation\\Reports\\HiUpTestSuite\\20180703_175022\\1530619761640.png"/>
         <property name="hostName" value="Acer - DESKTOP-O5SIUU5"/>
         <property name="os" value="Windows 10 64bit"/>
         <property name="katalonVersion" value="5.4.2.1"/>
         <property name="deviceOS" value="Android"/>
         <property name="appiumVersion" value="1.8.1"/>
         <property name="deviceModel" value="SM-G935F"/>
         <property name="hostAddress" value="192.168.210.2"/>
         <property name="deviceManufacturer" value="samsung"/>
         <property name="deviceId" value="ce12160cab7a2c4b0c"/>
         <property name="deviceName" value="samsung SM-G935F (Android 8.0.0)"/>
         <property name="deviceOSVersion" value="8.0.0"/>
      </properties>
      <testcase name="Test Cases/HiUP_LoginTest" classname="Test Cases/HiUP_LoginTest" status="PASSED">
         <system-out><![CDATA[2018-07-03 17:50:29 - [TEST_CASE][PASSED] - Test Cases/HiUP_LoginTest: Test Cases/HiUP_LoginTest

2018-07-03 17:50:30 - [TEST_STEP][PASSED] - Statement - Try: null

2018-07-03 17:50:30 - [TEST_STEP][PASSED] - Statement - email = "jmeter12345@gmail.com": null

2018-07-03 17:50:30 - [TEST_STEP][PASSED] - Statement - pass = "y@nzEE2018": null

2018-07-03 17:50:30 - [TEST_STEP][PASSED] - startApplication: Started app at: 'C:\Users\Acer\Desktop\HiUp_uat_apk\HIUP-2.2.2(68).apk'

2018-07-03 17:51:16 - [MESSAGE][PASSED] - Started app at: 'C:\Users\Acer\Desktop\HiUp_uat_apk\HIUP-2.2.2(68).apk'

2018-07-03 17:51:16 - [TEST_STEP][PASSED] - tap: Tapped on element 'Object Repository/android.widget.LinearLayout22'

2018-07-03 17:51:16 - [MESSAGE][WARNING] - Timeout '0' is invalid. Using default page load timeout: '30'

2018-07-03 17:51:21 - [MESSAGE][PASSED] - Tapped on element 'Object Repository/android.widget.LinearLayout22'

2018-07-03 17:51:21 - [TEST_STEP][PASSED] - tap: Tapped on element 'Object Repository/android.widget.ImageView18'

2018-07-03 17:51:21 - [MESSAGE][WARNING] - Timeout '0' is invalid. Using default page load timeout: '30'

2018-07-03 17:51:25 - [MESSAGE][PASSED] - Tapped on element 'Object Repository/android.widget.ImageView18'

2018-07-03 17:51:25 - [TEST_STEP][PASSED] - tap: Tapped on element 'Object Repository/android.support.v7.widget.LinearLayoutCompat8'

2018-07-03 17:51:25 - [MESSAGE][WARNING] - Timeout '0' is invalid. Using default page load timeout: '30'

2018-07-03 17:51:28 - [MESSAGE][PASSED] - Tapped on element 'Object Repository/android.support.v7.widget.LinearLayoutCompat8'

2018-07-03 17:51:28 - [TEST_STEP][PASSED] - tap: Tapped on element 'Object Repository/android.widget.Button0 - Sign in'

2018-07-03 17:51:28 - [MESSAGE][WARNING] - Timeout '0' is invalid. Using default page load timeout: '30'

2018-07-03 17:51:30 - [MESSAGE][PASSED] - Tapped on element 'Object Repository/android.widget.Button0 - Sign in'

2018-07-03 17:51:30 - [TEST_STEP][PASSED] - tap: Tapped on element 'Object Repository/android.widget.Button1 - LOGIN'

2018-07-03 17:51:30 - [MESSAGE][WARNING] - Timeout '0' is invalid. Using default page load timeout: '30'

2018-07-03 17:51:32 - [MESSAGE][PASSED] - Tapped on element 'Object Repository/android.widget.Button1 - LOGIN'

2018-07-03 17:51:32 - [TEST_STEP][PASSED] - setText: Text 'jmeter12345@gmail.com' has been set to element 'Object Repository/android.widget.EditText0 - Email'

2018-07-03 17:51:32 - [MESSAGE][WARNING] - Timeout '0' is invalid. Using default page load timeout: '30'

2018-07-03 17:51:34 - [MESSAGE][PASSED] - Text 'jmeter12345@gmail.com' has been set to element 'Object Repository/android.widget.EditText0 - Email'

2018-07-03 17:51:34 - [TEST_STEP][PASSED] - setText: Text 'y@nzEE2018' has been set to element 'Object Repository/android.widget.EditText1 - Password'

2018-07-03 17:51:34 - [MESSAGE][WARNING] - Timeout '0' is invalid. Using default page load timeout: '30'

2018-07-03 17:51:37 - [MESSAGE][PASSED] - Text 'y@nzEE2018' has been set to element 'Object Repository/android.widget.EditText1 - Password'

2018-07-03 17:51:37 - [TEST_STEP][PASSED] - tap: Tapped on element 'Object Repository/android.widget.Button6 - Sign in'

2018-07-03 17:51:37 - [MESSAGE][WARNING] - Timeout '0' is invalid. Using default page load timeout: '30'

2018-07-03 17:51:40 - [MESSAGE][PASSED] - Tapped on element 'Object Repository/android.widget.Button6 - Sign in'

2018-07-03 17:51:40 - [TEST_STEP][PASSED] - tap: Tapped on element 'Object Repository/android.widget.LinearLayout22'

2018-07-03 17:51:40 - [MESSAGE][WARNING] - Timeout '0' is invalid. Using default page load timeout: '30'

2018-07-03 17:51:49 - [MESSAGE][PASSED] - Tapped on element 'Object Repository/android.widget.LinearLayout22'

2018-07-03 17:51:49 - [TEST_STEP][PASSED] - tap: Tapped on element 'Object Repository/android.widget.ImageView18'

2018-07-03 17:51:49 - [MESSAGE][WARNING] - Timeout '0' is invalid. Using default page load timeout: '30'

2018-07-03 17:51:51 - [MESSAGE][PASSED] - Tapped on element 'Object Repository/android.widget.ImageView18'

2018-07-03 17:51:51 - [TEST_STEP][PASSED] - tap: Tapped on element 'Object Repository/android.widget.CheckedTextView3 - Profile'

2018-07-03 17:51:51 - [MESSAGE][WARNING] - Timeout '0' is invalid. Using default page load timeout: '30'

2018-07-03 17:51:53 - [MESSAGE][PASSED] - Tapped on element 'Object Repository/android.widget.CheckedTextView3 - Profile'

2018-07-03 17:51:53 - [TEST_STEP][PASSED] - Statement - java.lang.Thread.sleep(5000): null

2018-07-03 17:51:58 - [TEST_STEP][PASSED] - Statement - result = com.kms.katalon.core.mobile.keyword.MobileBuiltInKeywords.getText(com.kms.katalon.core.testobject.ObjectRepository.findTestObject(prof_email), 0): Text of element 'Object Repository/prof_email' is: 'jmeter12345@gmail.com'

2018-07-03 17:51:58 - [MESSAGE][WARNING] - Timeout '0' is invalid. Using default page load timeout: '30'

2018-07-03 17:51:59 - [MESSAGE][PASSED] - Text of element 'Object Repository/prof_email' is: 'jmeter12345@gmail.com'

2018-07-03 17:51:59 - [TEST_STEP][PASSED] - Statement - out.println(result): null

2018-07-03 17:51:59 - [TEST_STEP][PASSED] - Statement - If (result.equalsIgnoreCase(email)): null

2018-07-03 17:51:59 - [TEST_STEP][PASSED] - Statement - out.println("Successfully logged in"): null]]></system-out>
         <system-err><![CDATA[]]></system-err>
      </testcase>
      <testcase name="Test Cases/TrainingTest" classname="Test Cases/TrainingTest" status="PASSED">
         <system-out><![CDATA[2018-07-03 17:51:59 - [TEST_CASE][PASSED] - Test Cases/TrainingTest: Test Cases/TrainingTest

2018-07-03 17:51:59 - [TEST_STEP][PASSED] - Statement - driver = com.kms.katalon.core.mobile.keyword.internal.MobileDriverFactory.getDriver(): null

2018-07-03 17:51:59 - [TEST_STEP][PASSED] - Statement - Try: null

2018-07-03 17:51:59 - [TEST_STEP][PASSED] - tap: Tapped on element 'Object Repository/android.widget.LinearLayout22'

2018-07-03 17:51:59 - [MESSAGE][WARNING] - Timeout '0' is invalid. Using default page load timeout: '30'

2018-07-03 17:52:01 - [MESSAGE][PASSED] - Tapped on element 'Object Repository/android.widget.LinearLayout22'

2018-07-03 17:52:01 - [TEST_STEP][PASSED] - tap: Tapped on element 'Object Repository/android.widget.ImageView18'

2018-07-03 17:52:01 - [MESSAGE][WARNING] - Timeout '0' is invalid. Using default page load timeout: '30'

2018-07-03 17:52:03 - [MESSAGE][PASSED] - Tapped on element 'Object Repository/android.widget.ImageView18'

2018-07-03 17:52:03 - [TEST_STEP][PASSED] - tap: Tapped on element 'Object Repository/android.support.v7.widget.LinearLayoutCompat4'

2018-07-03 17:52:03 - [MESSAGE][WARNING] - Timeout '0' is invalid. Using default page load timeout: '30'

2018-07-03 17:52:06 - [MESSAGE][PASSED] - Tapped on element 'Object Repository/android.support.v7.widget.LinearLayoutCompat4'

2018-07-03 17:52:06 - [TEST_STEP][PASSED] - tap: Tapped on element 'Object Repository/android.widget.Button0 - Courses by industry'

2018-07-03 17:52:06 - [MESSAGE][WARNING] - Timeout '0' is invalid. Using default page load timeout: '30'

2018-07-03 17:52:08 - [MESSAGE][PASSED] - Tapped on element 'Object Repository/android.widget.Button0 - Courses by industry'

2018-07-03 17:52:08 - [TEST_STEP][PASSED] - Statement - java.lang.Thread.sleep(4000): null

2018-07-03 17:52:12 - [TEST_STEP][PASSED] - tap: Tapped on element 'Object Repository/indust'

2018-07-03 17:52:12 - [MESSAGE][WARNING] - Timeout '0' is invalid. Using default page load timeout: '30'

2018-07-03 17:52:15 - [MESSAGE][PASSED] - Tapped on element 'Object Repository/indust'

2018-07-03 17:52:15 - [TEST_STEP][PASSED] - Statement - java.lang.Thread.sleep(5000): null

2018-07-03 17:52:20 - [TEST_STEP][PASSED] - Statement - i = 1: null

2018-07-03 17:52:20 - [TEST_STEP][PASSED] - Statement - sel_course = driver.findElement(org.openqa.selenium.By.xpath("//hierarchy/android.widget.FrameLayout[1]/android.widget.LinearLayout[1]/android.widget.FrameLayout[1]/android.widget.LinearLayout[1]/android.widget.FrameLayout[1]/android.support.v4.widget.DrawerLayout[1]/android.view.ViewGroup[1]/android.widget.RelativeLayout[1]/android.widget.ListView[1]/android.widget.RelativeLayout[" + i + "]/android.widget.RelativeLayout[1]")): null

2018-07-03 17:52:20 - [TEST_STEP][PASSED] - Statement - price = sel_course.findElement(org.openqa.selenium.By.id("co.olivemedia.hihoandroidwebapp:id/tv_training_specific_course_price")).getText(): null

2018-07-03 17:52:20 - [TEST_STEP][PASSED] - Statement - row_course = sel_course.findElement(org.openqa.selenium.By.id("co.olivemedia.hihoandroidwebapp:id/rl_training_specific_course")).getText(): null

2018-07-03 17:52:21 - [TEST_STEP][PASSED] - Statement - If (price.equalsIgnoreCase("Free")): null

2018-07-03 17:52:21 - [TEST_STEP][PASSED] - Statement - sel_course.click(): null

2018-07-03 17:52:22 - [TEST_STEP][PASSED] - Statement - java.lang.Thread.sleep(4000): null

2018-07-03 17:52:26 - [TEST_STEP][PASSED] - tap: Tapped on element 'Object Repository/android.widget.Button0 - Enroll'

2018-07-03 17:52:28 - [MESSAGE][PASSED] - Tapped on element 'Object Repository/android.widget.Button0 - Enroll'

2018-07-03 17:52:28 - [TEST_STEP][PASSED] - Statement - java.lang.Thread.sleep(7000): null

2018-07-03 17:52:35 - [TEST_STEP][PASSED] - Statement - While (com.kms.katalon.core.mobile.keyword.MobileBuiltInKeywords.verifyElementExist(com.kms.katalon.core.testobject.ObjectRepository.findTestObject(android.widget.Button0 - Enroll), 0)): null

2018-07-03 17:52:35 - [MESSAGE][WARNING] - Timeout '0' is invalid. Using default page load timeout: '30'

2018-07-03 17:52:35 - [MESSAGE][PASSED] - Element 'Object Repository/android.widget.Button0 - Enroll' is exist

2018-07-03 17:52:35 - [TEST_STEP][PASSED] - tap: Tapped on element 'Object Repository/android.widget.LinearLayout22'

2018-07-03 17:52:35 - [MESSAGE][WARNING] - Timeout '0' is invalid. Using default page load timeout: '30'

2018-07-03 17:52:37 - [MESSAGE][PASSED] - Tapped on element 'Object Repository/android.widget.LinearLayout22'

2018-07-03 17:52:37 - [TEST_STEP][PASSED] - tap: Tapped on element 'Object Repository/android.widget.ImageView18'

2018-07-03 17:52:37 - [MESSAGE][WARNING] - Timeout '0' is invalid. Using default page load timeout: '30'

2018-07-03 17:52:39 - [MESSAGE][PASSED] - Tapped on element 'Object Repository/android.widget.ImageView18'

2018-07-03 17:52:39 - [TEST_STEP][PASSED] - tap: Tapped on element 'Object Repository/android.support.v7.widget.LinearLayoutCompat4'

2018-07-03 17:52:39 - [MESSAGE][WARNING] - Timeout '0' is invalid. Using default page load timeout: '30'

2018-07-03 17:52:41 - [MESSAGE][PASSED] - Tapped on element 'Object Repository/android.support.v7.widget.LinearLayoutCompat4'

2018-07-03 17:52:41 - [TEST_STEP][PASSED] - tap: Tapped on element 'Object Repository/android.widget.Button0 - Courses by industry'

2018-07-03 17:52:41 - [MESSAGE][WARNING] - Timeout '0' is invalid. Using default page load timeout: '30'

2018-07-03 17:52:44 - [MESSAGE][PASSED] - Tapped on element 'Object Repository/android.widget.Button0 - Courses by industry'

2018-07-03 17:52:44 - [TEST_STEP][PASSED] - Statement - java.lang.Thread.sleep(4000): null

2018-07-03 17:52:48 - [TEST_STEP][PASSED] - tap: Tapped on element 'Object Repository/indust'

2018-07-03 17:52:48 - [MESSAGE][WARNING] - Timeout '0' is invalid. Using default page load timeout: '30'

2018-07-03 17:52:51 - [MESSAGE][PASSED] - Tapped on element 'Object Repository/indust'

2018-07-03 17:52:51 - [TEST_STEP][PASSED] - Statement - java.lang.Thread.sleep(4000): null

2018-07-03 17:52:55 - [TEST_STEP][PASSED] - Statement - (i++): null

2018-07-03 17:52:55 - [TEST_STEP][PASSED] - Statement - If (i == 4): null

2018-07-03 17:52:55 - [TEST_STEP][PASSED] - Statement - sel_course2 = driver.findElement(org.openqa.selenium.By.xpath("//hierarchy/android.widget.FrameLayout[1]/android.widget.LinearLayout[1]/android.widget.FrameLayout[1]/android.widget.LinearLayout[1]/android.widget.FrameLayout[1]/android.support.v4.widget.DrawerLayout[1]/android.view.ViewGroup[1]/android.widget.RelativeLayout[1]/android.widget.ListView[1]/android.widget.RelativeLayout[" + i + "]/android.widget.RelativeLayout[1]")): null

2018-07-03 17:52:55 - [TEST_STEP][PASSED] - Statement - price2 = sel_course2.findElement(org.openqa.selenium.By.id("co.olivemedia.hihoandroidwebapp:id/tv_training_specific_course_price")).getText(): null

2018-07-03 17:52:55 - [TEST_STEP][PASSED] - Statement - If (price2.equalsIgnoreCase("Free")): Element 'Object Repository/android.widget.Button0 - Enroll' is exist

2018-07-03 17:52:55 - [TEST_STEP][PASSED] - Statement - sel_course2.click(): null

2018-07-03 17:52:57 - [TEST_STEP][PASSED] - Statement - java.lang.Thread.sleep(4000): null

2018-07-03 17:53:01 - [TEST_STEP][PASSED] - tap: Tapped on element 'Object Repository/android.widget.Button0 - Enroll'

2018-07-03 17:53:03 - [MESSAGE][PASSED] - Tapped on element 'Object Repository/android.widget.Button0 - Enroll'

2018-07-03 17:53:03 - [TEST_STEP][PASSED] - Statement - java.lang.Thread.sleep(7000): Element 'Object Repository/android.widget.Button0 - Enroll' is exist

2018-07-03 17:53:10 - [MESSAGE][WARNING] - Timeout '0' is invalid. Using default page load timeout: '30'

2018-07-03 17:53:10 - [MESSAGE][PASSED] - Element 'Object Repository/android.widget.Button0 - Enroll' is exist

2018-07-03 17:53:10 - [TEST_STEP][PASSED] - tap: Tapped on element 'Object Repository/android.widget.LinearLayout22'

2018-07-03 17:53:10 - [MESSAGE][WARNING] - Timeout '0' is invalid. Using default page load timeout: '30'

2018-07-03 17:53:12 - [MESSAGE][PASSED] - Tapped on element 'Object Repository/android.widget.LinearLayout22'

2018-07-03 17:53:12 - [TEST_STEP][PASSED] - tap: Tapped on element 'Object Repository/android.widget.ImageView18'

2018-07-03 17:53:12 - [MESSAGE][WARNING] - Timeout '0' is invalid. Using default page load timeout: '30'

2018-07-03 17:53:14 - [MESSAGE][PASSED] - Tapped on element 'Object Repository/android.widget.ImageView18'

2018-07-03 17:53:14 - [TEST_STEP][PASSED] - tap: Tapped on element 'Object Repository/android.support.v7.widget.LinearLayoutCompat4'

2018-07-03 17:53:14 - [MESSAGE][WARNING] - Timeout '0' is invalid. Using default page load timeout: '30'

2018-07-03 17:53:16 - [MESSAGE][PASSED] - Tapped on element 'Object Repository/android.support.v7.widget.LinearLayoutCompat4'

2018-07-03 17:53:16 - [TEST_STEP][PASSED] - tap: Tapped on element 'Object Repository/android.widget.Button0 - Courses by industry'

2018-07-03 17:53:16 - [MESSAGE][WARNING] - Timeout '0' is invalid. Using default page load timeout: '30'

2018-07-03 17:53:18 - [MESSAGE][PASSED] - Tapped on element 'Object Repository/android.widget.Button0 - Courses by industry'

2018-07-03 17:53:18 - [TEST_STEP][PASSED] - Statement - java.lang.Thread.sleep(4000): null

2018-07-03 17:53:22 - [TEST_STEP][PASSED] - tap: Tapped on element 'Object Repository/indust'

2018-07-03 17:53:22 - [MESSAGE][WARNING] - Timeout '0' is invalid. Using default page load timeout: '30'

2018-07-03 17:53:25 - [MESSAGE][PASSED] - Tapped on element 'Object Repository/indust'

2018-07-03 17:53:25 - [TEST_STEP][PASSED] - Statement - java.lang.Thread.sleep(4000): null

2018-07-03 17:53:29 - [TEST_STEP][PASSED] - Statement - (i++): null

2018-07-03 17:53:29 - [TEST_STEP][PASSED] - Statement - If (i == 4): null

2018-07-03 17:53:29 - [TEST_STEP][PASSED] - Statement - sel_course2 = driver.findElement(org.openqa.selenium.By.xpath("//hierarchy/android.widget.FrameLayout[1]/android.widget.LinearLayout[1]/android.widget.FrameLayout[1]/android.widget.LinearLayout[1]/android.widget.FrameLayout[1]/android.support.v4.widget.DrawerLayout[1]/android.view.ViewGroup[1]/android.widget.RelativeLayout[1]/android.widget.ListView[1]/android.widget.RelativeLayout[" + i + "]/android.widget.RelativeLayout[1]")): null

2018-07-03 17:53:30 - [TEST_STEP][PASSED] - Statement - price2 = sel_course2.findElement(org.openqa.selenium.By.id("co.olivemedia.hihoandroidwebapp:id/tv_training_specific_course_price")).getText(): null

2018-07-03 17:53:30 - [TEST_STEP][PASSED] - Statement - If (price2.equalsIgnoreCase("Free")): Element 'Object Repository/android.widget.Button0 - Enroll' is exist

2018-07-03 17:53:30 - [TEST_STEP][PASSED] - Statement - sel_course2.click(): null

2018-07-03 17:53:32 - [TEST_STEP][PASSED] - Statement - java.lang.Thread.sleep(4000): null

2018-07-03 17:53:36 - [TEST_STEP][PASSED] - tap: Tapped on element 'Object Repository/android.widget.Button0 - Enroll'

2018-07-03 17:53:37 - [MESSAGE][PASSED] - Tapped on element 'Object Repository/android.widget.Button0 - Enroll'

2018-07-03 17:53:37 - [TEST_STEP][PASSED] - Statement - java.lang.Thread.sleep(7000): Element 'Object Repository/android.widget.Button0 - Enroll' is exist

2018-07-03 17:53:44 - [MESSAGE][WARNING] - Timeout '0' is invalid. Using default page load timeout: '30'

2018-07-03 17:53:45 - [MESSAGE][PASSED] - Element 'Object Repository/android.widget.Button0 - Enroll' is exist

2018-07-03 17:53:45 - [TEST_STEP][PASSED] - tap: Tapped on element 'Object Repository/android.widget.LinearLayout22'

2018-07-03 17:53:45 - [MESSAGE][WARNING] - Timeout '0' is invalid. Using default page load timeout: '30'

2018-07-03 17:53:46 - [MESSAGE][PASSED] - Tapped on element 'Object Repository/android.widget.LinearLayout22'

2018-07-03 17:53:46 - [TEST_STEP][PASSED] - tap: Tapped on element 'Object Repository/android.widget.ImageView18'

2018-07-03 17:53:46 - [MESSAGE][WARNING] - Timeout '0' is invalid. Using default page load timeout: '30'

2018-07-03 17:53:48 - [MESSAGE][PASSED] - Tapped on element 'Object Repository/android.widget.ImageView18'

2018-07-03 17:53:48 - [TEST_STEP][PASSED] - tap: Tapped on element 'Object Repository/android.support.v7.widget.LinearLayoutCompat4'

2018-07-03 17:53:48 - [MESSAGE][WARNING] - Timeout '0' is invalid. Using default page load timeout: '30'

2018-07-03 17:53:50 - [MESSAGE][PASSED] - Tapped on element 'Object Repository/android.support.v7.widget.LinearLayoutCompat4'

2018-07-03 17:53:50 - [TEST_STEP][PASSED] - tap: Tapped on element 'Object Repository/android.widget.Button0 - Courses by industry'

2018-07-03 17:53:50 - [MESSAGE][WARNING] - Timeout '0' is invalid. Using default page load timeout: '30'

2018-07-03 17:53:53 - [MESSAGE][PASSED] - Tapped on element 'Object Repository/android.widget.Button0 - Courses by industry'

2018-07-03 17:53:53 - [TEST_STEP][PASSED] - Statement - java.lang.Thread.sleep(4000): null

2018-07-03 17:53:57 - [TEST_STEP][PASSED] - tap: Tapped on element 'Object Repository/indust'

2018-07-03 17:53:57 - [MESSAGE][WARNING] - Timeout '0' is invalid. Using default page load timeout: '30'

2018-07-03 17:53:59 - [MESSAGE][PASSED] - Tapped on element 'Object Repository/indust'

2018-07-03 17:53:59 - [TEST_STEP][PASSED] - Statement - java.lang.Thread.sleep(4000): null

2018-07-03 17:54:03 - [TEST_STEP][PASSED] - Statement - (i++): null

2018-07-03 17:54:03 - [TEST_STEP][PASSED] - Statement - If (i == 4): null

2018-07-03 17:54:03 - [TEST_STEP][PASSED] - Statement - verticalSwipe(): null

2018-07-03 17:54:03 - [TEST_STEP][PASSED] - Statement - width = com.kms.katalon.core.mobile.keyword.MobileBuiltInKeywords.getDeviceWidth(): Current device physical width is 1440

2018-07-03 17:54:04 - [MESSAGE][PASSED] - Current device physical width is 1440

2018-07-03 17:54:04 - [TEST_STEP][PASSED] - Statement - startX = width / 2: null

2018-07-03 17:54:04 - [TEST_STEP][PASSED] - Statement - endX = startX: null

2018-07-03 17:54:04 - [TEST_STEP][PASSED] - Statement - startY = width * 0.30: null

2018-07-03 17:54:04 - [TEST_STEP][PASSED] - Statement - endY = width * 0.70: null

2018-07-03 17:54:04 - [TEST_STEP][PASSED] - swipe: Swiped from 720,1,008 to 720,432

2018-07-03 17:54:06 - [MESSAGE][PASSED] - Swiped from 720,1,008 to 720,432

2018-07-03 17:54:06 - [TEST_STEP][FAILED] - Statement - java.lang.Thread.sleep(2000): Failed to tap on element 'Object Repository/android.widget.Button0 - Enroll' (Root cause: Object Object Repository/android.widget.Button0 - Enroll not found)

2018-07-03 17:54:08 - [TEST_STEP][PASSED] - Statement - java.lang.Thread.sleep(3000): null

2018-07-03 17:54:11 - [TEST_STEP][PASSED] - Statement - sel_course2 = driver.findElement(org.openqa.selenium.By.xpath("//hierarchy/android.widget.FrameLayout[1]/android.widget.LinearLayout[1]/android.widget.FrameLayout[1]/android.widget.LinearLayout[1]/android.widget.FrameLayout[1]/android.support.v4.widget.DrawerLayout[1]/android.view.ViewGroup[1]/android.widget.RelativeLayout[1]/android.widget.ListView[1]/android.widget.RelativeLayout[" + i + "]/android.widget.RelativeLayout[1]")): null

2018-07-03 17:54:11 - [TEST_STEP][PASSED] - Statement - price2 = sel_course2.findElement(org.openqa.selenium.By.id("co.olivemedia.hihoandroidwebapp:id/tv_training_specific_course_price")).getText(): null

2018-07-03 17:54:11 - [TEST_STEP][FAILED] - Statement - If (price2.equalsIgnoreCase("Free")): Failed to tap on element 'Object Repository/android.widget.Button0 - Enroll' (Root cause: Object Object Repository/android.widget.Button0 - Enroll not found)

2018-07-03 17:54:11 - [TEST_STEP][PASSED] - Statement - sel_course2.click(): null

2018-07-03 17:54:12 - [TEST_STEP][PASSED] - Statement - java.lang.Thread.sleep(4000): null

2018-07-03 17:54:16 - [TEST_STEP][FAILED] - tap: Failed to tap on element 'Object Repository/android.widget.Button0 - Enroll' (Root cause: Object Object Repository/android.widget.Button0 - Enroll not found)

2018-07-03 17:54:21 - [MESSAGE][FAILED] - Object Object Repository/android.widget.Button0 - Enroll not found
[[ATTACHMENT|C:\\Users\\Acer\\Katalon Studio\\HiUpAutomation\\Reports\\HiUpTestSuite\\20180703_175022\\1530619759849.png]]

2018-07-03 17:54:23 - [MESSAGE][FAILED] - Failed to tap on element 'Object Repository/android.widget.Button0 - Enroll' (Root cause: Object Object Repository/android.widget.Button0 - Enroll not found)
[[ATTACHMENT|C:\\Users\\Acer\\Katalon Studio\\HiUpAutomation\\Reports\\HiUpTestSuite\\20180703_175022\\1530619761640.png]]

2018-07-03 17:54:23 - [TEST_STEP][PASSED] - Statement - Catch (Exception e): null

2018-07-03 17:54:23 - [TEST_STEP][PASSED] - Statement - out.println("Unable to apply training course"): null

2018-07-03 17:54:23 - [TEST_STEP][PASSED] - Statement - out.println(e.getMessage()): null]]></system-out>
         <system-err><![CDATA[]]></system-err>
      </testcase>
      <system-out><![CDATA[2018-07-03 17:50:29 - [TEST_SUITE][PASSED] - HiUpTestSuite: Test Cases/TrainingTest]]></system-out>
      <system-err><![CDATA[]]></system-err>
   </testsuite>
</testsuites>
