<?xml version="1.0" encoding="UTF-8"?>
<testsuites name="HiUpTestSuite" time="146" tests="2" failures="0" errors="0">
   <testsuite name="HiUpTestSuite" tests="2" failures="0" errors="0" time="146" timestamp="2018-06-29 14:52:09" hostname="Acer - DESKTOP-O5SIUU5" id="Test Suites/HiUpTestSuite">
      <properties>
         <property name="deviceName" value="samsung SM-G935F (Android 8.0.0)"/>
         <property name="devicePlatform" value=""/>
         <property name="logFolder" value="C:\\Users\\Acer\\Katalon Studio\\HiUpAutomation\\Reports\\HiUpTestSuite\\20180629_145201"/>
         <property name="logFiles" value="C:\\Users\\Acer\\Katalon Studio\\HiUpAutomation\\Reports\\HiUpTestSuite\\20180629_145201\\appium.log, C:\\Users\\Acer\\Katalon Studio\\HiUpAutomation\\Reports\\HiUpTestSuite\\20180629_145201\\execution0.log"/>
         <property name="attachments" value=""/>
         <property name="hostName" value="Acer - DESKTOP-O5SIUU5"/>
         <property name="os" value="Windows 10 64bit"/>
         <property name="katalonVersion" value="5.4.2.1"/>
         <property name="deviceOS" value="Android"/>
         <property name="appiumVersion" value="1.8.1"/>
         <property name="deviceModel" value="SM-G935F"/>
         <property name="hostAddress" value="192.168.210.2"/>
         <property name="deviceManufacturer" value="samsung"/>
         <property name="deviceId" value="ce12160cab7a2c4b0c"/>
         <property name="deviceName" value="samsung SM-G935F (Android 8.0.0)"/>
         <property name="deviceOSVersion" value="8.0.0"/>
      </properties>
      <testcase name="Test Cases/HiUP_LoginTest" classname="Test Cases/HiUP_LoginTest" status="PASSED">
         <system-out><![CDATA[2018-06-29 14:52:10 - [TEST_CASE][PASSED] - Test Cases/HiUP_LoginTest: Test Cases/HiUP_LoginTest

2018-06-29 14:52:10 - [TEST_STEP][PASSED] - Statement - Try: null

2018-06-29 14:52:10 - [TEST_STEP][PASSED] - Statement - email = "jmeter12345@gmail.com": null

2018-06-29 14:52:10 - [TEST_STEP][PASSED] - Statement - pass = "y@nzEE2018": null

2018-06-29 14:52:10 - [TEST_STEP][PASSED] - startApplication: Started app at: 'C:\Users\Acer\Desktop\HiUp_uat_apk\HIUP-2.2.2(68).apk'

2018-06-29 14:52:58 - [MESSAGE][PASSED] - Started app at: 'C:\Users\Acer\Desktop\HiUp_uat_apk\HIUP-2.2.2(68).apk'

2018-06-29 14:52:58 - [TEST_STEP][PASSED] - tap: Tapped on element 'Object Repository/android.widget.LinearLayout22'

2018-06-29 14:52:58 - [MESSAGE][WARNING] - Timeout '0' is invalid. Using default page load timeout: '30'

2018-06-29 14:53:04 - [MESSAGE][PASSED] - Tapped on element 'Object Repository/android.widget.LinearLayout22'

2018-06-29 14:53:04 - [TEST_STEP][PASSED] - tap: Tapped on element 'Object Repository/android.widget.ImageView18'

2018-06-29 14:53:04 - [MESSAGE][WARNING] - Timeout '0' is invalid. Using default page load timeout: '30'

2018-06-29 14:53:08 - [MESSAGE][PASSED] - Tapped on element 'Object Repository/android.widget.ImageView18'

2018-06-29 14:53:08 - [TEST_STEP][PASSED] - tap: Tapped on element 'Object Repository/android.support.v7.widget.LinearLayoutCompat8'

2018-06-29 14:53:08 - [MESSAGE][WARNING] - Timeout '0' is invalid. Using default page load timeout: '30'

2018-06-29 14:53:12 - [MESSAGE][PASSED] - Tapped on element 'Object Repository/android.support.v7.widget.LinearLayoutCompat8'

2018-06-29 14:53:12 - [TEST_STEP][PASSED] - tap: Tapped on element 'Object Repository/android.widget.Button0 - Sign in'

2018-06-29 14:53:12 - [MESSAGE][WARNING] - Timeout '0' is invalid. Using default page load timeout: '30'

2018-06-29 14:53:13 - [MESSAGE][PASSED] - Tapped on element 'Object Repository/android.widget.Button0 - Sign in'

2018-06-29 14:53:13 - [TEST_STEP][PASSED] - tap: Tapped on element 'Object Repository/android.widget.Button1 - LOGIN'

2018-06-29 14:53:13 - [MESSAGE][WARNING] - Timeout '0' is invalid. Using default page load timeout: '30'

2018-06-29 14:53:15 - [MESSAGE][PASSED] - Tapped on element 'Object Repository/android.widget.Button1 - LOGIN'

2018-06-29 14:53:15 - [TEST_STEP][PASSED] - setText: Text 'jmeter12345@gmail.com' has been set to element 'Object Repository/android.widget.EditText0 - Email'

2018-06-29 14:53:15 - [MESSAGE][WARNING] - Timeout '0' is invalid. Using default page load timeout: '30'

2018-06-29 14:53:18 - [MESSAGE][PASSED] - Text 'jmeter12345@gmail.com' has been set to element 'Object Repository/android.widget.EditText0 - Email'

2018-06-29 14:53:18 - [TEST_STEP][PASSED] - setText: Text 'y@nzEE2018' has been set to element 'Object Repository/android.widget.EditText1 - Password'

2018-06-29 14:53:18 - [MESSAGE][WARNING] - Timeout '0' is invalid. Using default page load timeout: '30'

2018-06-29 14:53:21 - [MESSAGE][PASSED] - Text 'y@nzEE2018' has been set to element 'Object Repository/android.widget.EditText1 - Password'

2018-06-29 14:53:21 - [TEST_STEP][PASSED] - tap: Tapped on element 'Object Repository/android.widget.Button6 - Sign in'

2018-06-29 14:53:21 - [MESSAGE][WARNING] - Timeout '0' is invalid. Using default page load timeout: '30'

2018-06-29 14:53:24 - [MESSAGE][PASSED] - Tapped on element 'Object Repository/android.widget.Button6 - Sign in'

2018-06-29 14:53:24 - [TEST_STEP][PASSED] - tap: Tapped on element 'Object Repository/android.widget.LinearLayout22'

2018-06-29 14:53:24 - [MESSAGE][WARNING] - Timeout '0' is invalid. Using default page load timeout: '30'

2018-06-29 14:53:30 - [MESSAGE][PASSED] - Tapped on element 'Object Repository/android.widget.LinearLayout22'

2018-06-29 14:53:30 - [TEST_STEP][PASSED] - tap: Tapped on element 'Object Repository/android.widget.ImageView18'

2018-06-29 14:53:30 - [MESSAGE][WARNING] - Timeout '0' is invalid. Using default page load timeout: '30'

2018-06-29 14:53:32 - [MESSAGE][PASSED] - Tapped on element 'Object Repository/android.widget.ImageView18'

2018-06-29 14:53:32 - [TEST_STEP][PASSED] - tap: Tapped on element 'Object Repository/android.widget.CheckedTextView3 - Profile'

2018-06-29 14:53:32 - [MESSAGE][WARNING] - Timeout '0' is invalid. Using default page load timeout: '30'

2018-06-29 14:53:34 - [MESSAGE][PASSED] - Tapped on element 'Object Repository/android.widget.CheckedTextView3 - Profile'

2018-06-29 14:53:34 - [TEST_STEP][PASSED] - Statement - java.lang.Thread.sleep(5000): null

2018-06-29 14:53:39 - [TEST_STEP][PASSED] - Statement - result = com.kms.katalon.core.mobile.keyword.MobileBuiltInKeywords.getText(com.kms.katalon.core.testobject.ObjectRepository.findTestObject(prof_email), 0): Text of element 'Object Repository/prof_email' is: 'jmeter12345@gmail.com'

2018-06-29 14:53:39 - [MESSAGE][WARNING] - Timeout '0' is invalid. Using default page load timeout: '30'

2018-06-29 14:53:40 - [MESSAGE][PASSED] - Text of element 'Object Repository/prof_email' is: 'jmeter12345@gmail.com'

2018-06-29 14:53:40 - [TEST_STEP][PASSED] - Statement - out.println(result): null

2018-06-29 14:53:40 - [TEST_STEP][PASSED] - Statement - If (result.equalsIgnoreCase(email)): null

2018-06-29 14:53:40 - [TEST_STEP][PASSED] - Statement - out.println("Successfully logged in"): null]]></system-out>
         <system-err><![CDATA[]]></system-err>
      </testcase>
      <testcase name="Test Cases/JobFeedTest" classname="Test Cases/JobFeedTest" status="PASSED">
         <system-out><![CDATA[2018-06-29 14:53:40 - [TEST_CASE][PASSED] - Test Cases/JobFeedTest: Test Cases/JobFeedTest

2018-06-29 14:53:40 - [TEST_STEP][PASSED] - Statement - Try: null

2018-06-29 14:53:40 - [TEST_STEP][PASSED] - tap: Tapped on element 'Object Repository/android.widget.LinearLayout22'

2018-06-29 14:53:40 - [MESSAGE][WARNING] - Timeout '0' is invalid. Using default page load timeout: '30'

2018-06-29 14:53:43 - [MESSAGE][PASSED] - Tapped on element 'Object Repository/android.widget.LinearLayout22'

2018-06-29 14:53:43 - [TEST_STEP][PASSED] - tap: Tapped on element 'Object Repository/android.widget.ImageView18'

2018-06-29 14:53:43 - [MESSAGE][WARNING] - Timeout '0' is invalid. Using default page load timeout: '30'

2018-06-29 14:53:45 - [MESSAGE][PASSED] - Tapped on element 'Object Repository/android.widget.ImageView18'

2018-06-29 14:53:45 - [TEST_STEP][PASSED] - tap: Tapped on element 'Object Repository/android.support.v7.widget.LinearLayoutCompat0'

2018-06-29 14:53:45 - [MESSAGE][WARNING] - Timeout '0' is invalid. Using default page load timeout: '30'

2018-06-29 14:53:47 - [MESSAGE][PASSED] - Tapped on element 'Object Repository/android.support.v7.widget.LinearLayoutCompat0'

2018-06-29 14:53:47 - [TEST_STEP][PASSED] - tap: Tapped on element 'Object Repository/android.widget.Button0 - Refine'

2018-06-29 14:53:47 - [MESSAGE][WARNING] - Timeout '0' is invalid. Using default page load timeout: '30'

2018-06-29 14:53:49 - [MESSAGE][PASSED] - Tapped on element 'Object Repository/android.widget.Button0 - Refine'

2018-06-29 14:53:49 - [TEST_STEP][PASSED] - tap: Tapped on element 'Object Repository/android.widget.Button2 - Reset'

2018-06-29 14:53:49 - [MESSAGE][WARNING] - Timeout '0' is invalid. Using default page load timeout: '30'

2018-06-29 14:53:53 - [MESSAGE][PASSED] - Tapped on element 'Object Repository/android.widget.Button2 - Reset'

2018-06-29 14:53:53 - [TEST_STEP][PASSED] - Statement - java.lang.Thread.sleep(20000): null

2018-06-29 14:54:13 - [TEST_STEP][PASSED] - tap: Tapped on element 'Object Repository/android.widget.ImageView0'

2018-06-29 14:54:13 - [MESSAGE][WARNING] - Timeout '0' is invalid. Using default page load timeout: '30'

2018-06-29 14:54:15 - [MESSAGE][PASSED] - Tapped on element 'Object Repository/android.widget.ImageView0'

2018-06-29 14:54:15 - [TEST_STEP][PASSED] - Statement - java.lang.Thread.sleep(2000): null

2018-06-29 14:54:17 - [TEST_STEP][PASSED] - tap: Tapped on element 'Object Repository/android.widget.Button0 - Apply'

2018-06-29 14:54:17 - [MESSAGE][WARNING] - Timeout '0' is invalid. Using default page load timeout: '30'

2018-06-29 14:54:19 - [MESSAGE][PASSED] - Tapped on element 'Object Repository/android.widget.Button0 - Apply'

2018-06-29 14:54:19 - [TEST_STEP][PASSED] - Statement - java.lang.Thread.sleep(2000): null

2018-06-29 14:54:21 - [TEST_STEP][PASSED] - Statement - If (com.kms.katalon.core.mobile.keyword.MobileBuiltInKeywords.verifyElementExist(com.kms.katalon.core.testobject.ObjectRepository.findTestObject(android.widget.TextView3 - Jobs), 10)): null

2018-06-29 14:54:23 - [MESSAGE][PASSED] - Element 'Object Repository/android.widget.TextView3 - Jobs' is exist

2018-06-29 14:54:23 - [TEST_STEP][PASSED] - Statement - out.println("Job has already been applied."): null

2018-06-29 14:54:23 - [TEST_STEP][PASSED] - Statement - i = 2: null

2018-06-29 14:54:23 - [TEST_STEP][PASSED] - Statement - While (com.kms.katalon.core.mobile.keyword.MobileBuiltInKeywords.verifyElementExist(com.kms.katalon.core.testobject.ObjectRepository.findTestObject(android.widget.TextView3 - Jobs), 10)): Test object with id 'Object Repository//hierarchy/android.widget.FrameLayout/android.widget.LinearLayout/android.widget.FrameLayout/android.widget.LinearLayout/android.widget.FrameLayout/android.support.v4.widget.DrawerLayout/android.view.ViewGroup[1]/android.widget.RelativeLayout/android.widget.ListView/android.widget.LinearLayout[2]/android.widget.RelativeLayout/android.widget.RelativeLayout/android.widget.TextView' does not exist

2018-06-29 14:54:24 - [MESSAGE][PASSED] - Element 'Object Repository/android.widget.TextView3 - Jobs' is exist

2018-06-29 14:54:24 - [TEST_STEP][PASSED] - Statement - If (com.kms.katalon.core.mobile.keyword.MobileBuiltInKeywords.verifyElementExist(com.kms.katalon.core.testobject.ObjectRepository.findTestObject(android.widget.TextView3 - Jobs), 10)): Test object with id 'Object Repository//hierarchy/android.widget.FrameLayout/android.widget.LinearLayout/android.widget.FrameLayout/android.widget.LinearLayout/android.widget.FrameLayout/android.support.v4.widget.DrawerLayout/android.view.ViewGroup[1]/android.widget.RelativeLayout/android.widget.ListView/android.widget.LinearLayout[2]/android.widget.RelativeLayout/android.widget.RelativeLayout/android.widget.TextView' does not exist

2018-06-29 14:54:25 - [MESSAGE][PASSED] - Element 'Object Repository/android.widget.TextView3 - Jobs' is exist

2018-06-29 14:54:25 - [TEST_STEP][PASSED] - tap: Tapped on element 'Object Repository/android.widget.LinearLayout22'

2018-06-29 14:54:25 - [MESSAGE][WARNING] - Timeout '0' is invalid. Using default page load timeout: '30'

2018-06-29 14:54:27 - [MESSAGE][PASSED] - Tapped on element 'Object Repository/android.widget.LinearLayout22'

2018-06-29 14:54:27 - [TEST_STEP][PASSED] - tap: Tapped on element 'Object Repository/android.widget.ImageView18'

2018-06-29 14:54:27 - [MESSAGE][WARNING] - Timeout '0' is invalid. Using default page load timeout: '30'

2018-06-29 14:54:30 - [MESSAGE][PASSED] - Tapped on element 'Object Repository/android.widget.ImageView18'

2018-06-29 14:54:30 - [TEST_STEP][PASSED] - tap: Tapped on element 'Object Repository/android.support.v7.widget.LinearLayoutCompat0'

2018-06-29 14:54:30 - [MESSAGE][WARNING] - Timeout '0' is invalid. Using default page load timeout: '30'

2018-06-29 14:54:33 - [MESSAGE][PASSED] - Tapped on element 'Object Repository/android.support.v7.widget.LinearLayoutCompat0'

2018-06-29 14:54:33 - [TEST_STEP][PASSED] - Statement - jobs = com.kms.katalon.core.mobile.keyword.MobileBuiltInKeywords.tap(com.kms.katalon.core.testobject.ObjectRepository.findTestObject(((/hierarchy/android.widget.FrameLayout/android.widget.LinearLayout/android.widget.FrameLayout/android.widget.LinearLayout/android.widget.FrameLayout/android.support.v4.widget.DrawerLayout/android.view.ViewGroup[1]/android.widget.RelativeLayout/android.widget.ListView/android.widget.LinearLayout[ + i) + ]/android.widget.RelativeLayout/android.widget.RelativeLayout/android.widget.TextView))): Test object with id 'Object Repository//hierarchy/android.widget.FrameLayout/android.widget.LinearLayout/android.widget.FrameLayout/android.widget.LinearLayout/android.widget.FrameLayout/android.support.v4.widget.DrawerLayout/android.view.ViewGroup[1]/android.widget.RelativeLayout/android.widget.ListView/android.widget.LinearLayout[2]/android.widget.RelativeLayout/android.widget.RelativeLayout/android.widget.TextView' does not exist

2018-06-29 14:54:33 - [MESSAGE][WARNING] - Test object with id 'Object Repository//hierarchy/android.widget.FrameLayout/android.widget.LinearLayout/android.widget.FrameLayout/android.widget.LinearLayout/android.widget.FrameLayout/android.support.v4.widget.DrawerLayout/android.view.ViewGroup[1]/android.widget.RelativeLayout/android.widget.ListView/android.widget.LinearLayout[2]/android.widget.RelativeLayout/android.widget.RelativeLayout/android.widget.TextView' does not exist

2018-06-29 14:54:33 - [TEST_STEP][PASSED] - Statement - Catch (Exception e): null

2018-06-29 14:54:33 - [TEST_STEP][PASSED] - Statement - out.println("Unable to test Job Feed Menu."): null

2018-06-29 14:54:33 - [TEST_STEP][PASSED] - Statement - out.println(e.getMessage()): null]]></system-out>
         <system-err><![CDATA[]]></system-err>
      </testcase>
      <system-out><![CDATA[2018-06-29 14:52:09 - [TEST_SUITE][PASSED] - HiUpTestSuite: Test Cases/JobFeedTest]]></system-out>
      <system-err><![CDATA[]]></system-err>
   </testsuite>
</testsuites>
