<?xml version="1.0" encoding="UTF-8"?>
<testsuites name="HiUpTestSuite" time="169" tests="1" failures="2" errors="0">
   <testsuite name="HiUpTestSuite" tests="1" failures="2" errors="0" time="169" timestamp="2018-06-29 17:42:14" hostname="Acer - DESKTOP-O5SIUU5" id="Test Suites/HiUpTestSuite">
      <properties>
         <property name="deviceName" value="samsung SM-G935F (Android 8.0.0)"/>
         <property name="devicePlatform" value=""/>
         <property name="logFolder" value="C:\\Users\\Acer\\Katalon Studio\\HiUpAutomation\\Reports\\HiUpTestSuite\\20180629_174206"/>
         <property name="logFiles" value="C:\\Users\\Acer\\Katalon Studio\\HiUpAutomation\\Reports\\HiUpTestSuite\\20180629_174206\\appium.log, C:\\Users\\Acer\\Katalon Studio\\HiUpAutomation\\Reports\\HiUpTestSuite\\20180629_174206\\execution0.log"/>
         <property name="attachments" value="C:\\Users\\Acer\\Katalon Studio\\HiUpAutomation\\Reports\\HiUpTestSuite\\20180629_174206\\1530273555063.png, C:\\Users\\Acer\\Katalon Studio\\HiUpAutomation\\Reports\\HiUpTestSuite\\20180629_174206\\1530273556069.png, C:\\Users\\Acer\\Katalon Studio\\HiUpAutomation\\Reports\\HiUpTestSuite\\20180629_174206\\1530273599457.png, C:\\Users\\Acer\\Katalon Studio\\HiUpAutomation\\Reports\\HiUpTestSuite\\20180629_174206\\1530273600387.png"/>
         <property name="hostName" value="Acer - DESKTOP-O5SIUU5"/>
         <property name="os" value="Windows 10 64bit"/>
         <property name="katalonVersion" value="5.4.2.1"/>
         <property name="deviceOS" value="Android"/>
         <property name="appiumVersion" value="1.8.1"/>
         <property name="deviceModel" value="SM-G935F"/>
         <property name="hostAddress" value="192.168.210.2"/>
         <property name="deviceManufacturer" value="samsung"/>
         <property name="deviceId" value="ce12160cab7a2c4b0c"/>
         <property name="deviceName" value="samsung SM-G935F (Android 8.0.0)"/>
         <property name="deviceOSVersion" value="8.0.0"/>
      </properties>
      <testcase name="Test Cases/HiUP_LoginTest" classname="Test Cases/HiUP_LoginTest" status="PASSED">
         <system-out><![CDATA[2018-06-29 17:42:14 - [TEST_CASE][PASSED] - Test Cases/HiUP_LoginTest: Test Cases/HiUP_LoginTest

2018-06-29 17:42:14 - [TEST_STEP][PASSED] - Statement - Try: null

2018-06-29 17:42:14 - [TEST_STEP][PASSED] - Statement - email = "jmeter12345@gmail.com": null

2018-06-29 17:42:15 - [TEST_STEP][PASSED] - Statement - pass = "y@nzEE2018": null

2018-06-29 17:42:15 - [TEST_STEP][PASSED] - startApplication: Started app at: 'C:\Users\Acer\Desktop\HiUp_uat_apk\HIUP-2.2.2(68).apk'

2018-06-29 17:43:03 - [MESSAGE][PASSED] - Started app at: 'C:\Users\Acer\Desktop\HiUp_uat_apk\HIUP-2.2.2(68).apk'

2018-06-29 17:43:03 - [TEST_STEP][PASSED] - tap: Tapped on element 'Object Repository/android.widget.LinearLayout22'

2018-06-29 17:43:03 - [MESSAGE][WARNING] - Timeout '0' is invalid. Using default page load timeout: '30'

2018-06-29 17:43:09 - [MESSAGE][PASSED] - Tapped on element 'Object Repository/android.widget.LinearLayout22'

2018-06-29 17:43:09 - [TEST_STEP][PASSED] - tap: Tapped on element 'Object Repository/android.widget.ImageView18'

2018-06-29 17:43:09 - [MESSAGE][WARNING] - Timeout '0' is invalid. Using default page load timeout: '30'

2018-06-29 17:43:12 - [MESSAGE][PASSED] - Tapped on element 'Object Repository/android.widget.ImageView18'

2018-06-29 17:43:12 - [TEST_STEP][PASSED] - tap: Tapped on element 'Object Repository/android.support.v7.widget.LinearLayoutCompat8'

2018-06-29 17:43:12 - [MESSAGE][WARNING] - Timeout '0' is invalid. Using default page load timeout: '30'

2018-06-29 17:43:15 - [MESSAGE][PASSED] - Tapped on element 'Object Repository/android.support.v7.widget.LinearLayoutCompat8'

2018-06-29 17:43:15 - [TEST_STEP][PASSED] - tap: Tapped on element 'Object Repository/android.widget.Button0 - Sign in'

2018-06-29 17:43:16 - [MESSAGE][WARNING] - Timeout '0' is invalid. Using default page load timeout: '30'

2018-06-29 17:43:17 - [MESSAGE][PASSED] - Tapped on element 'Object Repository/android.widget.Button0 - Sign in'

2018-06-29 17:43:17 - [TEST_STEP][PASSED] - tap: Tapped on element 'Object Repository/android.widget.Button1 - LOGIN'

2018-06-29 17:43:17 - [MESSAGE][WARNING] - Timeout '0' is invalid. Using default page load timeout: '30'

2018-06-29 17:43:19 - [MESSAGE][PASSED] - Tapped on element 'Object Repository/android.widget.Button1 - LOGIN'

2018-06-29 17:43:19 - [TEST_STEP][PASSED] - setText: Text 'jmeter12345@gmail.com' has been set to element 'Object Repository/android.widget.EditText0 - Email'

2018-06-29 17:43:19 - [MESSAGE][WARNING] - Timeout '0' is invalid. Using default page load timeout: '30'

2018-06-29 17:43:22 - [MESSAGE][PASSED] - Text 'jmeter12345@gmail.com' has been set to element 'Object Repository/android.widget.EditText0 - Email'

2018-06-29 17:43:22 - [TEST_STEP][PASSED] - setText: Text 'y@nzEE2018' has been set to element 'Object Repository/android.widget.EditText1 - Password'

2018-06-29 17:43:22 - [MESSAGE][WARNING] - Timeout '0' is invalid. Using default page load timeout: '30'

2018-06-29 17:43:25 - [MESSAGE][PASSED] - Text 'y@nzEE2018' has been set to element 'Object Repository/android.widget.EditText1 - Password'

2018-06-29 17:43:25 - [TEST_STEP][PASSED] - tap: Tapped on element 'Object Repository/android.widget.Button6 - Sign in'

2018-06-29 17:43:25 - [MESSAGE][WARNING] - Timeout '0' is invalid. Using default page load timeout: '30'

2018-06-29 17:43:27 - [MESSAGE][PASSED] - Tapped on element 'Object Repository/android.widget.Button6 - Sign in'

2018-06-29 17:43:27 - [TEST_STEP][PASSED] - tap: Tapped on element 'Object Repository/android.widget.LinearLayout22'

2018-06-29 17:43:27 - [MESSAGE][WARNING] - Timeout '0' is invalid. Using default page load timeout: '30'

2018-06-29 17:43:38 - [MESSAGE][PASSED] - Tapped on element 'Object Repository/android.widget.LinearLayout22'

2018-06-29 17:43:38 - [TEST_STEP][PASSED] - tap: Tapped on element 'Object Repository/android.widget.ImageView18'

2018-06-29 17:43:38 - [MESSAGE][WARNING] - Timeout '0' is invalid. Using default page load timeout: '30'

2018-06-29 17:43:40 - [MESSAGE][PASSED] - Tapped on element 'Object Repository/android.widget.ImageView18'

2018-06-29 17:43:40 - [TEST_STEP][PASSED] - tap: Tapped on element 'Object Repository/android.widget.CheckedTextView3 - Profile'

2018-06-29 17:43:40 - [MESSAGE][WARNING] - Timeout '0' is invalid. Using default page load timeout: '30'

2018-06-29 17:43:43 - [MESSAGE][PASSED] - Tapped on element 'Object Repository/android.widget.CheckedTextView3 - Profile'

2018-06-29 17:43:43 - [TEST_STEP][PASSED] - Statement - java.lang.Thread.sleep(5000): null

2018-06-29 17:43:48 - [TEST_STEP][PASSED] - Statement - result = com.kms.katalon.core.mobile.keyword.MobileBuiltInKeywords.getText(com.kms.katalon.core.testobject.ObjectRepository.findTestObject(prof_email), 0): Text of element 'Object Repository/prof_email' is: 'jmeter12345@gmail.com'

2018-06-29 17:43:48 - [MESSAGE][WARNING] - Timeout '0' is invalid. Using default page load timeout: '30'

2018-06-29 17:43:49 - [MESSAGE][PASSED] - Text of element 'Object Repository/prof_email' is: 'jmeter12345@gmail.com'

2018-06-29 17:43:49 - [TEST_STEP][PASSED] - Statement - out.println(result): null

2018-06-29 17:43:49 - [TEST_STEP][PASSED] - Statement - If (result.equalsIgnoreCase(email)): null

2018-06-29 17:43:49 - [TEST_STEP][PASSED] - Statement - out.println("Successfully logged in"): null]]></system-out>
         <system-err><![CDATA[]]></system-err>
      </testcase>
      <testcase name="Test Cases/LogOutTest" classname="Test Cases/LogOutTest" status="FAILED">
         <failure type="FAILED" message="Failed to check for element 'Object Repository/android.widget.TextView3 - Jobs' exist (Root cause: Element 'Object Repository/android.widget.TextView3 - Jobs' not found)"/>
         <system-out><![CDATA[2018-06-29 17:43:49 - [TEST_CASE][FAILED] - Test Cases/LogOutTest: Test Cases/LogOutTest FAILED because (of) Failed to check for element 'Object Repository/android.widget.TextView3 - Jobs' exist (Root cause: Element 'Object Repository/android.widget.TextView3 - Jobs' not found)

2018-06-29 17:43:49 - [TEST_STEP][PASSED] - tap: Tapped on element 'Object Repository/android.widget.LinearLayout22'

2018-06-29 17:43:49 - [MESSAGE][WARNING] - Timeout '0' is invalid. Using default page load timeout: '30'

2018-06-29 17:43:51 - [MESSAGE][PASSED] - Tapped on element 'Object Repository/android.widget.LinearLayout22'

2018-06-29 17:43:51 - [TEST_STEP][PASSED] - tap: Tapped on element 'Object Repository/android.widget.ImageView18'

2018-06-29 17:43:51 - [MESSAGE][WARNING] - Timeout '0' is invalid. Using default page load timeout: '30'

2018-06-29 17:43:53 - [MESSAGE][PASSED] - Tapped on element 'Object Repository/android.widget.ImageView18'

2018-06-29 17:43:53 - [TEST_STEP][PASSED] - tap: Tapped on element 'Object Repository/android.support.v7.widget.LinearLayoutCompat8'

2018-06-29 17:43:53 - [MESSAGE][WARNING] - Timeout '0' is invalid. Using default page load timeout: '30'

2018-06-29 17:43:55 - [MESSAGE][PASSED] - Tapped on element 'Object Repository/android.support.v7.widget.LinearLayoutCompat8'

2018-06-29 17:43:55 - [TEST_STEP][PASSED] - tap: Tapped on element 'Object Repository/android.widget.Button0 - Sign out'

2018-06-29 17:43:55 - [MESSAGE][WARNING] - Timeout '0' is invalid. Using default page load timeout: '30'

2018-06-29 17:43:57 - [MESSAGE][PASSED] - Tapped on element 'Object Repository/android.widget.Button0 - Sign out'

2018-06-29 17:43:57 - [TEST_STEP][PASSED] - tap: Tapped on element 'Object Repository/android.widget.Button1 - YES'

2018-06-29 17:43:57 - [MESSAGE][WARNING] - Timeout '0' is invalid. Using default page load timeout: '30'

2018-06-29 17:43:59 - [MESSAGE][PASSED] - Tapped on element 'Object Repository/android.widget.Button1 - YES'

2018-06-29 17:43:59 - [TEST_STEP][PASSED] - Statement - java.lang.Thread.sleep(5000): null

2018-06-29 17:44:04 - [TEST_STEP][FAILED] - Statement - If (com.kms.katalon.core.mobile.keyword.MobileBuiltInKeywords.verifyElementExist(com.kms.katalon.core.testobject.ObjectRepository.findTestObject(android.widget.TextView3 - Jobs), 10)): Failed to check for element 'Object Repository/android.widget.TextView3 - Jobs' exist (Root cause: Element 'Object Repository/android.widget.TextView3 - Jobs' not found)

2018-06-29 17:44:16 - [MESSAGE][FAILED] - Element 'Object Repository/android.widget.TextView3 - Jobs' not found
[[ATTACHMENT|C:\\Users\\Acer\\Katalon Studio\\HiUpAutomation\\Reports\\HiUpTestSuite\\20180629_174206\\1530273555063.png]]

2018-06-29 17:44:17 - [MESSAGE][FAILED] - Failed to check for element 'Object Repository/android.widget.TextView3 - Jobs' exist (Root cause: Element 'Object Repository/android.widget.TextView3 - Jobs' not found)
[[ATTACHMENT|C:\\Users\\Acer\\Katalon Studio\\HiUpAutomation\\Reports\\HiUpTestSuite\\20180629_174206\\1530273556069.png]]]]></system-out>
         <system-err><![CDATA[2018-06-29 17:43:49 - [TEST_CASE][FAILED] - Test Cases/LogOutTest: Test Cases/LogOutTest FAILED because (of) Failed to check for element 'Object Repository/android.widget.TextView3 - Jobs' exist (Root cause: Element 'Object Repository/android.widget.TextView3 - Jobs' not found)]]></system-err>
      </testcase>
      <testcase name="Test Cases/ForgetPasswordTest" classname="Test Cases/ForgetPasswordTest" status="FAILED">
         <failure type="FAILED" message="Failed to tap on element 'Object Repository/android.widget.Button5 - Forgotten password' (Root cause: Object Object Repository/android.widget.Button5 - Forgotten password not found)"/>
         <system-out><![CDATA[2018-06-29 17:44:17 - [TEST_CASE][FAILED] - Test Cases/ForgetPasswordTest: Test Cases/ForgetPasswordTest FAILED because (of) Failed to tap on element 'Object Repository/android.widget.Button5 - Forgotten password' (Root cause: Object Object Repository/android.widget.Button5 - Forgotten password not found)

2018-06-29 17:44:17 - [TEST_STEP][PASSED] - tap: Tapped on element 'Object Repository/android.widget.LinearLayout22'

2018-06-29 17:44:17 - [MESSAGE][WARNING] - Timeout '0' is invalid. Using default page load timeout: '30'

2018-06-29 17:44:19 - [MESSAGE][PASSED] - Tapped on element 'Object Repository/android.widget.LinearLayout22'

2018-06-29 17:44:19 - [TEST_STEP][PASSED] - tap: Tapped on element 'Object Repository/android.widget.ImageView18'

2018-06-29 17:44:19 - [MESSAGE][WARNING] - Timeout '0' is invalid. Using default page load timeout: '30'

2018-06-29 17:44:24 - [MESSAGE][PASSED] - Tapped on element 'Object Repository/android.widget.ImageView18'

2018-06-29 17:44:24 - [TEST_STEP][PASSED] - tap: Tapped on element 'Object Repository/android.support.v7.widget.LinearLayoutCompat8'

2018-06-29 17:44:24 - [MESSAGE][WARNING] - Timeout '0' is invalid. Using default page load timeout: '30'

2018-06-29 17:44:28 - [MESSAGE][PASSED] - Tapped on element 'Object Repository/android.support.v7.widget.LinearLayoutCompat8'

2018-06-29 17:44:28 - [TEST_STEP][PASSED] - tap: Tapped on element 'Object Repository/android.widget.Button0 - Sign in'

2018-06-29 17:44:28 - [MESSAGE][WARNING] - Timeout '0' is invalid. Using default page load timeout: '30'

2018-06-29 17:44:29 - [MESSAGE][PASSED] - Tapped on element 'Object Repository/android.widget.Button0 - Sign in'

2018-06-29 17:44:29 - [TEST_STEP][FAILED] - tap: Failed to tap on element 'Object Repository/android.widget.Button5 - Forgotten password' (Root cause: Object Object Repository/android.widget.Button5 - Forgotten password not found)

2018-06-29 17:44:29 - [MESSAGE][WARNING] - Timeout '0' is invalid. Using default page load timeout: '30'

2018-06-29 17:45:00 - [MESSAGE][FAILED] - Object Object Repository/android.widget.Button5 - Forgotten password not found
[[ATTACHMENT|C:\\Users\\Acer\\Katalon Studio\\HiUpAutomation\\Reports\\HiUpTestSuite\\20180629_174206\\1530273599457.png]]

2018-06-29 17:45:01 - [MESSAGE][FAILED] - Failed to tap on element 'Object Repository/android.widget.Button5 - Forgotten password' (Root cause: Object Object Repository/android.widget.Button5 - Forgotten password not found)
[[ATTACHMENT|C:\\Users\\Acer\\Katalon Studio\\HiUpAutomation\\Reports\\HiUpTestSuite\\20180629_174206\\1530273600387.png]]]]></system-out>
         <system-err><![CDATA[2018-06-29 17:44:17 - [TEST_CASE][FAILED] - Test Cases/ForgetPasswordTest: Test Cases/ForgetPasswordTest FAILED because (of) Failed to tap on element 'Object Repository/android.widget.Button5 - Forgotten password' (Root cause: Object Object Repository/android.widget.Button5 - Forgotten password not found)]]></system-err>
      </testcase>
      <system-out><![CDATA[2018-06-29 17:42:14 - [TEST_SUITE][FAILED] - HiUpTestSuite: Test Cases/LogOutTest FAILED because (of) Failed to check for element 'Object Repository/android.widget.TextView3 - Jobs' exist (Root cause: Element 'Object Repository/android.widget.TextView3 - Jobs' not found)]]></system-out>
      <system-err><![CDATA[2018-06-29 17:42:14 - [TEST_SUITE][FAILED] - HiUpTestSuite: Test Cases/LogOutTest FAILED because (of) Failed to check for element 'Object Repository/android.widget.TextView3 - Jobs' exist (Root cause: Element 'Object Repository/android.widget.TextView3 - Jobs' not found)]]></system-err>
   </testsuite>
</testsuites>
