<?xml version="1.0" encoding="UTF-8"?>
<testsuites name="HiUpTestSuite" time="182" tests="2" failures="0" errors="0">
   <testsuite name="HiUpTestSuite" tests="2" failures="0" errors="0" time="182" timestamp="2018-08-01 11:51:06" hostname="Acer - DESKTOP-O5SIUU5" id="Test Suites/HiUpTestSuite">
      <properties>
         <property name="deviceName" value="samsung SM-G935F (Android 8.0.0)"/>
         <property name="devicePlatform" value=""/>
         <property name="logFolder" value="C:\\Users\\Acer\\Katalon Studio\\HiUpAutomation\\Reports\\HiUpTestSuite\\20180801_115100"/>
         <property name="logFiles" value="C:\\Users\\Acer\\Katalon Studio\\HiUpAutomation\\Reports\\HiUpTestSuite\\20180801_115100\\appium.log, C:\\Users\\Acer\\Katalon Studio\\HiUpAutomation\\Reports\\HiUpTestSuite\\20180801_115100\\execution0.log"/>
         <property name="attachments" value="C:\\Users\\Acer\\Katalon Studio\\HiUpAutomation\\Reports\\HiUpTestSuite\\20180801_115100\\1533103746455.png"/>
         <property name="hostName" value="Acer - DESKTOP-O5SIUU5"/>
         <property name="os" value="Windows 10 64bit"/>
         <property name="katalonVersion" value="5.4.2.1"/>
         <property name="deviceOS" value="Android"/>
         <property name="appiumVersion" value="1.8.1"/>
         <property name="deviceModel" value="SM-G935F"/>
         <property name="hostAddress" value="192.168.210.2"/>
         <property name="deviceManufacturer" value="samsung"/>
         <property name="deviceId" value="ce12160cab7a2c4b0c"/>
         <property name="deviceName" value="samsung SM-G935F (Android 8.0.0)"/>
         <property name="deviceOSVersion" value="8.0.0"/>
      </properties>
      <testcase name="Test Cases/HiUP_LoginTest" classname="Test Cases/HiUP_LoginTest" status="PASSED">
         <system-out><![CDATA[2018-08-01 11:51:07 - [TEST_CASE][PASSED] - Test Cases/HiUP_LoginTest: Test Cases/HiUP_LoginTest

2018-08-01 11:51:08 - [TEST_STEP][PASSED] - Statement - Try: null

2018-08-01 11:51:08 - [TEST_STEP][PASSED] - Statement - email = "jmeter12345@gmail.com": null

2018-08-01 11:51:08 - [TEST_STEP][PASSED] - Statement - pass = "y@nzEE2018": null

2018-08-01 11:51:08 - [TEST_STEP][PASSED] - startApplication: Started app at: 'C:\Users\Acer\Desktop\HiUp_uat_apk\hiup23.apk'

2018-08-01 11:51:54 - [MESSAGE][PASSED] - Started app at: 'C:\Users\Acer\Desktop\HiUp_uat_apk\hiup23.apk'

2018-08-01 11:51:54 - [TEST_STEP][PASSED] - tap: Tapped on element 'Object Repository/android.widget.LinearLayout22'

2018-08-01 11:51:54 - [MESSAGE][WARNING] - Timeout '0' is invalid. Using default page load timeout: '30'

2018-08-01 11:52:00 - [MESSAGE][PASSED] - Tapped on element 'Object Repository/android.widget.LinearLayout22'

2018-08-01 11:52:00 - [TEST_STEP][PASSED] - tap: Tapped on element 'Object Repository/android.widget.ImageView18'

2018-08-01 11:52:00 - [MESSAGE][WARNING] - Timeout '0' is invalid. Using default page load timeout: '30'

2018-08-01 11:52:03 - [MESSAGE][PASSED] - Tapped on element 'Object Repository/android.widget.ImageView18'

2018-08-01 11:52:03 - [TEST_STEP][PASSED] - tap: Tapped on element 'Object Repository/android.support.v7.widget.LinearLayoutCompat8'

2018-08-01 11:52:03 - [MESSAGE][WARNING] - Timeout '0' is invalid. Using default page load timeout: '30'

2018-08-01 11:52:06 - [MESSAGE][PASSED] - Tapped on element 'Object Repository/android.support.v7.widget.LinearLayoutCompat8'

2018-08-01 11:52:06 - [TEST_STEP][PASSED] - tap: Tapped on element 'Object Repository/android.widget.Button0 - Sign in'

2018-08-01 11:52:06 - [MESSAGE][WARNING] - Timeout '0' is invalid. Using default page load timeout: '30'

2018-08-01 11:52:08 - [MESSAGE][PASSED] - Tapped on element 'Object Repository/android.widget.Button0 - Sign in'

2018-08-01 11:52:08 - [TEST_STEP][PASSED] - tap: Tapped on element 'Object Repository/android.widget.Button1 - LOGIN'

2018-08-01 11:52:08 - [MESSAGE][WARNING] - Timeout '0' is invalid. Using default page load timeout: '30'

2018-08-01 11:52:10 - [MESSAGE][PASSED] - Tapped on element 'Object Repository/android.widget.Button1 - LOGIN'

2018-08-01 11:52:10 - [TEST_STEP][PASSED] - setText: Text 'jmeter12345@gmail.com' has been set to element 'Object Repository/android.widget.EditText0 - Email'

2018-08-01 11:52:10 - [MESSAGE][WARNING] - Timeout '0' is invalid. Using default page load timeout: '30'

2018-08-01 11:52:13 - [MESSAGE][PASSED] - Text 'jmeter12345@gmail.com' has been set to element 'Object Repository/android.widget.EditText0 - Email'

2018-08-01 11:52:13 - [TEST_STEP][PASSED] - setText: Text 'y@nzEE2018' has been set to element 'Object Repository/android.widget.EditText1 - Password'

2018-08-01 11:52:13 - [MESSAGE][WARNING] - Timeout '0' is invalid. Using default page load timeout: '30'

2018-08-01 11:52:16 - [MESSAGE][PASSED] - Text 'y@nzEE2018' has been set to element 'Object Repository/android.widget.EditText1 - Password'

2018-08-01 11:52:16 - [TEST_STEP][PASSED] - tap: Tapped on element 'Object Repository/android.widget.Button6 - Sign in'

2018-08-01 11:52:16 - [MESSAGE][WARNING] - Timeout '0' is invalid. Using default page load timeout: '30'

2018-08-01 11:52:18 - [MESSAGE][PASSED] - Tapped on element 'Object Repository/android.widget.Button6 - Sign in'

2018-08-01 11:52:18 - [TEST_STEP][PASSED] - tap: Tapped on element 'Object Repository/android.widget.LinearLayout22'

2018-08-01 11:52:18 - [MESSAGE][WARNING] - Timeout '0' is invalid. Using default page load timeout: '30'

2018-08-01 11:52:25 - [MESSAGE][PASSED] - Tapped on element 'Object Repository/android.widget.LinearLayout22'

2018-08-01 11:52:25 - [TEST_STEP][PASSED] - tap: Tapped on element 'Object Repository/android.widget.ImageView18'

2018-08-01 11:52:25 - [MESSAGE][WARNING] - Timeout '0' is invalid. Using default page load timeout: '30'

2018-08-01 11:52:27 - [MESSAGE][PASSED] - Tapped on element 'Object Repository/android.widget.ImageView18'

2018-08-01 11:52:27 - [TEST_STEP][PASSED] - tap: Tapped on element 'Object Repository/android.widget.CheckedTextView3 - Profile'

2018-08-01 11:52:27 - [MESSAGE][WARNING] - Timeout '0' is invalid. Using default page load timeout: '30'

2018-08-01 11:52:29 - [MESSAGE][PASSED] - Tapped on element 'Object Repository/android.widget.CheckedTextView3 - Profile'

2018-08-01 11:52:29 - [TEST_STEP][PASSED] - Statement - java.lang.Thread.sleep(5000): null

2018-08-01 11:52:34 - [TEST_STEP][PASSED] - Statement - result = com.kms.katalon.core.mobile.keyword.MobileBuiltInKeywords.getText(com.kms.katalon.core.testobject.ObjectRepository.findTestObject(Prof_email), 0): Text of element 'Object Repository/Prof_email' is: 'jmeter12345@gmail.com'

2018-08-01 11:52:34 - [MESSAGE][WARNING] - Timeout '0' is invalid. Using default page load timeout: '30'

2018-08-01 11:52:35 - [MESSAGE][PASSED] - Text of element 'Object Repository/Prof_email' is: 'jmeter12345@gmail.com'

2018-08-01 11:52:35 - [TEST_STEP][PASSED] - Statement - out.println(result): null

2018-08-01 11:52:35 - [TEST_STEP][PASSED] - Statement - If (result.equalsIgnoreCase(email)): null

2018-08-01 11:52:35 - [TEST_STEP][PASSED] - Statement - out.println("Successfully logged in"): null]]></system-out>
         <system-err><![CDATA[]]></system-err>
      </testcase>
      <testcase name="Test Cases/JobFeedTest" classname="Test Cases/JobFeedTest" status="PASSED">
         <system-out><![CDATA[2018-08-01 11:52:35 - [TEST_CASE][PASSED] - Test Cases/JobFeedTest: Test Cases/JobFeedTest

2018-08-01 11:52:35 - [TEST_STEP][PASSED] - Statement - driver = com.kms.katalon.core.mobile.keyword.internal.MobileDriverFactory.getDriver(): null

2018-08-01 11:52:35 - [TEST_STEP][PASSED] - Statement - Try: null

2018-08-01 11:52:35 - [TEST_STEP][PASSED] - tap: Tapped on element 'Object Repository/android.widget.LinearLayout22'

2018-08-01 11:52:35 - [MESSAGE][WARNING] - Timeout '0' is invalid. Using default page load timeout: '30'

2018-08-01 11:52:37 - [MESSAGE][PASSED] - Tapped on element 'Object Repository/android.widget.LinearLayout22'

2018-08-01 11:52:37 - [TEST_STEP][PASSED] - tap: Tapped on element 'Object Repository/android.widget.ImageView18'

2018-08-01 11:52:37 - [MESSAGE][WARNING] - Timeout '0' is invalid. Using default page load timeout: '30'

2018-08-01 11:52:39 - [MESSAGE][PASSED] - Tapped on element 'Object Repository/android.widget.ImageView18'

2018-08-01 11:52:39 - [TEST_STEP][PASSED] - tap: Tapped on element 'Object Repository/android.support.v7.widget.LinearLayoutCompat0'

2018-08-01 11:52:39 - [MESSAGE][WARNING] - Timeout '0' is invalid. Using default page load timeout: '30'

2018-08-01 11:52:41 - [MESSAGE][PASSED] - Tapped on element 'Object Repository/android.support.v7.widget.LinearLayoutCompat0'

2018-08-01 11:52:41 - [TEST_STEP][PASSED] - tap: Tapped on element 'Object Repository/android.widget.Button0 - Refine'

2018-08-01 11:52:41 - [MESSAGE][WARNING] - Timeout '0' is invalid. Using default page load timeout: '30'

2018-08-01 11:52:44 - [MESSAGE][PASSED] - Tapped on element 'Object Repository/android.widget.Button0 - Refine'

2018-08-01 11:52:44 - [TEST_STEP][PASSED] - tap: Tapped on element 'Object Repository/android.widget.Button2 - Reset'

2018-08-01 11:52:44 - [MESSAGE][WARNING] - Timeout '0' is invalid. Using default page load timeout: '30'

2018-08-01 11:52:46 - [MESSAGE][PASSED] - Tapped on element 'Object Repository/android.widget.Button2 - Reset'

2018-08-01 11:52:46 - [TEST_STEP][PASSED] - Statement - java.lang.Thread.sleep(15000): null

2018-08-01 11:53:01 - [TEST_STEP][PASSED] - tap: Tapped on element 'Object Repository/android.widget.ImageView0'

2018-08-01 11:53:01 - [MESSAGE][WARNING] - Timeout '0' is invalid. Using default page load timeout: '30'

2018-08-01 11:53:06 - [MESSAGE][PASSED] - Tapped on element 'Object Repository/android.widget.ImageView0'

2018-08-01 11:53:06 - [TEST_STEP][PASSED] - Statement - java.lang.Thread.sleep(2000): null

2018-08-01 11:53:08 - [TEST_STEP][PASSED] - Statement - label_job = driver.findElement(org.openqa.selenium.By.id("co.olivemedia.hihoandroidwebapp:id/details_job_label")): null

2018-08-01 11:53:08 - [TEST_STEP][PASSED] - tap: Tapped on element 'Object Repository/android.widget.Button0 - Apply'

2018-08-01 11:53:08 - [MESSAGE][WARNING] - Timeout '0' is invalid. Using default page load timeout: '30'

2018-08-01 11:53:10 - [MESSAGE][PASSED] - Tapped on element 'Object Repository/android.widget.Button0 - Apply'

2018-08-01 11:53:10 - [TEST_STEP][PASSED] - Statement - java.lang.Thread.sleep(2000): null

2018-08-01 11:53:12 - [TEST_STEP][PASSED] - Statement - If (com.kms.katalon.core.mobile.keyword.MobileBuiltInKeywords.verifyElementExist(com.kms.katalon.core.testobject.ObjectRepository.findTestObject(android.widget.TextView3 - Jobs), 30, OPTIONAL)): null

2018-08-01 11:53:13 - [MESSAGE][PASSED] - Element 'Object Repository/android.widget.TextView3 - Jobs' is exist

2018-08-01 11:53:13 - [TEST_STEP][PASSED] - Statement - out.println("Job has already been applied."): null

2018-08-01 11:53:13 - [TEST_STEP][PASSED] - Statement - i = 2: null

2018-08-01 11:53:13 - [TEST_STEP][PASSED] - Statement - While (com.kms.katalon.core.mobile.keyword.MobileBuiltInKeywords.verifyElementExist(com.kms.katalon.core.testobject.ObjectRepository.findTestObject(android.widget.TextView3 - Jobs), 20, OPTIONAL)): null

2018-08-01 11:53:14 - [MESSAGE][PASSED] - Element 'Object Repository/android.widget.TextView3 - Jobs' is exist

2018-08-01 11:53:14 - [TEST_STEP][PASSED] - Statement - out.println("Value of i:" + i): null

2018-08-01 11:53:14 - [TEST_STEP][PASSED] - tap: Tapped on element 'Object Repository/android.widget.LinearLayout22'

2018-08-01 11:53:14 - [MESSAGE][WARNING] - Timeout '0' is invalid. Using default page load timeout: '30'

2018-08-01 11:53:16 - [MESSAGE][PASSED] - Tapped on element 'Object Repository/android.widget.LinearLayout22'

2018-08-01 11:53:16 - [TEST_STEP][PASSED] - tap: Tapped on element 'Object Repository/android.widget.ImageView18'

2018-08-01 11:53:16 - [MESSAGE][WARNING] - Timeout '0' is invalid. Using default page load timeout: '30'

2018-08-01 11:53:18 - [MESSAGE][PASSED] - Tapped on element 'Object Repository/android.widget.ImageView18'

2018-08-01 11:53:18 - [TEST_STEP][PASSED] - tap: Tapped on element 'Object Repository/android.support.v7.widget.LinearLayoutCompat0'

2018-08-01 11:53:18 - [MESSAGE][WARNING] - Timeout '0' is invalid. Using default page load timeout: '30'

2018-08-01 11:53:21 - [MESSAGE][PASSED] - Tapped on element 'Object Repository/android.support.v7.widget.LinearLayoutCompat0'

2018-08-01 11:53:21 - [TEST_STEP][PASSED] - Statement - java.lang.Thread.sleep(5000): null

2018-08-01 11:53:26 - [TEST_STEP][PASSED] - Statement - job_list = driver.findElement(org.openqa.selenium.By.xpath("//hierarchy/android.widget.FrameLayout[1]/android.widget.LinearLayout[1]/android.widget.FrameLayout[1]/android.widget.LinearLayout[1]/android.widget.FrameLayout[1]/android.support.v4.widget.DrawerLayout[1]/android.view.ViewGroup[1]/android.widget.RelativeLayout[1]/android.widget.ListView[1]/android.widget.LinearLayout[" + i + "]/android.widget.RelativeLayout[1]/android.widget.RelativeLayout[1]")): null

2018-08-01 11:53:26 - [TEST_STEP][PASSED] - Statement - job_list.click(): null

2018-08-01 11:53:28 - [TEST_STEP][PASSED] - Statement - out.println("The xpath of job is" + job_list): null

2018-08-01 11:53:28 - [TEST_STEP][PASSED] - Statement - java.lang.Thread.sleep(2000): null

2018-08-01 11:53:30 - [TEST_STEP][PASSED] - tap: Tapped on element 'Object Repository/android.widget.Button0 - Apply'

2018-08-01 11:53:32 - [MESSAGE][PASSED] - Tapped on element 'Object Repository/android.widget.Button0 - Apply'

2018-08-01 11:53:32 - [TEST_STEP][PASSED] - Statement - (i++): null

2018-08-01 11:53:32 - [TEST_STEP][PASSED] - Statement - out.println("Value of other i:" + i): null

2018-08-01 11:53:32 - [TEST_STEP][PASSED] - Statement - java.lang.Thread.sleep(4000): null

2018-08-01 11:53:36 - [TEST_STEP][PASSED] - Statement - If (com.kms.katalon.core.mobile.keyword.MobileBuiltInKeywords.verifyElementNotExist(com.kms.katalon.core.testobject.ObjectRepository.findTestObject(android.widget.TextView3 - Jobs), 20, OPTIONAL)): null

2018-08-01 11:53:56 - [MESSAGE][PASSED] - Element 'Object Repository/android.widget.TextView3 - Jobs' not found

2018-08-01 11:53:56 - [TEST_STEP][PASSED] - Statement - java.lang.Thread.sleep(2000): null

2018-08-01 11:53:58 - [TEST_STEP][PASSED] - setText: Text 'Hi I want this job.' has been set to element 'Object Repository/android.widget.EditText0 - Tell the recruiter why you are ideal for this role and other any information you may think might useful.'

2018-08-01 11:54:00 - [MESSAGE][PASSED] - Text 'Hi I want this job.' has been set to element 'Object Repository/android.widget.EditText0 - Tell the recruiter why you are ideal for this role and other any information you may think might useful.'

2018-08-01 11:54:00 - [TEST_STEP][PASSED] - Statement - verticalSwipe(): null

2018-08-01 11:54:00 - [TEST_STEP][PASSED] - Statement - width = com.kms.katalon.core.mobile.keyword.MobileBuiltInKeywords.getDeviceWidth(): Current device physical width is 1440

2018-08-01 11:54:01 - [MESSAGE][PASSED] - Current device physical width is 1440

2018-08-01 11:54:01 - [TEST_STEP][PASSED] - Statement - startX = width / 2: null

2018-08-01 11:54:01 - [TEST_STEP][PASSED] - Statement - endX = startX: null

2018-08-01 11:54:01 - [TEST_STEP][PASSED] - Statement - startY = width * 0.30: null

2018-08-01 11:54:01 - [TEST_STEP][PASSED] - Statement - endY = width * 0.70: null

2018-08-01 11:54:01 - [TEST_STEP][PASSED] - swipe: Swiped from 720,1,008 to 720,432

2018-08-01 11:54:03 - [MESSAGE][PASSED] - Swiped from 720,1,008 to 720,432

2018-08-01 11:54:03 - [TEST_STEP][FAILED] - Statement - java.lang.Thread.sleep(2000): Cannot hide keyboard (Root cause: org.openqa.selenium.WebDriverException: An unknown server-side error occurred while processing the command. Original error: Soft keyboard not present, cannot hide keyboard (WARNING: The server did not provide any stacktrace information)
Command duration or timeout: 0 milliseconds
Build info: version: '3.7.1', revision: '8a0099a', time: '2017-11-06T21:07:36.161Z'
System info: host: 'DESKTOP-O5SIUU5', ip: '192.168.210.2', os.name: 'Windows 10', os.arch: 'amd64', os.version: '10.0', java.version: '1.8.0_102'
Driver info: com.kms.katalon.core.appium.driver.SwipeableAndroidDriver
Capabilities {Name: appWaitActivity, Value: com.*, app: C:\Users\Acer\Desktop\HiUp_..., appPackage: co.olivemedia.hihoandroidwe..., autoGrantPermissions: true, automationName: uiautomator2, databaseEnabled: false, desired: {Name: appWaitActivity, Value: com.*, app: C:\Users\Acer\Desktop\HiUp_..., autoGrantPermissions: true, automationName: uiautomator2, deviceId: ce12160cab7a2c4b0c, deviceName: samsung SM-G935F (Android 8..., fullReset: true, newCommandTimeout: 1800, noReset: false, platform: ANDROID, platformName: Android, udid: ce12160cab7a2c4b0c}, deviceApiLevel: 26, deviceId: ce12160cab7a2c4b0c, deviceManufacturer: samsung, deviceModel: SM-G935F, deviceName: ce12160cab7a2c4b0c, deviceScreenDensity: 640, deviceScreenSize: 1440x2560, deviceUDID: ce12160cab7a2c4b0c, fullReset: true, javascriptEnabled: true, locationContextEnabled: false, networkConnectionEnabled: true, newCommandTimeout: 1800, noReset: false, pixelRatio: 4, platform: ANDROID, platformName: ANDROID, platformVersion: 8.0.0, statBarHeight: 96, takesScreenshot: true, udid: ce12160cab7a2c4b0c, viewportRect: {height: 2464, left: 0, top: 96, width: 1440}, warnings: {}, webStorageEnabled: false}
Session ID: 37409fd4-2126-4d42-afd5-e35f2ff3e8d0)

2018-08-01 11:54:05 - [TEST_STEP][FAILED] - hideKeyboard: Cannot hide keyboard (Root cause: org.openqa.selenium.WebDriverException: An unknown server-side error occurred while processing the command. Original error: Soft keyboard not present, cannot hide keyboard (WARNING: The server did not provide any stacktrace information)
Command duration or timeout: 0 milliseconds
Build info: version: '3.7.1', revision: '8a0099a', time: '2017-11-06T21:07:36.161Z'
System info: host: 'DESKTOP-O5SIUU5', ip: '192.168.210.2', os.name: 'Windows 10', os.arch: 'amd64', os.version: '10.0', java.version: '1.8.0_102'
Driver info: com.kms.katalon.core.appium.driver.SwipeableAndroidDriver
Capabilities {Name: appWaitActivity, Value: com.*, app: C:\Users\Acer\Desktop\HiUp_..., appPackage: co.olivemedia.hihoandroidwe..., autoGrantPermissions: true, automationName: uiautomator2, databaseEnabled: false, desired: {Name: appWaitActivity, Value: com.*, app: C:\Users\Acer\Desktop\HiUp_..., autoGrantPermissions: true, automationName: uiautomator2, deviceId: ce12160cab7a2c4b0c, deviceName: samsung SM-G935F (Android 8..., fullReset: true, newCommandTimeout: 1800, noReset: false, platform: ANDROID, platformName: Android, udid: ce12160cab7a2c4b0c}, deviceApiLevel: 26, deviceId: ce12160cab7a2c4b0c, deviceManufacturer: samsung, deviceModel: SM-G935F, deviceName: ce12160cab7a2c4b0c, deviceScreenDensity: 640, deviceScreenSize: 1440x2560, deviceUDID: ce12160cab7a2c4b0c, fullReset: true, javascriptEnabled: true, locationContextEnabled: false, networkConnectionEnabled: true, newCommandTimeout: 1800, noReset: false, pixelRatio: 4, platform: ANDROID, platformName: ANDROID, platformVersion: 8.0.0, statBarHeight: 96, takesScreenshot: true, udid: ce12160cab7a2c4b0c, viewportRect: {height: 2464, left: 0, top: 96, width: 1440}, warnings: {}, webStorageEnabled: false}
Session ID: 37409fd4-2126-4d42-afd5-e35f2ff3e8d0)

2018-08-01 11:54:07 - [MESSAGE][FAILED] - Cannot hide keyboard (Root cause: org.openqa.selenium.WebDriverException: An unknown server-side error occurred while processing the command. Original error: Soft keyboard not present, cannot hide keyboard (WARNING: The server did not provide any stacktrace information)
Command duration or timeout: 0 milliseconds
Build info: version: '3.7.1', revision: '8a0099a', time: '2017-11-06T21:07:36.161Z'
System info: host: 'DESKTOP-O5SIUU5', ip: '192.168.210.2', os.name: 'Windows 10', os.arch: 'amd64', os.version: '10.0', java.version: '1.8.0_102'
Driver info: com.kms.katalon.core.appium.driver.SwipeableAndroidDriver
Capabilities {Name: appWaitActivity, Value: com.*, app: C:\Users\Acer\Desktop\HiUp_..., appPackage: co.olivemedia.hihoandroidwe..., autoGrantPermissions: true, automationName: uiautomator2, databaseEnabled: false, desired: {Name: appWaitActivity, Value: com.*, app: C:\Users\Acer\Desktop\HiUp_..., autoGrantPermissions: true, automationName: uiautomator2, deviceId: ce12160cab7a2c4b0c, deviceName: samsung SM-G935F (Android 8..., fullReset: true, newCommandTimeout: 1800, noReset: false, platform: ANDROID, platformName: Android, udid: ce12160cab7a2c4b0c}, deviceApiLevel: 26, deviceId: ce12160cab7a2c4b0c, deviceManufacturer: samsung, deviceModel: SM-G935F, deviceName: ce12160cab7a2c4b0c, deviceScreenDensity: 640, deviceScreenSize: 1440x2560, deviceUDID: ce12160cab7a2c4b0c, fullReset: true, javascriptEnabled: true, locationContextEnabled: false, networkConnectionEnabled: true, newCommandTimeout: 1800, noReset: false, pixelRatio: 4, platform: ANDROID, platformName: ANDROID, platformVersion: 8.0.0, statBarHeight: 96, takesScreenshot: true, udid: ce12160cab7a2c4b0c, viewportRect: {height: 2464, left: 0, top: 96, width: 1440}, warnings: {}, webStorageEnabled: false}
Session ID: 37409fd4-2126-4d42-afd5-e35f2ff3e8d0)
[[ATTACHMENT|C:\\Users\\Acer\\Katalon Studio\\HiUpAutomation\\Reports\\HiUpTestSuite\\20180801_115100\\1533103746455.png]]

2018-08-01 11:54:07 - [TEST_STEP][PASSED] - Statement - Catch (Exception e): null

2018-08-01 11:54:07 - [TEST_STEP][PASSED] - Statement - out.println("Unable to test Job Feed Menu."): null

2018-08-01 11:54:07 - [TEST_STEP][PASSED] - Statement - out.println(e.getMessage()): null]]></system-out>
         <system-err><![CDATA[]]></system-err>
      </testcase>
      <system-out><![CDATA[2018-08-01 11:51:06 - [TEST_SUITE][PASSED] - HiUpTestSuite: Test Cases/JobFeedTest]]></system-out>
      <system-err><![CDATA[]]></system-err>
   </testsuite>
</testsuites>
