<?xml version="1.0" encoding="UTF-8"?>
<testsuites name="HiUpTestSuite" time="188" tests="2" failures="0" errors="0">
   <testsuite name="HiUpTestSuite" tests="2" failures="0" errors="0" time="188" timestamp="2018-08-01 11:42:30" hostname="Acer - DESKTOP-O5SIUU5" id="Test Suites/HiUpTestSuite">
      <properties>
         <property name="deviceName" value="samsung SM-G935F (Android 8.0.0)"/>
         <property name="devicePlatform" value=""/>
         <property name="logFolder" value="C:\\Users\\Acer\\Katalon Studio\\HiUpAutomation\\Reports\\HiUpTestSuite\\20180801_114223"/>
         <property name="logFiles" value="C:\\Users\\Acer\\Katalon Studio\\HiUpAutomation\\Reports\\HiUpTestSuite\\20180801_114223\\appium.log, C:\\Users\\Acer\\Katalon Studio\\HiUpAutomation\\Reports\\HiUpTestSuite\\20180801_114223\\execution0.log"/>
         <property name="attachments" value="C:\\Users\\Acer\\Katalon Studio\\HiUpAutomation\\Reports\\HiUpTestSuite\\20180801_114223\\1533103208551.png"/>
         <property name="hostName" value="Acer - DESKTOP-O5SIUU5"/>
         <property name="os" value="Windows 10 64bit"/>
         <property name="katalonVersion" value="5.4.2.1"/>
         <property name="deviceOS" value="Android"/>
         <property name="appiumVersion" value="1.8.1"/>
         <property name="deviceModel" value="SM-G935F"/>
         <property name="hostAddress" value="192.168.210.2"/>
         <property name="deviceManufacturer" value="samsung"/>
         <property name="deviceId" value="ce12160cab7a2c4b0c"/>
         <property name="deviceName" value="samsung SM-G935F (Android 8.0.0)"/>
         <property name="deviceOSVersion" value="8.0.0"/>
      </properties>
      <testcase name="Test Cases/HiUP_LoginTest" classname="Test Cases/HiUP_LoginTest" status="PASSED">
         <system-out><![CDATA[2018-08-01 11:42:31 - [TEST_CASE][PASSED] - Test Cases/HiUP_LoginTest: Test Cases/HiUP_LoginTest

2018-08-01 11:42:31 - [TEST_STEP][PASSED] - Statement - Try: null

2018-08-01 11:42:31 - [TEST_STEP][PASSED] - Statement - email = "jmeter12345@gmail.com": null

2018-08-01 11:42:31 - [TEST_STEP][PASSED] - Statement - pass = "y@nzEE2018": null

2018-08-01 11:42:31 - [TEST_STEP][PASSED] - startApplication: Started app at: 'C:\Users\Acer\Desktop\HiUp_uat_apk\hiup23.apk'

2018-08-01 11:43:16 - [MESSAGE][PASSED] - Started app at: 'C:\Users\Acer\Desktop\HiUp_uat_apk\hiup23.apk'

2018-08-01 11:43:16 - [TEST_STEP][PASSED] - tap: Tapped on element 'Object Repository/android.widget.LinearLayout22'

2018-08-01 11:43:16 - [MESSAGE][WARNING] - Timeout '0' is invalid. Using default page load timeout: '30'

2018-08-01 11:43:25 - [MESSAGE][PASSED] - Tapped on element 'Object Repository/android.widget.LinearLayout22'

2018-08-01 11:43:25 - [TEST_STEP][PASSED] - tap: Tapped on element 'Object Repository/android.widget.ImageView18'

2018-08-01 11:43:25 - [MESSAGE][WARNING] - Timeout '0' is invalid. Using default page load timeout: '30'

2018-08-01 11:43:28 - [MESSAGE][PASSED] - Tapped on element 'Object Repository/android.widget.ImageView18'

2018-08-01 11:43:28 - [TEST_STEP][PASSED] - tap: Tapped on element 'Object Repository/android.support.v7.widget.LinearLayoutCompat8'

2018-08-01 11:43:28 - [MESSAGE][WARNING] - Timeout '0' is invalid. Using default page load timeout: '30'

2018-08-01 11:43:31 - [MESSAGE][PASSED] - Tapped on element 'Object Repository/android.support.v7.widget.LinearLayoutCompat8'

2018-08-01 11:43:31 - [TEST_STEP][PASSED] - tap: Tapped on element 'Object Repository/android.widget.Button0 - Sign in'

2018-08-01 11:43:31 - [MESSAGE][WARNING] - Timeout '0' is invalid. Using default page load timeout: '30'

2018-08-01 11:43:34 - [MESSAGE][PASSED] - Tapped on element 'Object Repository/android.widget.Button0 - Sign in'

2018-08-01 11:43:34 - [TEST_STEP][PASSED] - tap: Tapped on element 'Object Repository/android.widget.Button1 - LOGIN'

2018-08-01 11:43:34 - [MESSAGE][WARNING] - Timeout '0' is invalid. Using default page load timeout: '30'

2018-08-01 11:43:36 - [MESSAGE][PASSED] - Tapped on element 'Object Repository/android.widget.Button1 - LOGIN'

2018-08-01 11:43:36 - [TEST_STEP][PASSED] - setText: Text 'jmeter12345@gmail.com' has been set to element 'Object Repository/android.widget.EditText0 - Email'

2018-08-01 11:43:36 - [MESSAGE][WARNING] - Timeout '0' is invalid. Using default page load timeout: '30'

2018-08-01 11:43:38 - [MESSAGE][PASSED] - Text 'jmeter12345@gmail.com' has been set to element 'Object Repository/android.widget.EditText0 - Email'

2018-08-01 11:43:38 - [TEST_STEP][PASSED] - setText: Text 'y@nzEE2018' has been set to element 'Object Repository/android.widget.EditText1 - Password'

2018-08-01 11:43:38 - [MESSAGE][WARNING] - Timeout '0' is invalid. Using default page load timeout: '30'

2018-08-01 11:43:41 - [MESSAGE][PASSED] - Text 'y@nzEE2018' has been set to element 'Object Repository/android.widget.EditText1 - Password'

2018-08-01 11:43:41 - [TEST_STEP][PASSED] - tap: Tapped on element 'Object Repository/android.widget.Button6 - Sign in'

2018-08-01 11:43:41 - [MESSAGE][WARNING] - Timeout '0' is invalid. Using default page load timeout: '30'

2018-08-01 11:43:43 - [MESSAGE][PASSED] - Tapped on element 'Object Repository/android.widget.Button6 - Sign in'

2018-08-01 11:43:43 - [TEST_STEP][PASSED] - tap: Tapped on element 'Object Repository/android.widget.LinearLayout22'

2018-08-01 11:43:43 - [MESSAGE][WARNING] - Timeout '0' is invalid. Using default page load timeout: '30'

2018-08-01 11:43:50 - [MESSAGE][PASSED] - Tapped on element 'Object Repository/android.widget.LinearLayout22'

2018-08-01 11:43:50 - [TEST_STEP][PASSED] - tap: Tapped on element 'Object Repository/android.widget.ImageView18'

2018-08-01 11:43:50 - [MESSAGE][WARNING] - Timeout '0' is invalid. Using default page load timeout: '30'

2018-08-01 11:43:53 - [MESSAGE][PASSED] - Tapped on element 'Object Repository/android.widget.ImageView18'

2018-08-01 11:43:53 - [TEST_STEP][PASSED] - tap: Tapped on element 'Object Repository/android.widget.CheckedTextView3 - Profile'

2018-08-01 11:43:53 - [MESSAGE][WARNING] - Timeout '0' is invalid. Using default page load timeout: '30'

2018-08-01 11:43:56 - [MESSAGE][PASSED] - Tapped on element 'Object Repository/android.widget.CheckedTextView3 - Profile'

2018-08-01 11:43:56 - [TEST_STEP][PASSED] - Statement - java.lang.Thread.sleep(5000): null

2018-08-01 11:44:01 - [TEST_STEP][PASSED] - Statement - result = com.kms.katalon.core.mobile.keyword.MobileBuiltInKeywords.getText(com.kms.katalon.core.testobject.ObjectRepository.findTestObject(Prof_email), 0): Text of element 'Object Repository/Prof_email' is: 'jmeter12345@gmail.com'

2018-08-01 11:44:01 - [MESSAGE][WARNING] - Timeout '0' is invalid. Using default page load timeout: '30'

2018-08-01 11:44:02 - [MESSAGE][PASSED] - Text of element 'Object Repository/Prof_email' is: 'jmeter12345@gmail.com'

2018-08-01 11:44:02 - [TEST_STEP][PASSED] - Statement - out.println(result): null

2018-08-01 11:44:02 - [TEST_STEP][PASSED] - Statement - If (result.equalsIgnoreCase(email)): null

2018-08-01 11:44:02 - [TEST_STEP][PASSED] - Statement - out.println("Successfully logged in"): null]]></system-out>
         <system-err><![CDATA[]]></system-err>
      </testcase>
      <testcase name="Test Cases/JobFeedTest" classname="Test Cases/JobFeedTest" status="PASSED">
         <system-out><![CDATA[2018-08-01 11:44:02 - [TEST_CASE][PASSED] - Test Cases/JobFeedTest: Test Cases/JobFeedTest

2018-08-01 11:44:02 - [TEST_STEP][PASSED] - Statement - driver = com.kms.katalon.core.mobile.keyword.internal.MobileDriverFactory.getDriver(): null

2018-08-01 11:44:02 - [TEST_STEP][PASSED] - Statement - Try: null

2018-08-01 11:44:02 - [TEST_STEP][PASSED] - tap: Tapped on element 'Object Repository/android.widget.LinearLayout22'

2018-08-01 11:44:02 - [MESSAGE][WARNING] - Timeout '0' is invalid. Using default page load timeout: '30'

2018-08-01 11:44:04 - [MESSAGE][PASSED] - Tapped on element 'Object Repository/android.widget.LinearLayout22'

2018-08-01 11:44:04 - [TEST_STEP][PASSED] - tap: Tapped on element 'Object Repository/android.widget.ImageView18'

2018-08-01 11:44:04 - [MESSAGE][WARNING] - Timeout '0' is invalid. Using default page load timeout: '30'

2018-08-01 11:44:06 - [MESSAGE][PASSED] - Tapped on element 'Object Repository/android.widget.ImageView18'

2018-08-01 11:44:06 - [TEST_STEP][PASSED] - tap: Tapped on element 'Object Repository/android.support.v7.widget.LinearLayoutCompat0'

2018-08-01 11:44:06 - [MESSAGE][WARNING] - Timeout '0' is invalid. Using default page load timeout: '30'

2018-08-01 11:44:08 - [MESSAGE][PASSED] - Tapped on element 'Object Repository/android.support.v7.widget.LinearLayoutCompat0'

2018-08-01 11:44:08 - [TEST_STEP][PASSED] - tap: Tapped on element 'Object Repository/android.widget.Button0 - Refine'

2018-08-01 11:44:08 - [MESSAGE][WARNING] - Timeout '0' is invalid. Using default page load timeout: '30'

2018-08-01 11:44:11 - [MESSAGE][PASSED] - Tapped on element 'Object Repository/android.widget.Button0 - Refine'

2018-08-01 11:44:11 - [TEST_STEP][PASSED] - tap: Tapped on element 'Object Repository/android.widget.Button2 - Reset'

2018-08-01 11:44:11 - [MESSAGE][WARNING] - Timeout '0' is invalid. Using default page load timeout: '30'

2018-08-01 11:44:13 - [MESSAGE][PASSED] - Tapped on element 'Object Repository/android.widget.Button2 - Reset'

2018-08-01 11:44:13 - [TEST_STEP][PASSED] - Statement - java.lang.Thread.sleep(15000): null

2018-08-01 11:44:28 - [TEST_STEP][PASSED] - tap: Tapped on element 'Object Repository/android.widget.ImageView0'

2018-08-01 11:44:28 - [MESSAGE][WARNING] - Timeout '0' is invalid. Using default page load timeout: '30'

2018-08-01 11:44:32 - [MESSAGE][PASSED] - Tapped on element 'Object Repository/android.widget.ImageView0'

2018-08-01 11:44:32 - [TEST_STEP][PASSED] - Statement - java.lang.Thread.sleep(2000): null

2018-08-01 11:44:34 - [TEST_STEP][PASSED] - Statement - label_job = driver.findElement(org.openqa.selenium.By.id("co.olivemedia.hihoandroidwebapp:id/details_job_label")): null

2018-08-01 11:44:34 - [TEST_STEP][PASSED] - tap: Tapped on element 'Object Repository/android.widget.Button0 - Apply'

2018-08-01 11:44:34 - [MESSAGE][WARNING] - Timeout '0' is invalid. Using default page load timeout: '30'

2018-08-01 11:44:36 - [MESSAGE][PASSED] - Tapped on element 'Object Repository/android.widget.Button0 - Apply'

2018-08-01 11:44:36 - [TEST_STEP][PASSED] - Statement - java.lang.Thread.sleep(2000): null

2018-08-01 11:44:38 - [TEST_STEP][PASSED] - Statement - If (com.kms.katalon.core.mobile.keyword.MobileBuiltInKeywords.verifyElementExist(com.kms.katalon.core.testobject.ObjectRepository.findTestObject(android.widget.TextView3 - Jobs), 30, OPTIONAL)): Element 'Object Repository/android.widget.TextView3 - Jobs' not found

2018-08-01 11:45:09 - [MESSAGE][WARNING] - Element 'Object Repository/android.widget.TextView3 - Jobs' not found
[[ATTACHMENT|C:\\Users\\Acer\\Katalon Studio\\HiUpAutomation\\Reports\\HiUpTestSuite\\20180801_114223\\1533103208551.png]]

2018-08-01 11:45:09 - [TEST_STEP][PASSED] - Statement - Else: null

2018-08-01 11:45:09 - [TEST_STEP][PASSED] - Statement - java.lang.Thread.sleep(5000): null

2018-08-01 11:45:14 - [TEST_STEP][PASSED] - Statement - verticalSwipe(): null

2018-08-01 11:45:14 - [TEST_STEP][PASSED] - Statement - width = com.kms.katalon.core.mobile.keyword.MobileBuiltInKeywords.getDeviceWidth(): Current device physical width is 1440

2018-08-01 11:45:14 - [MESSAGE][PASSED] - Current device physical width is 1440

2018-08-01 11:45:14 - [TEST_STEP][PASSED] - Statement - startX = width / 2: null

2018-08-01 11:45:14 - [TEST_STEP][PASSED] - Statement - endX = startX: null

2018-08-01 11:45:14 - [TEST_STEP][PASSED] - Statement - startY = width * 0.25: null

2018-08-01 11:45:14 - [TEST_STEP][PASSED] - Statement - endY = width * 0.75: null

2018-08-01 11:45:14 - [TEST_STEP][PASSED] - swipe: Swiped from 720,1,080 to 720,360

2018-08-01 11:45:17 - [MESSAGE][PASSED] - Swiped from 720,1,080 to 720,360

2018-08-01 11:45:17 - [TEST_STEP][PASSED] - Statement - java.lang.Thread.sleep(2000): null

2018-08-01 11:45:19 - [TEST_STEP][PASSED] - setText: Text 'Hi I want this job.' has been set to element 'Object Repository/android.widget.EditText0 - Tell the recruiter why you are ideal for this role and other any information you may think might useful.'

2018-08-01 11:45:21 - [MESSAGE][PASSED] - Text 'Hi I want this job.' has been set to element 'Object Repository/android.widget.EditText0 - Tell the recruiter why you are ideal for this role and other any information you may think might useful.'

2018-08-01 11:45:21 - [TEST_STEP][PASSED] - tap: Tapped on element 'Object Repository/android.widget.Button0 - Send Application'

2018-08-01 11:45:25 - [MESSAGE][PASSED] - Tapped on element 'Object Repository/android.widget.Button0 - Send Application'

2018-08-01 11:45:25 - [TEST_STEP][PASSED] - Statement - java.lang.Thread.sleep(10000): null

2018-08-01 11:45:35 - [TEST_STEP][PASSED] - Statement - result = com.kms.katalon.core.mobile.keyword.MobileBuiltInKeywords.getText(com.kms.katalon.core.testobject.ObjectRepository.findTestObject(android.widget.TextView1 - Your application has been sent), 4): Text of element 'Object Repository/android.widget.TextView1 - Your application has been sent' is: 'Your application has been sent'

2018-08-01 11:45:36 - [MESSAGE][PASSED] - Text of element 'Object Repository/android.widget.TextView1 - Your application has been sent' is: 'Your application has been sent'

2018-08-01 11:45:36 - [TEST_STEP][PASSED] - Statement - If (result.equalsIgnoreCase("Your application has been sent")): null

2018-08-01 11:45:36 - [TEST_STEP][PASSED] - Statement - out.println("Selected Application has been applied."): null]]></system-out>
         <system-err><![CDATA[]]></system-err>
      </testcase>
      <system-out><![CDATA[2018-08-01 11:42:30 - [TEST_SUITE][PASSED] - HiUpTestSuite: Test Cases/JobFeedTest]]></system-out>
      <system-err><![CDATA[]]></system-err>
   </testsuite>
</testsuites>
