<?xml version="1.0" encoding="UTF-8"?>
<testsuites name="HiUpTestSuite" time="215" tests="2" failures="0" errors="0">
   <testsuite name="HiUpTestSuite" tests="2" failures="0" errors="0" time="215" timestamp="2018-07-02 11:00:11" hostname="Acer - DESKTOP-O5SIUU5" id="Test Suites/HiUpTestSuite">
      <properties>
         <property name="deviceName" value="samsung SM-G935F (Android 8.0.0)"/>
         <property name="devicePlatform" value=""/>
         <property name="logFolder" value="C:\\Users\\Acer\\Katalon Studio\\HiUpAutomation\\Reports\\HiUpTestSuite\\20180702_110004"/>
         <property name="logFiles" value="C:\\Users\\Acer\\Katalon Studio\\HiUpAutomation\\Reports\\HiUpTestSuite\\20180702_110004\\appium.log, C:\\Users\\Acer\\Katalon Studio\\HiUpAutomation\\Reports\\HiUpTestSuite\\20180702_110004\\execution0.log"/>
         <property name="attachments" value="C:\\Users\\Acer\\Katalon Studio\\HiUpAutomation\\Reports\\HiUpTestSuite\\20180702_110004\\1530508722900.png, C:\\Users\\Acer\\Katalon Studio\\HiUpAutomation\\Reports\\HiUpTestSuite\\20180702_110004\\1530508723963.png"/>
         <property name="hostName" value="Acer - DESKTOP-O5SIUU5"/>
         <property name="os" value="Windows 10 64bit"/>
         <property name="katalonVersion" value="5.4.2.1"/>
         <property name="deviceOS" value="Android"/>
         <property name="appiumVersion" value="1.8.1"/>
         <property name="deviceModel" value="SM-G935F"/>
         <property name="hostAddress" value="192.168.210.2"/>
         <property name="deviceManufacturer" value="samsung"/>
         <property name="deviceId" value="ce12160cab7a2c4b0c"/>
         <property name="deviceName" value="samsung SM-G935F (Android 8.0.0)"/>
         <property name="deviceOSVersion" value="8.0.0"/>
      </properties>
      <testcase name="Test Cases/HiUP_LoginTest" classname="Test Cases/HiUP_LoginTest" status="PASSED">
         <system-out><![CDATA[2018-07-02 11:00:11 - [TEST_CASE][PASSED] - Test Cases/HiUP_LoginTest: Test Cases/HiUP_LoginTest

2018-07-02 11:00:12 - [TEST_STEP][PASSED] - Statement - Try: null

2018-07-02 11:00:12 - [TEST_STEP][PASSED] - Statement - email = "jmeter12345@gmail.com": null

2018-07-02 11:00:12 - [TEST_STEP][PASSED] - Statement - pass = "y@nzEE2018": null

2018-07-02 11:00:12 - [TEST_STEP][PASSED] - startApplication: Started app at: 'C:\Users\Acer\Desktop\HiUp_uat_apk\HIUP-2.2.2(68).apk'

2018-07-02 11:00:58 - [MESSAGE][PASSED] - Started app at: 'C:\Users\Acer\Desktop\HiUp_uat_apk\HIUP-2.2.2(68).apk'

2018-07-02 11:00:58 - [TEST_STEP][PASSED] - tap: Tapped on element 'Object Repository/android.widget.LinearLayout22'

2018-07-02 11:00:59 - [MESSAGE][WARNING] - Timeout '0' is invalid. Using default page load timeout: '30'

2018-07-02 11:01:05 - [MESSAGE][PASSED] - Tapped on element 'Object Repository/android.widget.LinearLayout22'

2018-07-02 11:01:05 - [TEST_STEP][PASSED] - tap: Tapped on element 'Object Repository/android.widget.ImageView18'

2018-07-02 11:01:05 - [MESSAGE][WARNING] - Timeout '0' is invalid. Using default page load timeout: '30'

2018-07-02 11:01:10 - [MESSAGE][PASSED] - Tapped on element 'Object Repository/android.widget.ImageView18'

2018-07-02 11:01:10 - [TEST_STEP][PASSED] - tap: Tapped on element 'Object Repository/android.support.v7.widget.LinearLayoutCompat8'

2018-07-02 11:01:10 - [MESSAGE][WARNING] - Timeout '0' is invalid. Using default page load timeout: '30'

2018-07-02 11:01:14 - [MESSAGE][PASSED] - Tapped on element 'Object Repository/android.support.v7.widget.LinearLayoutCompat8'

2018-07-02 11:01:14 - [TEST_STEP][PASSED] - tap: Tapped on element 'Object Repository/android.widget.Button0 - Sign in'

2018-07-02 11:01:14 - [MESSAGE][WARNING] - Timeout '0' is invalid. Using default page load timeout: '30'

2018-07-02 11:01:16 - [MESSAGE][PASSED] - Tapped on element 'Object Repository/android.widget.Button0 - Sign in'

2018-07-02 11:01:16 - [TEST_STEP][PASSED] - tap: Tapped on element 'Object Repository/android.widget.Button1 - LOGIN'

2018-07-02 11:01:16 - [MESSAGE][WARNING] - Timeout '0' is invalid. Using default page load timeout: '30'

2018-07-02 11:01:17 - [MESSAGE][PASSED] - Tapped on element 'Object Repository/android.widget.Button1 - LOGIN'

2018-07-02 11:01:17 - [TEST_STEP][PASSED] - setText: Text 'jmeter12345@gmail.com' has been set to element 'Object Repository/android.widget.EditText0 - Email'

2018-07-02 11:01:17 - [MESSAGE][WARNING] - Timeout '0' is invalid. Using default page load timeout: '30'

2018-07-02 11:01:20 - [MESSAGE][PASSED] - Text 'jmeter12345@gmail.com' has been set to element 'Object Repository/android.widget.EditText0 - Email'

2018-07-02 11:01:20 - [TEST_STEP][PASSED] - setText: Text 'y@nzEE2018' has been set to element 'Object Repository/android.widget.EditText1 - Password'

2018-07-02 11:01:20 - [MESSAGE][WARNING] - Timeout '0' is invalid. Using default page load timeout: '30'

2018-07-02 11:01:23 - [MESSAGE][PASSED] - Text 'y@nzEE2018' has been set to element 'Object Repository/android.widget.EditText1 - Password'

2018-07-02 11:01:23 - [TEST_STEP][PASSED] - tap: Tapped on element 'Object Repository/android.widget.Button6 - Sign in'

2018-07-02 11:01:23 - [MESSAGE][WARNING] - Timeout '0' is invalid. Using default page load timeout: '30'

2018-07-02 11:01:25 - [MESSAGE][PASSED] - Tapped on element 'Object Repository/android.widget.Button6 - Sign in'

2018-07-02 11:01:25 - [TEST_STEP][PASSED] - tap: Tapped on element 'Object Repository/android.widget.LinearLayout22'

2018-07-02 11:01:25 - [MESSAGE][WARNING] - Timeout '0' is invalid. Using default page load timeout: '30'

2018-07-02 11:01:33 - [MESSAGE][PASSED] - Tapped on element 'Object Repository/android.widget.LinearLayout22'

2018-07-02 11:01:33 - [TEST_STEP][PASSED] - tap: Tapped on element 'Object Repository/android.widget.ImageView18'

2018-07-02 11:01:33 - [MESSAGE][WARNING] - Timeout '0' is invalid. Using default page load timeout: '30'

2018-07-02 11:01:35 - [MESSAGE][PASSED] - Tapped on element 'Object Repository/android.widget.ImageView18'

2018-07-02 11:01:35 - [TEST_STEP][PASSED] - tap: Tapped on element 'Object Repository/android.widget.CheckedTextView3 - Profile'

2018-07-02 11:01:35 - [MESSAGE][WARNING] - Timeout '0' is invalid. Using default page load timeout: '30'

2018-07-02 11:01:38 - [MESSAGE][PASSED] - Tapped on element 'Object Repository/android.widget.CheckedTextView3 - Profile'

2018-07-02 11:01:38 - [TEST_STEP][PASSED] - Statement - java.lang.Thread.sleep(5000): null

2018-07-02 11:01:43 - [TEST_STEP][PASSED] - Statement - result = com.kms.katalon.core.mobile.keyword.MobileBuiltInKeywords.getText(com.kms.katalon.core.testobject.ObjectRepository.findTestObject(prof_email), 0): Text of element 'Object Repository/prof_email' is: 'jmeter12345@gmail.com'

2018-07-02 11:01:43 - [MESSAGE][WARNING] - Timeout '0' is invalid. Using default page load timeout: '30'

2018-07-02 11:01:44 - [MESSAGE][PASSED] - Text of element 'Object Repository/prof_email' is: 'jmeter12345@gmail.com'

2018-07-02 11:01:44 - [TEST_STEP][PASSED] - Statement - out.println(result): null

2018-07-02 11:01:44 - [TEST_STEP][PASSED] - Statement - If (result.equalsIgnoreCase(email)): null

2018-07-02 11:01:44 - [TEST_STEP][PASSED] - Statement - out.println("Successfully logged in"): null]]></system-out>
         <system-err><![CDATA[]]></system-err>
      </testcase>
      <testcase name="Test Cases/JobFeedTest" classname="Test Cases/JobFeedTest" status="PASSED">
         <system-out><![CDATA[2018-07-02 11:01:44 - [TEST_CASE][PASSED] - Test Cases/JobFeedTest: Test Cases/JobFeedTest

2018-07-02 11:01:45 - [TEST_STEP][PASSED] - Statement - Try: Failed to tap on element 'Object Repository/android.widget.Button0 - Apply' (Root cause: Object Object Repository/android.widget.Button0 - Apply not found)

2018-07-02 11:01:45 - [TEST_STEP][PASSED] - tap: Tapped on element 'Object Repository/android.widget.LinearLayout22'

2018-07-02 11:01:45 - [MESSAGE][WARNING] - Timeout '0' is invalid. Using default page load timeout: '30'

2018-07-02 11:01:46 - [MESSAGE][PASSED] - Tapped on element 'Object Repository/android.widget.LinearLayout22'

2018-07-02 11:01:46 - [TEST_STEP][PASSED] - tap: Tapped on element 'Object Repository/android.widget.ImageView18'

2018-07-02 11:01:46 - [MESSAGE][WARNING] - Timeout '0' is invalid. Using default page load timeout: '30'

2018-07-02 11:01:49 - [MESSAGE][PASSED] - Tapped on element 'Object Repository/android.widget.ImageView18'

2018-07-02 11:01:49 - [TEST_STEP][PASSED] - tap: Tapped on element 'Object Repository/android.support.v7.widget.LinearLayoutCompat0'

2018-07-02 11:01:49 - [MESSAGE][WARNING] - Timeout '0' is invalid. Using default page load timeout: '30'

2018-07-02 11:01:51 - [MESSAGE][PASSED] - Tapped on element 'Object Repository/android.support.v7.widget.LinearLayoutCompat0'

2018-07-02 11:01:51 - [TEST_STEP][PASSED] - tap: Tapped on element 'Object Repository/android.widget.Button0 - Refine'

2018-07-02 11:01:51 - [MESSAGE][WARNING] - Timeout '0' is invalid. Using default page load timeout: '30'

2018-07-02 11:01:54 - [MESSAGE][PASSED] - Tapped on element 'Object Repository/android.widget.Button0 - Refine'

2018-07-02 11:01:54 - [TEST_STEP][PASSED] - tap: Tapped on element 'Object Repository/android.widget.Button2 - Reset'

2018-07-02 11:01:54 - [MESSAGE][WARNING] - Timeout '0' is invalid. Using default page load timeout: '30'

2018-07-02 11:01:57 - [MESSAGE][PASSED] - Tapped on element 'Object Repository/android.widget.Button2 - Reset'

2018-07-02 11:01:57 - [TEST_STEP][PASSED] - Statement - java.lang.Thread.sleep(20000): null

2018-07-02 11:02:17 - [TEST_STEP][PASSED] - tap: Tapped on element 'Object Repository/android.widget.ImageView0'

2018-07-02 11:02:17 - [MESSAGE][WARNING] - Timeout '0' is invalid. Using default page load timeout: '30'

2018-07-02 11:02:20 - [MESSAGE][PASSED] - Tapped on element 'Object Repository/android.widget.ImageView0'

2018-07-02 11:02:20 - [TEST_STEP][PASSED] - Statement - java.lang.Thread.sleep(2000): null

2018-07-02 11:02:22 - [TEST_STEP][PASSED] - tap: Tapped on element 'Object Repository/android.widget.Button0 - Apply'

2018-07-02 11:02:22 - [MESSAGE][WARNING] - Timeout '0' is invalid. Using default page load timeout: '30'

2018-07-02 11:02:25 - [MESSAGE][PASSED] - Tapped on element 'Object Repository/android.widget.Button0 - Apply'

2018-07-02 11:02:25 - [TEST_STEP][PASSED] - Statement - java.lang.Thread.sleep(2000): null

2018-07-02 11:02:27 - [TEST_STEP][PASSED] - Statement - If (com.kms.katalon.core.mobile.keyword.MobileBuiltInKeywords.verifyElementExist(com.kms.katalon.core.testobject.ObjectRepository.findTestObject(android.widget.TextView3 - Jobs), 10)): Failed to tap on element 'Object Repository/android.widget.Button0 - Apply' (Root cause: Object Object Repository/android.widget.Button0 - Apply not found)

2018-07-02 11:02:29 - [MESSAGE][PASSED] - Element 'Object Repository/android.widget.TextView3 - Jobs' is exist

2018-07-02 11:02:29 - [TEST_STEP][PASSED] - Statement - out.println("Job has already been applied."): null

2018-07-02 11:02:29 - [TEST_STEP][PASSED] - Statement - i = 2: null

2018-07-02 11:02:29 - [TEST_STEP][PASSED] - Statement - While (com.kms.katalon.core.mobile.keyword.MobileBuiltInKeywords.verifyElementExist(com.kms.katalon.core.testobject.ObjectRepository.findTestObject(android.widget.TextView3 - Jobs), 10)): Failed to tap on element 'Object Repository/android.widget.Button0 - Apply' (Root cause: Object Object Repository/android.widget.Button0 - Apply not found)

2018-07-02 11:02:30 - [MESSAGE][PASSED] - Element 'Object Repository/android.widget.TextView3 - Jobs' is exist

2018-07-02 11:02:30 - [TEST_STEP][PASSED] - Statement - out.println("Value of i:" + i): null

2018-07-02 11:02:30 - [TEST_STEP][PASSED] - tap: Tapped on element 'Object Repository/android.widget.LinearLayout22'

2018-07-02 11:02:30 - [MESSAGE][WARNING] - Timeout '0' is invalid. Using default page load timeout: '30'

2018-07-02 11:02:32 - [MESSAGE][PASSED] - Tapped on element 'Object Repository/android.widget.LinearLayout22'

2018-07-02 11:02:32 - [TEST_STEP][PASSED] - tap: Tapped on element 'Object Repository/android.widget.ImageView18'

2018-07-02 11:02:32 - [MESSAGE][WARNING] - Timeout '0' is invalid. Using default page load timeout: '30'

2018-07-02 11:02:35 - [MESSAGE][PASSED] - Tapped on element 'Object Repository/android.widget.ImageView18'

2018-07-02 11:02:35 - [TEST_STEP][PASSED] - tap: Tapped on element 'Object Repository/android.support.v7.widget.LinearLayoutCompat0'

2018-07-02 11:02:35 - [MESSAGE][WARNING] - Timeout '0' is invalid. Using default page load timeout: '30'

2018-07-02 11:02:38 - [MESSAGE][PASSED] - Tapped on element 'Object Repository/android.support.v7.widget.LinearLayoutCompat0'

2018-07-02 11:02:38 - [TEST_STEP][PASSED] - Statement - java.lang.Thread.sleep(5000): null

2018-07-02 11:02:43 - [TEST_STEP][PASSED] - tap: Tapped on element 'Object Repository/android.widget.RelativeLayout5'

2018-07-02 11:02:45 - [MESSAGE][PASSED] - Tapped on element 'Object Repository/android.widget.RelativeLayout5'

2018-07-02 11:02:45 - [TEST_STEP][PASSED] - Statement - java.lang.Thread.sleep(2000): null

2018-07-02 11:02:47 - [TEST_STEP][PASSED] - tap: Tapped on element 'Object Repository/android.widget.Button0 - Apply'

2018-07-02 11:02:47 - [MESSAGE][WARNING] - Timeout '0' is invalid. Using default page load timeout: '30'

2018-07-02 11:02:49 - [MESSAGE][PASSED] - Tapped on element 'Object Repository/android.widget.Button0 - Apply'

2018-07-02 11:02:49 - [TEST_STEP][PASSED] - Statement - (i++): null

2018-07-02 11:02:49 - [TEST_STEP][PASSED] - Statement - out.println("Value of other i:" + i): null

2018-07-02 11:02:49 - [TEST_STEP][PASSED] - Statement - java.lang.Thread.sleep(4000): Element 'Object Repository/android.widget.TextView3 - Jobs' is exist

2018-07-02 11:02:55 - [MESSAGE][PASSED] - Element 'Object Repository/android.widget.TextView3 - Jobs' is exist

2018-07-02 11:02:55 - [TEST_STEP][PASSED] - Statement - out.println("Value of i:" + i): null

2018-07-02 11:02:55 - [TEST_STEP][PASSED] - tap: Tapped on element 'Object Repository/android.widget.LinearLayout22'

2018-07-02 11:02:55 - [MESSAGE][WARNING] - Timeout '0' is invalid. Using default page load timeout: '30'

2018-07-02 11:02:57 - [MESSAGE][PASSED] - Tapped on element 'Object Repository/android.widget.LinearLayout22'

2018-07-02 11:02:57 - [TEST_STEP][PASSED] - tap: Tapped on element 'Object Repository/android.widget.ImageView18'

2018-07-02 11:02:57 - [MESSAGE][WARNING] - Timeout '0' is invalid. Using default page load timeout: '30'

2018-07-02 11:02:59 - [MESSAGE][PASSED] - Tapped on element 'Object Repository/android.widget.ImageView18'

2018-07-02 11:02:59 - [TEST_STEP][PASSED] - tap: Tapped on element 'Object Repository/android.support.v7.widget.LinearLayoutCompat0'

2018-07-02 11:02:59 - [MESSAGE][WARNING] - Timeout '0' is invalid. Using default page load timeout: '30'

2018-07-02 11:03:03 - [MESSAGE][PASSED] - Tapped on element 'Object Repository/android.support.v7.widget.LinearLayoutCompat0'

2018-07-02 11:03:03 - [TEST_STEP][PASSED] - Statement - java.lang.Thread.sleep(5000): null

2018-07-02 11:03:08 - [TEST_STEP][PASSED] - tap: Tapped on element 'Object Repository/android.widget.RelativeLayout5'

2018-07-02 11:03:10 - [MESSAGE][PASSED] - Tapped on element 'Object Repository/android.widget.RelativeLayout5'

2018-07-02 11:03:10 - [TEST_STEP][PASSED] - Statement - java.lang.Thread.sleep(2000): null

2018-07-02 11:03:12 - [TEST_STEP][FAILED] - tap: Failed to tap on element 'Object Repository/android.widget.Button0 - Apply' (Root cause: Object Object Repository/android.widget.Button0 - Apply not found)

2018-07-02 11:03:12 - [MESSAGE][WARNING] - Timeout '0' is invalid. Using default page load timeout: '30'

2018-07-02 11:03:43 - [MESSAGE][FAILED] - Object Object Repository/android.widget.Button0 - Apply not found
[[ATTACHMENT|C:\\Users\\Acer\\Katalon Studio\\HiUpAutomation\\Reports\\HiUpTestSuite\\20180702_110004\\1530508722900.png]]

2018-07-02 11:03:44 - [MESSAGE][FAILED] - Failed to tap on element 'Object Repository/android.widget.Button0 - Apply' (Root cause: Object Object Repository/android.widget.Button0 - Apply not found)
[[ATTACHMENT|C:\\Users\\Acer\\Katalon Studio\\HiUpAutomation\\Reports\\HiUpTestSuite\\20180702_110004\\1530508723963.png]]

2018-07-02 11:03:44 - [TEST_STEP][PASSED] - Statement - Catch (Exception e): null

2018-07-02 11:03:44 - [TEST_STEP][PASSED] - Statement - out.println("Unable to test Job Feed Menu."): null

2018-07-02 11:03:44 - [TEST_STEP][PASSED] - Statement - out.println(e.getMessage()): null]]></system-out>
         <system-err><![CDATA[]]></system-err>
      </testcase>
      <system-out><![CDATA[2018-07-02 11:00:11 - [TEST_SUITE][PASSED] - HiUpTestSuite: Test Cases/JobFeedTest]]></system-out>
      <system-err><![CDATA[]]></system-err>
   </testsuite>
</testsuites>
