<?xml version="1.0" encoding="UTF-8"?>
<testsuites name="HiUpTestSuite" time="182" tests="2" failures="0" errors="0">
   <testsuite name="HiUpTestSuite" tests="2" failures="0" errors="0" time="182" timestamp="2018-08-01 12:02:13" hostname="Acer - DESKTOP-O5SIUU5" id="Test Suites/HiUpTestSuite">
      <properties>
         <property name="deviceName" value="samsung SM-G935F (Android 8.0.0)"/>
         <property name="devicePlatform" value=""/>
         <property name="logFolder" value="C:\\Users\\Acer\\Katalon Studio\\HiUpAutomation\\Reports\\HiUpTestSuite\\20180801_120207"/>
         <property name="logFiles" value="C:\\Users\\Acer\\Katalon Studio\\HiUpAutomation\\Reports\\HiUpTestSuite\\20180801_120207\\appium.log, C:\\Users\\Acer\\Katalon Studio\\HiUpAutomation\\Reports\\HiUpTestSuite\\20180801_120207\\execution0.log"/>
         <property name="attachments" value=""/>
         <property name="hostName" value="Acer - DESKTOP-O5SIUU5"/>
         <property name="os" value="Windows 10 64bit"/>
         <property name="katalonVersion" value="5.4.2.1"/>
         <property name="deviceOS" value="Android"/>
         <property name="appiumVersion" value="1.8.1"/>
         <property name="deviceModel" value="SM-G935F"/>
         <property name="hostAddress" value="192.168.210.2"/>
         <property name="deviceManufacturer" value="samsung"/>
         <property name="deviceId" value="ce12160cab7a2c4b0c"/>
         <property name="deviceName" value="samsung SM-G935F (Android 8.0.0)"/>
         <property name="deviceOSVersion" value="8.0.0"/>
      </properties>
      <testcase name="Test Cases/HiUP_LoginTest" classname="Test Cases/HiUP_LoginTest" status="PASSED">
         <system-out><![CDATA[2018-08-01 12:02:14 - [TEST_CASE][PASSED] - Test Cases/HiUP_LoginTest: Test Cases/HiUP_LoginTest

2018-08-01 12:02:14 - [TEST_STEP][PASSED] - Statement - Try: null

2018-08-01 12:02:14 - [TEST_STEP][PASSED] - Statement - email = "jmeter12345@gmail.com": null

2018-08-01 12:02:14 - [TEST_STEP][PASSED] - Statement - pass = "y@nzEE2018": null

2018-08-01 12:02:14 - [TEST_STEP][PASSED] - startApplication: Started app at: 'C:\Users\Acer\Desktop\HiUp_uat_apk\hiup23.apk'

2018-08-01 12:03:02 - [MESSAGE][PASSED] - Started app at: 'C:\Users\Acer\Desktop\HiUp_uat_apk\hiup23.apk'

2018-08-01 12:03:02 - [TEST_STEP][PASSED] - tap: Tapped on element 'Object Repository/android.widget.LinearLayout22'

2018-08-01 12:03:02 - [MESSAGE][WARNING] - Timeout '0' is invalid. Using default page load timeout: '30'

2018-08-01 12:03:09 - [MESSAGE][PASSED] - Tapped on element 'Object Repository/android.widget.LinearLayout22'

2018-08-01 12:03:09 - [TEST_STEP][PASSED] - tap: Tapped on element 'Object Repository/android.widget.ImageView18'

2018-08-01 12:03:09 - [MESSAGE][WARNING] - Timeout '0' is invalid. Using default page load timeout: '30'

2018-08-01 12:03:13 - [MESSAGE][PASSED] - Tapped on element 'Object Repository/android.widget.ImageView18'

2018-08-01 12:03:13 - [TEST_STEP][PASSED] - tap: Tapped on element 'Object Repository/android.support.v7.widget.LinearLayoutCompat8'

2018-08-01 12:03:13 - [MESSAGE][WARNING] - Timeout '0' is invalid. Using default page load timeout: '30'

2018-08-01 12:03:16 - [MESSAGE][PASSED] - Tapped on element 'Object Repository/android.support.v7.widget.LinearLayoutCompat8'

2018-08-01 12:03:16 - [TEST_STEP][PASSED] - tap: Tapped on element 'Object Repository/android.widget.Button0 - Sign in'

2018-08-01 12:03:16 - [MESSAGE][WARNING] - Timeout '0' is invalid. Using default page load timeout: '30'

2018-08-01 12:03:18 - [MESSAGE][PASSED] - Tapped on element 'Object Repository/android.widget.Button0 - Sign in'

2018-08-01 12:03:18 - [TEST_STEP][PASSED] - tap: Tapped on element 'Object Repository/android.widget.Button1 - LOGIN'

2018-08-01 12:03:18 - [MESSAGE][WARNING] - Timeout '0' is invalid. Using default page load timeout: '30'

2018-08-01 12:03:20 - [MESSAGE][PASSED] - Tapped on element 'Object Repository/android.widget.Button1 - LOGIN'

2018-08-01 12:03:20 - [TEST_STEP][PASSED] - setText: Text 'jmeter12345@gmail.com' has been set to element 'Object Repository/android.widget.EditText0 - Email'

2018-08-01 12:03:20 - [MESSAGE][WARNING] - Timeout '0' is invalid. Using default page load timeout: '30'

2018-08-01 12:03:22 - [MESSAGE][PASSED] - Text 'jmeter12345@gmail.com' has been set to element 'Object Repository/android.widget.EditText0 - Email'

2018-08-01 12:03:22 - [TEST_STEP][PASSED] - setText: Text 'y@nzEE2018' has been set to element 'Object Repository/android.widget.EditText1 - Password'

2018-08-01 12:03:22 - [MESSAGE][WARNING] - Timeout '0' is invalid. Using default page load timeout: '30'

2018-08-01 12:03:25 - [MESSAGE][PASSED] - Text 'y@nzEE2018' has been set to element 'Object Repository/android.widget.EditText1 - Password'

2018-08-01 12:03:25 - [TEST_STEP][PASSED] - tap: Tapped on element 'Object Repository/android.widget.Button6 - Sign in'

2018-08-01 12:03:26 - [MESSAGE][WARNING] - Timeout '0' is invalid. Using default page load timeout: '30'

2018-08-01 12:03:28 - [MESSAGE][PASSED] - Tapped on element 'Object Repository/android.widget.Button6 - Sign in'

2018-08-01 12:03:28 - [TEST_STEP][PASSED] - tap: Tapped on element 'Object Repository/android.widget.LinearLayout22'

2018-08-01 12:03:28 - [MESSAGE][WARNING] - Timeout '0' is invalid. Using default page load timeout: '30'

2018-08-01 12:03:35 - [MESSAGE][PASSED] - Tapped on element 'Object Repository/android.widget.LinearLayout22'

2018-08-01 12:03:35 - [TEST_STEP][PASSED] - tap: Tapped on element 'Object Repository/android.widget.ImageView18'

2018-08-01 12:03:35 - [MESSAGE][WARNING] - Timeout '0' is invalid. Using default page load timeout: '30'

2018-08-01 12:03:37 - [MESSAGE][PASSED] - Tapped on element 'Object Repository/android.widget.ImageView18'

2018-08-01 12:03:37 - [TEST_STEP][PASSED] - tap: Tapped on element 'Object Repository/android.widget.CheckedTextView3 - Profile'

2018-08-01 12:03:37 - [MESSAGE][WARNING] - Timeout '0' is invalid. Using default page load timeout: '30'

2018-08-01 12:03:39 - [MESSAGE][PASSED] - Tapped on element 'Object Repository/android.widget.CheckedTextView3 - Profile'

2018-08-01 12:03:39 - [TEST_STEP][PASSED] - Statement - java.lang.Thread.sleep(5000): null

2018-08-01 12:03:44 - [TEST_STEP][PASSED] - Statement - result = com.kms.katalon.core.mobile.keyword.MobileBuiltInKeywords.getText(com.kms.katalon.core.testobject.ObjectRepository.findTestObject(Prof_email), 0): Text of element 'Object Repository/Prof_email' is: 'jmeter12345@gmail.com'

2018-08-01 12:03:44 - [MESSAGE][WARNING] - Timeout '0' is invalid. Using default page load timeout: '30'

2018-08-01 12:03:45 - [MESSAGE][PASSED] - Text of element 'Object Repository/Prof_email' is: 'jmeter12345@gmail.com'

2018-08-01 12:03:45 - [TEST_STEP][PASSED] - Statement - out.println(result): null

2018-08-01 12:03:45 - [TEST_STEP][PASSED] - Statement - If (result.equalsIgnoreCase(email)): null

2018-08-01 12:03:45 - [TEST_STEP][PASSED] - Statement - out.println("Successfully logged in"): null]]></system-out>
         <system-err><![CDATA[]]></system-err>
      </testcase>
      <testcase name="Test Cases/JobFeedTest" classname="Test Cases/JobFeedTest" status="PASSED">
         <system-out><![CDATA[2018-08-01 12:03:45 - [TEST_CASE][PASSED] - Test Cases/JobFeedTest: Test Cases/JobFeedTest

2018-08-01 12:03:45 - [TEST_STEP][PASSED] - Statement - driver = com.kms.katalon.core.mobile.keyword.internal.MobileDriverFactory.getDriver(): null

2018-08-01 12:03:45 - [TEST_STEP][PASSED] - Statement - Try: null

2018-08-01 12:03:45 - [TEST_STEP][PASSED] - tap: Tapped on element 'Object Repository/android.widget.LinearLayout22'

2018-08-01 12:03:45 - [MESSAGE][WARNING] - Timeout '0' is invalid. Using default page load timeout: '30'

2018-08-01 12:03:47 - [MESSAGE][PASSED] - Tapped on element 'Object Repository/android.widget.LinearLayout22'

2018-08-01 12:03:47 - [TEST_STEP][PASSED] - tap: Tapped on element 'Object Repository/android.widget.ImageView18'

2018-08-01 12:03:47 - [MESSAGE][WARNING] - Timeout '0' is invalid. Using default page load timeout: '30'

2018-08-01 12:03:49 - [MESSAGE][PASSED] - Tapped on element 'Object Repository/android.widget.ImageView18'

2018-08-01 12:03:49 - [TEST_STEP][PASSED] - tap: Tapped on element 'Object Repository/android.support.v7.widget.LinearLayoutCompat0'

2018-08-01 12:03:49 - [MESSAGE][WARNING] - Timeout '0' is invalid. Using default page load timeout: '30'

2018-08-01 12:03:52 - [MESSAGE][PASSED] - Tapped on element 'Object Repository/android.support.v7.widget.LinearLayoutCompat0'

2018-08-01 12:03:52 - [TEST_STEP][PASSED] - tap: Tapped on element 'Object Repository/android.widget.Button0 - Refine'

2018-08-01 12:03:52 - [MESSAGE][WARNING] - Timeout '0' is invalid. Using default page load timeout: '30'

2018-08-01 12:03:54 - [MESSAGE][PASSED] - Tapped on element 'Object Repository/android.widget.Button0 - Refine'

2018-08-01 12:03:54 - [TEST_STEP][PASSED] - tap: Tapped on element 'Object Repository/android.widget.Button2 - Reset'

2018-08-01 12:03:54 - [MESSAGE][WARNING] - Timeout '0' is invalid. Using default page load timeout: '30'

2018-08-01 12:03:57 - [MESSAGE][PASSED] - Tapped on element 'Object Repository/android.widget.Button2 - Reset'

2018-08-01 12:03:57 - [TEST_STEP][PASSED] - Statement - java.lang.Thread.sleep(15000): null

2018-08-01 12:04:12 - [TEST_STEP][PASSED] - tap: Tapped on element 'Object Repository/android.widget.ImageView0'

2018-08-01 12:04:12 - [MESSAGE][WARNING] - Timeout '0' is invalid. Using default page load timeout: '30'

2018-08-01 12:04:14 - [MESSAGE][PASSED] - Tapped on element 'Object Repository/android.widget.ImageView0'

2018-08-01 12:04:14 - [TEST_STEP][PASSED] - Statement - java.lang.Thread.sleep(2000): null

2018-08-01 12:04:16 - [TEST_STEP][PASSED] - Statement - label_job = driver.findElement(org.openqa.selenium.By.id("co.olivemedia.hihoandroidwebapp:id/details_job_label")): null

2018-08-01 12:04:16 - [TEST_STEP][PASSED] - tap: Tapped on element 'Object Repository/android.widget.Button0 - Apply'

2018-08-01 12:04:16 - [MESSAGE][WARNING] - Timeout '0' is invalid. Using default page load timeout: '30'

2018-08-01 12:04:19 - [MESSAGE][PASSED] - Tapped on element 'Object Repository/android.widget.Button0 - Apply'

2018-08-01 12:04:19 - [TEST_STEP][PASSED] - Statement - java.lang.Thread.sleep(5000): null

2018-08-01 12:04:24 - [TEST_STEP][PASSED] - Statement - If (com.kms.katalon.core.mobile.keyword.MobileBuiltInKeywords.verifyElementExist(com.kms.katalon.core.testobject.ObjectRepository.findTestObject(android.widget.TextView3 - Jobs), 30, OPTIONAL)): null

2018-08-01 12:04:24 - [MESSAGE][PASSED] - Element 'Object Repository/android.widget.TextView3 - Jobs' is exist

2018-08-01 12:04:24 - [TEST_STEP][PASSED] - Statement - out.println("Job has already been applied."): null

2018-08-01 12:04:24 - [TEST_STEP][PASSED] - Statement - java.lang.Thread.sleep(5000): null

2018-08-01 12:04:29 - [TEST_STEP][PASSED] - Statement - i = 2: null

2018-08-01 12:04:29 - [TEST_STEP][PASSED] - Statement - While (com.kms.katalon.core.mobile.keyword.MobileBuiltInKeywords.verifyElementExist(com.kms.katalon.core.testobject.ObjectRepository.findTestObject(android.widget.TextView3 - Jobs), 20, OPTIONAL)): Failed to set text into element (Root cause: java.lang.NullPointerException)

2018-08-01 12:04:30 - [MESSAGE][PASSED] - Element 'Object Repository/android.widget.TextView3 - Jobs' is exist

2018-08-01 12:04:30 - [TEST_STEP][PASSED] - Statement - out.println("Value of i:" + i): null

2018-08-01 12:04:30 - [TEST_STEP][PASSED] - tap: Tapped on element 'Object Repository/android.widget.LinearLayout22'

2018-08-01 12:04:30 - [MESSAGE][WARNING] - Timeout '0' is invalid. Using default page load timeout: '30'

2018-08-01 12:04:32 - [MESSAGE][PASSED] - Tapped on element 'Object Repository/android.widget.LinearLayout22'

2018-08-01 12:04:32 - [TEST_STEP][PASSED] - tap: Tapped on element 'Object Repository/android.widget.ImageView18'

2018-08-01 12:04:32 - [MESSAGE][WARNING] - Timeout '0' is invalid. Using default page load timeout: '30'

2018-08-01 12:04:34 - [MESSAGE][PASSED] - Tapped on element 'Object Repository/android.widget.ImageView18'

2018-08-01 12:04:34 - [TEST_STEP][PASSED] - tap: Tapped on element 'Object Repository/android.support.v7.widget.LinearLayoutCompat0'

2018-08-01 12:04:34 - [MESSAGE][WARNING] - Timeout '0' is invalid. Using default page load timeout: '30'

2018-08-01 12:04:37 - [MESSAGE][PASSED] - Tapped on element 'Object Repository/android.support.v7.widget.LinearLayoutCompat0'

2018-08-01 12:04:37 - [TEST_STEP][PASSED] - Statement - java.lang.Thread.sleep(5000): null

2018-08-01 12:04:42 - [TEST_STEP][PASSED] - Statement - job_list = driver.findElement(org.openqa.selenium.By.xpath("//hierarchy/android.widget.FrameLayout[1]/android.widget.LinearLayout[1]/android.widget.FrameLayout[1]/android.widget.LinearLayout[1]/android.widget.FrameLayout[1]/android.support.v4.widget.DrawerLayout[1]/android.view.ViewGroup[1]/android.widget.RelativeLayout[1]/android.widget.ListView[1]/android.widget.LinearLayout[" + i + "]/android.widget.RelativeLayout[1]/android.widget.RelativeLayout[1]")): null

2018-08-01 12:04:43 - [TEST_STEP][PASSED] - Statement - job_list.click(): null

2018-08-01 12:04:44 - [TEST_STEP][PASSED] - Statement - out.println("The xpath of job is" + job_list): null

2018-08-01 12:04:44 - [TEST_STEP][PASSED] - Statement - java.lang.Thread.sleep(2000): null

2018-08-01 12:04:46 - [TEST_STEP][PASSED] - tap: Tapped on element 'Object Repository/android.widget.Button0 - Apply'

2018-08-01 12:04:48 - [MESSAGE][PASSED] - Tapped on element 'Object Repository/android.widget.Button0 - Apply'

2018-08-01 12:04:48 - [TEST_STEP][PASSED] - Statement - (i++): null

2018-08-01 12:04:48 - [TEST_STEP][PASSED] - Statement - out.println("Value of other i:" + i): null

2018-08-01 12:04:48 - [TEST_STEP][PASSED] - Statement - java.lang.Thread.sleep(4000): null

2018-08-01 12:04:52 - [TEST_STEP][PASSED] - Statement - If (com.kms.katalon.core.mobile.keyword.MobileBuiltInKeywords.verifyElementNotExist(com.kms.katalon.core.testobject.ObjectRepository.findTestObject(android.widget.TextView3 - Jobs), 20, OPTIONAL)): Failed to set text into element (Root cause: java.lang.NullPointerException)

2018-08-01 12:05:12 - [MESSAGE][PASSED] - Element 'Object Repository/android.widget.TextView3 - Jobs' not found

2018-08-01 12:05:12 - [TEST_STEP][PASSED] - Statement - java.lang.Thread.sleep(2000): null

2018-08-01 12:05:14 - [TEST_STEP][FAILED] - setText: Failed to set text into element (Root cause: java.lang.NullPointerException)

2018-08-01 12:05:15 - [MESSAGE][WARNING] - Cannot take screenshot

2018-08-01 12:05:15 - [MESSAGE][FAILED] - Failed to set text into element (Root cause: java.lang.NullPointerException)

2018-08-01 12:05:15 - [TEST_STEP][PASSED] - Statement - Catch (Exception e): null

2018-08-01 12:05:15 - [TEST_STEP][PASSED] - Statement - out.println("Unable to test Job Feed Menu."): null

2018-08-01 12:05:15 - [TEST_STEP][PASSED] - Statement - out.println(e.getMessage()): null]]></system-out>
         <system-err><![CDATA[]]></system-err>
      </testcase>
      <system-out><![CDATA[2018-08-01 12:02:13 - [TEST_SUITE][PASSED] - HiUpTestSuite: Test Cases/JobFeedTest]]></system-out>
      <system-err><![CDATA[]]></system-err>
   </testsuite>
</testsuites>
