<?xml version="1.0" encoding="UTF-8"?>
<testsuites name="HiUpTestSuite" time="77" tests="2" failures="0" errors="0">
   <testsuite name="HiUpTestSuite" tests="2" failures="0" errors="0" time="77" timestamp="2018-08-01 11:06:20" hostname="Acer - DESKTOP-O5SIUU5" id="Test Suites/HiUpTestSuite">
      <properties>
         <property name="deviceName" value="samsung SM-G935F (Android 8.0.0)"/>
         <property name="devicePlatform" value=""/>
         <property name="logFolder" value="C:\\Users\\Acer\\Katalon Studio\\HiUpAutomation\\Reports\\HiUpTestSuite\\20180801_110613"/>
         <property name="logFiles" value="C:\\Users\\Acer\\Katalon Studio\\HiUpAutomation\\Reports\\HiUpTestSuite\\20180801_110613\\appium.log, C:\\Users\\Acer\\Katalon Studio\\HiUpAutomation\\Reports\\HiUpTestSuite\\20180801_110613\\execution0.log"/>
         <property name="attachments" value="C:\\Users\\Acer\\Katalon Studio\\HiUpAutomation\\Reports\\HiUpTestSuite\\20180801_110613\\1533100951383.png"/>
         <property name="hostName" value="Acer - DESKTOP-O5SIUU5"/>
         <property name="os" value="Windows 10 64bit"/>
         <property name="katalonVersion" value="5.4.2.1"/>
         <property name="deviceOS" value="Android"/>
         <property name="appiumVersion" value="1.8.1"/>
         <property name="deviceModel" value="SM-G935F"/>
         <property name="hostAddress" value="192.168.210.2"/>
         <property name="deviceManufacturer" value="samsung"/>
         <property name="deviceId" value="ce12160cab7a2c4b0c"/>
         <property name="deviceName" value="samsung SM-G935F (Android 8.0.0)"/>
         <property name="deviceOSVersion" value="8.0.0"/>
      </properties>
      <testcase name="Test Cases/HiUP_LoginTest" classname="Test Cases/HiUP_LoginTest" status="PASSED">
         <system-out><![CDATA[2018-08-01 11:06:21 - [TEST_CASE][PASSED] - Test Cases/HiUP_LoginTest: Test Cases/HiUP_LoginTest

2018-08-01 11:06:22 - [TEST_STEP][FAILED] - Statement - Try: Failed to tap on element 'Object Repository/android.widget.LinearLayout22' (Root cause: org.openqa.selenium.NoSuchElementException: An element could not be located on the page using the given search parameters. (WARNING: The server did not provide any stacktrace information)
Command duration or timeout: 0 milliseconds
For documentation on this error, please visit: http://seleniumhq.org/exceptions/no_such_element.html
Build info: version: '3.7.1', revision: '8a0099a', time: '2017-11-06T21:07:36.161Z'
System info: host: 'DESKTOP-O5SIUU5', ip: '192.168.210.2', os.name: 'Windows 10', os.arch: 'amd64', os.version: '10.0', java.version: '1.8.0_102'
Driver info: com.kms.katalon.core.appium.driver.SwipeableAndroidDriver
Capabilities {Name: appWaitActivity, Value: com.*, app: C:\Users\Acer\Desktop\HiUp_..., appPackage: co.olivemedia.hihoandroidwe..., autoGrantPermissions: true, automationName: uiautomator2, databaseEnabled: false, desired: {Name: appWaitActivity, Value: com.*, app: C:\Users\Acer\Desktop\HiUp_..., autoGrantPermissions: true, automationName: uiautomator2, deviceId: ce12160cab7a2c4b0c, deviceName: samsung SM-G935F (Android 8..., fullReset: true, newCommandTimeout: 1800, noReset: false, platform: ANDROID, platformName: Android, udid: ce12160cab7a2c4b0c}, deviceApiLevel: 26, deviceId: ce12160cab7a2c4b0c, deviceManufacturer: samsung, deviceModel: SM-G935F, deviceName: ce12160cab7a2c4b0c, deviceScreenDensity: 640, deviceScreenSize: 1440x2560, deviceUDID: ce12160cab7a2c4b0c, fullReset: true, javascriptEnabled: true, locationContextEnabled: false, networkConnectionEnabled: true, newCommandTimeout: 1800, noReset: false, pixelRatio: 4, platform: ANDROID, platformName: ANDROID, platformVersion: 8.0.0, statBarHeight: 96, takesScreenshot: true, udid: ce12160cab7a2c4b0c, viewportRect: {height: 2464, left: 0, top: 96, width: 1440}, warnings: {}, webStorageEnabled: false}
Session ID: 3a4be0f1-03c5-4610-b0e5-4569dec602b6)

2018-08-01 11:06:22 - [TEST_STEP][PASSED] - Statement - email = "jmeter12345@gmail.com": null

2018-08-01 11:06:22 - [TEST_STEP][PASSED] - Statement - pass = "y@nzEE2018": null

2018-08-01 11:06:22 - [TEST_STEP][PASSED] - startApplication: Started app at: 'C:\Users\Acer\Desktop\HiUp_uat_apk\hiup23.apk'

2018-08-01 11:07:13 - [MESSAGE][PASSED] - Started app at: 'C:\Users\Acer\Desktop\HiUp_uat_apk\hiup23.apk'

2018-08-01 11:07:13 - [TEST_STEP][FAILED] - tap: Failed to tap on element 'Object Repository/android.widget.LinearLayout22' (Root cause: org.openqa.selenium.NoSuchElementException: An element could not be located on the page using the given search parameters. (WARNING: The server did not provide any stacktrace information)
Command duration or timeout: 0 milliseconds
For documentation on this error, please visit: http://seleniumhq.org/exceptions/no_such_element.html
Build info: version: '3.7.1', revision: '8a0099a', time: '2017-11-06T21:07:36.161Z'
System info: host: 'DESKTOP-O5SIUU5', ip: '192.168.210.2', os.name: 'Windows 10', os.arch: 'amd64', os.version: '10.0', java.version: '1.8.0_102'
Driver info: com.kms.katalon.core.appium.driver.SwipeableAndroidDriver
Capabilities {Name: appWaitActivity, Value: com.*, app: C:\Users\Acer\Desktop\HiUp_..., appPackage: co.olivemedia.hihoandroidwe..., autoGrantPermissions: true, automationName: uiautomator2, databaseEnabled: false, desired: {Name: appWaitActivity, Value: com.*, app: C:\Users\Acer\Desktop\HiUp_..., autoGrantPermissions: true, automationName: uiautomator2, deviceId: ce12160cab7a2c4b0c, deviceName: samsung SM-G935F (Android 8..., fullReset: true, newCommandTimeout: 1800, noReset: false, platform: ANDROID, platformName: Android, udid: ce12160cab7a2c4b0c}, deviceApiLevel: 26, deviceId: ce12160cab7a2c4b0c, deviceManufacturer: samsung, deviceModel: SM-G935F, deviceName: ce12160cab7a2c4b0c, deviceScreenDensity: 640, deviceScreenSize: 1440x2560, deviceUDID: ce12160cab7a2c4b0c, fullReset: true, javascriptEnabled: true, locationContextEnabled: false, networkConnectionEnabled: true, newCommandTimeout: 1800, noReset: false, pixelRatio: 4, platform: ANDROID, platformName: ANDROID, platformVersion: 8.0.0, statBarHeight: 96, takesScreenshot: true, udid: ce12160cab7a2c4b0c, viewportRect: {height: 2464, left: 0, top: 96, width: 1440}, warnings: {}, webStorageEnabled: false}
Session ID: 3a4be0f1-03c5-4610-b0e5-4569dec602b6)

2018-08-01 11:07:13 - [MESSAGE][WARNING] - Timeout '0' is invalid. Using default page load timeout: '30'

2018-08-01 11:07:33 - [MESSAGE][FAILED] - Failed to tap on element 'Object Repository/android.widget.LinearLayout22' (Root cause: org.openqa.selenium.NoSuchElementException: An element could not be located on the page using the given search parameters. (WARNING: The server did not provide any stacktrace information)
Command duration or timeout: 0 milliseconds
For documentation on this error, please visit: http://seleniumhq.org/exceptions/no_such_element.html
Build info: version: '3.7.1', revision: '8a0099a', time: '2017-11-06T21:07:36.161Z'
System info: host: 'DESKTOP-O5SIUU5', ip: '192.168.210.2', os.name: 'Windows 10', os.arch: 'amd64', os.version: '10.0', java.version: '1.8.0_102'
Driver info: com.kms.katalon.core.appium.driver.SwipeableAndroidDriver
Capabilities {Name: appWaitActivity, Value: com.*, app: C:\Users\Acer\Desktop\HiUp_..., appPackage: co.olivemedia.hihoandroidwe..., autoGrantPermissions: true, automationName: uiautomator2, databaseEnabled: false, desired: {Name: appWaitActivity, Value: com.*, app: C:\Users\Acer\Desktop\HiUp_..., autoGrantPermissions: true, automationName: uiautomator2, deviceId: ce12160cab7a2c4b0c, deviceName: samsung SM-G935F (Android 8..., fullReset: true, newCommandTimeout: 1800, noReset: false, platform: ANDROID, platformName: Android, udid: ce12160cab7a2c4b0c}, deviceApiLevel: 26, deviceId: ce12160cab7a2c4b0c, deviceManufacturer: samsung, deviceModel: SM-G935F, deviceName: ce12160cab7a2c4b0c, deviceScreenDensity: 640, deviceScreenSize: 1440x2560, deviceUDID: ce12160cab7a2c4b0c, fullReset: true, javascriptEnabled: true, locationContextEnabled: false, networkConnectionEnabled: true, newCommandTimeout: 1800, noReset: false, pixelRatio: 4, platform: ANDROID, platformName: ANDROID, platformVersion: 8.0.0, statBarHeight: 96, takesScreenshot: true, udid: ce12160cab7a2c4b0c, viewportRect: {height: 2464, left: 0, top: 96, width: 1440}, warnings: {}, webStorageEnabled: false}
Session ID: 3a4be0f1-03c5-4610-b0e5-4569dec602b6)
[[ATTACHMENT|C:\\Users\\Acer\\Katalon Studio\\HiUpAutomation\\Reports\\HiUpTestSuite\\20180801_110613\\1533100951383.png]]

2018-08-01 11:07:33 - [TEST_STEP][PASSED] - Statement - Catch (Exception e): null

2018-08-01 11:07:33 - [TEST_STEP][PASSED] - Statement - out.println("Unable to login"): null

2018-08-01 11:07:33 - [TEST_STEP][PASSED] - Statement - out.println(e.getMessage()): null]]></system-out>
         <system-err><![CDATA[]]></system-err>
      </testcase>
      <testcase name="Test Cases/JobFeedTest" classname="Test Cases/JobFeedTest" status="PASSED">
         <system-out><![CDATA[2018-08-01 11:07:33 - [TEST_CASE][PASSED] - Test Cases/JobFeedTest: Test Cases/JobFeedTest

2018-08-01 11:07:34 - [TEST_STEP][PASSED] - Statement - driver = com.kms.katalon.core.mobile.keyword.internal.MobileDriverFactory.getDriver(): null

2018-08-01 11:07:34 - [TEST_STEP][FAILED] - Statement - Try: Failed to tap on element 'Object Repository/android.widget.LinearLayout22' (Root cause: org.openqa.selenium.WebDriverException: An unknown server-side error occurred while processing the command. Original error: Could not proxy command to remote server. Original error: Error: socket hang up (WARNING: The server did not provide any stacktrace information)
Command duration or timeout: 0 milliseconds
Build info: version: '3.7.1', revision: '8a0099a', time: '2017-11-06T21:07:36.161Z'
System info: host: 'DESKTOP-O5SIUU5', ip: '192.168.210.2', os.name: 'Windows 10', os.arch: 'amd64', os.version: '10.0', java.version: '1.8.0_102'
Driver info: com.kms.katalon.core.appium.driver.SwipeableAndroidDriver
Capabilities {Name: appWaitActivity, Value: com.*, app: C:\Users\Acer\Desktop\HiUp_..., appPackage: co.olivemedia.hihoandroidwe..., autoGrantPermissions: true, automationName: uiautomator2, databaseEnabled: false, desired: {Name: appWaitActivity, Value: com.*, app: C:\Users\Acer\Desktop\HiUp_..., autoGrantPermissions: true, automationName: uiautomator2, deviceId: ce12160cab7a2c4b0c, deviceName: samsung SM-G935F (Android 8..., fullReset: true, newCommandTimeout: 1800, noReset: false, platform: ANDROID, platformName: Android, udid: ce12160cab7a2c4b0c}, deviceApiLevel: 26, deviceId: ce12160cab7a2c4b0c, deviceManufacturer: samsung, deviceModel: SM-G935F, deviceName: ce12160cab7a2c4b0c, deviceScreenDensity: 640, deviceScreenSize: 1440x2560, deviceUDID: ce12160cab7a2c4b0c, fullReset: true, javascriptEnabled: true, locationContextEnabled: false, networkConnectionEnabled: true, newCommandTimeout: 1800, noReset: false, pixelRatio: 4, platform: ANDROID, platformName: ANDROID, platformVersion: 8.0.0, statBarHeight: 96, takesScreenshot: true, udid: ce12160cab7a2c4b0c, viewportRect: {height: 2464, left: 0, top: 96, width: 1440}, warnings: {}, webStorageEnabled: false}
Session ID: 3a4be0f1-03c5-4610-b0e5-4569dec602b6
*** Element info: {Using=-android uiautomator, value=new UiSelector().className("android.widget.LinearLayout").resourceId("co.olivemedia.hihoandroidwebapp:id/control_layout").instance(22)})

2018-08-01 11:07:34 - [TEST_STEP][FAILED] - tap: Failed to tap on element 'Object Repository/android.widget.LinearLayout22' (Root cause: org.openqa.selenium.WebDriverException: An unknown server-side error occurred while processing the command. Original error: Could not proxy command to remote server. Original error: Error: socket hang up (WARNING: The server did not provide any stacktrace information)
Command duration or timeout: 0 milliseconds
Build info: version: '3.7.1', revision: '8a0099a', time: '2017-11-06T21:07:36.161Z'
System info: host: 'DESKTOP-O5SIUU5', ip: '192.168.210.2', os.name: 'Windows 10', os.arch: 'amd64', os.version: '10.0', java.version: '1.8.0_102'
Driver info: com.kms.katalon.core.appium.driver.SwipeableAndroidDriver
Capabilities {Name: appWaitActivity, Value: com.*, app: C:\Users\Acer\Desktop\HiUp_..., appPackage: co.olivemedia.hihoandroidwe..., autoGrantPermissions: true, automationName: uiautomator2, databaseEnabled: false, desired: {Name: appWaitActivity, Value: com.*, app: C:\Users\Acer\Desktop\HiUp_..., autoGrantPermissions: true, automationName: uiautomator2, deviceId: ce12160cab7a2c4b0c, deviceName: samsung SM-G935F (Android 8..., fullReset: true, newCommandTimeout: 1800, noReset: false, platform: ANDROID, platformName: Android, udid: ce12160cab7a2c4b0c}, deviceApiLevel: 26, deviceId: ce12160cab7a2c4b0c, deviceManufacturer: samsung, deviceModel: SM-G935F, deviceName: ce12160cab7a2c4b0c, deviceScreenDensity: 640, deviceScreenSize: 1440x2560, deviceUDID: ce12160cab7a2c4b0c, fullReset: true, javascriptEnabled: true, locationContextEnabled: false, networkConnectionEnabled: true, newCommandTimeout: 1800, noReset: false, pixelRatio: 4, platform: ANDROID, platformName: ANDROID, platformVersion: 8.0.0, statBarHeight: 96, takesScreenshot: true, udid: ce12160cab7a2c4b0c, viewportRect: {height: 2464, left: 0, top: 96, width: 1440}, warnings: {}, webStorageEnabled: false}
Session ID: 3a4be0f1-03c5-4610-b0e5-4569dec602b6
*** Element info: {Using=-android uiautomator, value=new UiSelector().className("android.widget.LinearLayout").resourceId("co.olivemedia.hihoandroidwebapp:id/control_layout").instance(22)})

2018-08-01 11:07:34 - [MESSAGE][WARNING] - Timeout '0' is invalid. Using default page load timeout: '30'

2018-08-01 11:07:36 - [MESSAGE][WARNING] - Cannot take screenshot

2018-08-01 11:07:36 - [MESSAGE][FAILED] - Failed to tap on element 'Object Repository/android.widget.LinearLayout22' (Root cause: org.openqa.selenium.WebDriverException: An unknown server-side error occurred while processing the command. Original error: Could not proxy command to remote server. Original error: Error: socket hang up (WARNING: The server did not provide any stacktrace information)
Command duration or timeout: 0 milliseconds
Build info: version: '3.7.1', revision: '8a0099a', time: '2017-11-06T21:07:36.161Z'
System info: host: 'DESKTOP-O5SIUU5', ip: '192.168.210.2', os.name: 'Windows 10', os.arch: 'amd64', os.version: '10.0', java.version: '1.8.0_102'
Driver info: com.kms.katalon.core.appium.driver.SwipeableAndroidDriver
Capabilities {Name: appWaitActivity, Value: com.*, app: C:\Users\Acer\Desktop\HiUp_..., appPackage: co.olivemedia.hihoandroidwe..., autoGrantPermissions: true, automationName: uiautomator2, databaseEnabled: false, desired: {Name: appWaitActivity, Value: com.*, app: C:\Users\Acer\Desktop\HiUp_..., autoGrantPermissions: true, automationName: uiautomator2, deviceId: ce12160cab7a2c4b0c, deviceName: samsung SM-G935F (Android 8..., fullReset: true, newCommandTimeout: 1800, noReset: false, platform: ANDROID, platformName: Android, udid: ce12160cab7a2c4b0c}, deviceApiLevel: 26, deviceId: ce12160cab7a2c4b0c, deviceManufacturer: samsung, deviceModel: SM-G935F, deviceName: ce12160cab7a2c4b0c, deviceScreenDensity: 640, deviceScreenSize: 1440x2560, deviceUDID: ce12160cab7a2c4b0c, fullReset: true, javascriptEnabled: true, locationContextEnabled: false, networkConnectionEnabled: true, newCommandTimeout: 1800, noReset: false, pixelRatio: 4, platform: ANDROID, platformName: ANDROID, platformVersion: 8.0.0, statBarHeight: 96, takesScreenshot: true, udid: ce12160cab7a2c4b0c, viewportRect: {height: 2464, left: 0, top: 96, width: 1440}, warnings: {}, webStorageEnabled: false}
Session ID: 3a4be0f1-03c5-4610-b0e5-4569dec602b6
*** Element info: {Using=-android uiautomator, value=new UiSelector().className("android.widget.LinearLayout").resourceId("co.olivemedia.hihoandroidwebapp:id/control_layout").instance(22)})

2018-08-01 11:07:36 - [TEST_STEP][PASSED] - Statement - Catch (Exception e): null

2018-08-01 11:07:36 - [TEST_STEP][PASSED] - Statement - out.println("Unable to test Job Feed Menu."): null

2018-08-01 11:07:36 - [TEST_STEP][PASSED] - Statement - out.println(e.getMessage()): null]]></system-out>
         <system-err><![CDATA[]]></system-err>
      </testcase>
      <system-out><![CDATA[2018-08-01 11:06:20 - [TEST_SUITE][PASSED] - HiUpTestSuite: Test Cases/JobFeedTest]]></system-out>
      <system-err><![CDATA[]]></system-err>
   </testsuite>
</testsuites>
