<?xml version="1.0" encoding="UTF-8"?>
<testsuites name="HiUpTestSuite" time="185" tests="2" failures="0" errors="0">
   <testsuite name="HiUpTestSuite" tests="2" failures="0" errors="0" time="185" timestamp="2018-07-02 14:48:36" hostname="Acer - DESKTOP-O5SIUU5" id="Test Suites/HiUpTestSuite">
      <properties>
         <property name="deviceName" value="samsung SM-G935F (Android 8.0.0)"/>
         <property name="devicePlatform" value=""/>
         <property name="logFolder" value="C:\\Users\\Acer\\Katalon Studio\\HiUpAutomation\\Reports\\HiUpTestSuite\\20180702_144829"/>
         <property name="logFiles" value="C:\\Users\\Acer\\Katalon Studio\\HiUpAutomation\\Reports\\HiUpTestSuite\\20180702_144829\\appium.log, C:\\Users\\Acer\\Katalon Studio\\HiUpAutomation\\Reports\\HiUpTestSuite\\20180702_144829\\execution0.log"/>
         <property name="attachments" value="C:\\Users\\Acer\\Katalon Studio\\HiUpAutomation\\Reports\\HiUpTestSuite\\20180702_144829\\1530522397968.png, C:\\Users\\Acer\\Katalon Studio\\HiUpAutomation\\Reports\\HiUpTestSuite\\20180702_144829\\1530522399071.png"/>
         <property name="hostName" value="Acer - DESKTOP-O5SIUU5"/>
         <property name="os" value="Windows 10 64bit"/>
         <property name="katalonVersion" value="5.4.2.1"/>
         <property name="deviceOS" value="Android"/>
         <property name="appiumVersion" value="1.8.1"/>
         <property name="deviceModel" value="SM-G935F"/>
         <property name="hostAddress" value="192.168.210.2"/>
         <property name="deviceManufacturer" value="samsung"/>
         <property name="deviceId" value="ce12160cab7a2c4b0c"/>
         <property name="deviceName" value="samsung SM-G935F (Android 8.0.0)"/>
         <property name="deviceOSVersion" value="8.0.0"/>
      </properties>
      <testcase name="Test Cases/HiUP_LoginTest" classname="Test Cases/HiUP_LoginTest" status="PASSED">
         <system-out><![CDATA[2018-07-02 14:48:37 - [TEST_CASE][PASSED] - Test Cases/HiUP_LoginTest: Test Cases/HiUP_LoginTest

2018-07-02 14:48:38 - [TEST_STEP][PASSED] - Statement - Try: null

2018-07-02 14:48:38 - [TEST_STEP][PASSED] - Statement - email = "jmeter12345@gmail.com": null

2018-07-02 14:48:38 - [TEST_STEP][PASSED] - Statement - pass = "y@nzEE2018": null

2018-07-02 14:48:38 - [TEST_STEP][PASSED] - startApplication: Started app at: 'C:\Users\Acer\Desktop\HiUp_uat_apk\HIUP-2.2.2(68).apk'

2018-07-02 14:49:28 - [MESSAGE][PASSED] - Started app at: 'C:\Users\Acer\Desktop\HiUp_uat_apk\HIUP-2.2.2(68).apk'

2018-07-02 14:49:28 - [TEST_STEP][PASSED] - tap: Tapped on element 'Object Repository/android.widget.LinearLayout22'

2018-07-02 14:49:28 - [MESSAGE][WARNING] - Timeout '0' is invalid. Using default page load timeout: '30'

2018-07-02 14:49:34 - [MESSAGE][PASSED] - Tapped on element 'Object Repository/android.widget.LinearLayout22'

2018-07-02 14:49:34 - [TEST_STEP][PASSED] - tap: Tapped on element 'Object Repository/android.widget.ImageView18'

2018-07-02 14:49:34 - [MESSAGE][WARNING] - Timeout '0' is invalid. Using default page load timeout: '30'

2018-07-02 14:49:39 - [MESSAGE][PASSED] - Tapped on element 'Object Repository/android.widget.ImageView18'

2018-07-02 14:49:39 - [TEST_STEP][PASSED] - tap: Tapped on element 'Object Repository/android.support.v7.widget.LinearLayoutCompat8'

2018-07-02 14:49:39 - [MESSAGE][WARNING] - Timeout '0' is invalid. Using default page load timeout: '30'

2018-07-02 14:49:44 - [MESSAGE][PASSED] - Tapped on element 'Object Repository/android.support.v7.widget.LinearLayoutCompat8'

2018-07-02 14:49:44 - [TEST_STEP][PASSED] - tap: Tapped on element 'Object Repository/android.widget.Button0 - Sign in'

2018-07-02 14:49:44 - [MESSAGE][WARNING] - Timeout '0' is invalid. Using default page load timeout: '30'

2018-07-02 14:49:46 - [MESSAGE][PASSED] - Tapped on element 'Object Repository/android.widget.Button0 - Sign in'

2018-07-02 14:49:46 - [TEST_STEP][PASSED] - tap: Tapped on element 'Object Repository/android.widget.Button1 - LOGIN'

2018-07-02 14:49:46 - [MESSAGE][WARNING] - Timeout '0' is invalid. Using default page load timeout: '30'

2018-07-02 14:49:47 - [MESSAGE][PASSED] - Tapped on element 'Object Repository/android.widget.Button1 - LOGIN'

2018-07-02 14:49:47 - [TEST_STEP][PASSED] - setText: Text 'jmeter12345@gmail.com' has been set to element 'Object Repository/android.widget.EditText0 - Email'

2018-07-02 14:49:47 - [MESSAGE][WARNING] - Timeout '0' is invalid. Using default page load timeout: '30'

2018-07-02 14:49:50 - [MESSAGE][PASSED] - Text 'jmeter12345@gmail.com' has been set to element 'Object Repository/android.widget.EditText0 - Email'

2018-07-02 14:49:50 - [TEST_STEP][PASSED] - setText: Text 'y@nzEE2018' has been set to element 'Object Repository/android.widget.EditText1 - Password'

2018-07-02 14:49:50 - [MESSAGE][WARNING] - Timeout '0' is invalid. Using default page load timeout: '30'

2018-07-02 14:49:53 - [MESSAGE][PASSED] - Text 'y@nzEE2018' has been set to element 'Object Repository/android.widget.EditText1 - Password'

2018-07-02 14:49:53 - [TEST_STEP][PASSED] - tap: Tapped on element 'Object Repository/android.widget.Button6 - Sign in'

2018-07-02 14:49:53 - [MESSAGE][WARNING] - Timeout '0' is invalid. Using default page load timeout: '30'

2018-07-02 14:49:56 - [MESSAGE][PASSED] - Tapped on element 'Object Repository/android.widget.Button6 - Sign in'

2018-07-02 14:49:56 - [TEST_STEP][PASSED] - tap: Tapped on element 'Object Repository/android.widget.LinearLayout22'

2018-07-02 14:49:56 - [MESSAGE][WARNING] - Timeout '0' is invalid. Using default page load timeout: '30'

2018-07-02 14:50:05 - [MESSAGE][PASSED] - Tapped on element 'Object Repository/android.widget.LinearLayout22'

2018-07-02 14:50:05 - [TEST_STEP][PASSED] - tap: Tapped on element 'Object Repository/android.widget.ImageView18'

2018-07-02 14:50:05 - [MESSAGE][WARNING] - Timeout '0' is invalid. Using default page load timeout: '30'

2018-07-02 14:50:07 - [MESSAGE][PASSED] - Tapped on element 'Object Repository/android.widget.ImageView18'

2018-07-02 14:50:07 - [TEST_STEP][PASSED] - tap: Tapped on element 'Object Repository/android.widget.CheckedTextView3 - Profile'

2018-07-02 14:50:07 - [MESSAGE][WARNING] - Timeout '0' is invalid. Using default page load timeout: '30'

2018-07-02 14:50:09 - [MESSAGE][PASSED] - Tapped on element 'Object Repository/android.widget.CheckedTextView3 - Profile'

2018-07-02 14:50:09 - [TEST_STEP][PASSED] - Statement - java.lang.Thread.sleep(5000): null

2018-07-02 14:50:14 - [TEST_STEP][PASSED] - Statement - result = com.kms.katalon.core.mobile.keyword.MobileBuiltInKeywords.getText(com.kms.katalon.core.testobject.ObjectRepository.findTestObject(prof_email), 0): Text of element 'Object Repository/prof_email' is: 'jmeter12345@gmail.com'

2018-07-02 14:50:14 - [MESSAGE][WARNING] - Timeout '0' is invalid. Using default page load timeout: '30'

2018-07-02 14:50:15 - [MESSAGE][PASSED] - Text of element 'Object Repository/prof_email' is: 'jmeter12345@gmail.com'

2018-07-02 14:50:15 - [TEST_STEP][PASSED] - Statement - out.println(result): null

2018-07-02 14:50:15 - [TEST_STEP][PASSED] - Statement - If (result.equalsIgnoreCase(email)): null

2018-07-02 14:50:15 - [TEST_STEP][PASSED] - Statement - out.println("Successfully logged in"): null]]></system-out>
         <system-err><![CDATA[]]></system-err>
      </testcase>
      <testcase name="Test Cases/JobFeedTest" classname="Test Cases/JobFeedTest" status="PASSED">
         <system-out><![CDATA[2018-07-02 14:50:15 - [TEST_CASE][PASSED] - Test Cases/JobFeedTest: Test Cases/JobFeedTest

2018-07-02 14:50:15 - [TEST_STEP][PASSED] - Statement - driver = com.kms.katalon.core.mobile.keyword.internal.MobileDriverFactory.getDriver(): null

2018-07-02 14:50:15 - [TEST_STEP][FAILED] - Statement - Try: Failed to tap on element 'Object Repository/android.widget.Button0 - Apply' (Root cause: Object Object Repository/android.widget.Button0 - Apply not found)

2018-07-02 14:50:15 - [TEST_STEP][PASSED] - tap: Tapped on element 'Object Repository/android.widget.LinearLayout22'

2018-07-02 14:50:15 - [MESSAGE][WARNING] - Timeout '0' is invalid. Using default page load timeout: '30'

2018-07-02 14:50:17 - [MESSAGE][PASSED] - Tapped on element 'Object Repository/android.widget.LinearLayout22'

2018-07-02 14:50:17 - [TEST_STEP][PASSED] - tap: Tapped on element 'Object Repository/android.widget.ImageView18'

2018-07-02 14:50:17 - [MESSAGE][WARNING] - Timeout '0' is invalid. Using default page load timeout: '30'

2018-07-02 14:50:19 - [MESSAGE][PASSED] - Tapped on element 'Object Repository/android.widget.ImageView18'

2018-07-02 14:50:19 - [TEST_STEP][PASSED] - tap: Tapped on element 'Object Repository/android.support.v7.widget.LinearLayoutCompat0'

2018-07-02 14:50:19 - [MESSAGE][WARNING] - Timeout '0' is invalid. Using default page load timeout: '30'

2018-07-02 14:50:21 - [MESSAGE][PASSED] - Tapped on element 'Object Repository/android.support.v7.widget.LinearLayoutCompat0'

2018-07-02 14:50:21 - [TEST_STEP][PASSED] - tap: Tapped on element 'Object Repository/android.widget.Button0 - Refine'

2018-07-02 14:50:21 - [MESSAGE][WARNING] - Timeout '0' is invalid. Using default page load timeout: '30'

2018-07-02 14:50:24 - [MESSAGE][PASSED] - Tapped on element 'Object Repository/android.widget.Button0 - Refine'

2018-07-02 14:50:24 - [TEST_STEP][PASSED] - tap: Tapped on element 'Object Repository/android.widget.Button2 - Reset'

2018-07-02 14:50:24 - [MESSAGE][WARNING] - Timeout '0' is invalid. Using default page load timeout: '30'

2018-07-02 14:50:27 - [MESSAGE][PASSED] - Tapped on element 'Object Repository/android.widget.Button2 - Reset'

2018-07-02 14:50:27 - [TEST_STEP][PASSED] - Statement - java.lang.Thread.sleep(15000): null

2018-07-02 14:50:42 - [TEST_STEP][PASSED] - tap: Tapped on element 'Object Repository/android.widget.ImageView0'

2018-07-02 14:50:42 - [MESSAGE][WARNING] - Timeout '0' is invalid. Using default page load timeout: '30'

2018-07-02 14:50:45 - [MESSAGE][PASSED] - Tapped on element 'Object Repository/android.widget.ImageView0'

2018-07-02 14:50:45 - [TEST_STEP][PASSED] - Statement - java.lang.Thread.sleep(2000): null

2018-07-02 14:50:47 - [TEST_STEP][PASSED] - Statement - label_job = driver.findElement(org.openqa.selenium.By.id("co.olivemedia.hihoandroidwebapp:id/details_job_label")): null

2018-07-02 14:50:47 - [TEST_STEP][PASSED] - tap: Tapped on element 'Object Repository/android.widget.Button0 - Apply'

2018-07-02 14:50:47 - [MESSAGE][WARNING] - Timeout '0' is invalid. Using default page load timeout: '30'

2018-07-02 14:50:50 - [MESSAGE][PASSED] - Tapped on element 'Object Repository/android.widget.Button0 - Apply'

2018-07-02 14:50:50 - [TEST_STEP][PASSED] - Statement - java.lang.Thread.sleep(2000): null

2018-07-02 14:50:52 - [TEST_STEP][FAILED] - Statement - If (label_job.isDisplayed()): Failed to tap on element 'Object Repository/android.widget.Button0 - Apply' (Root cause: Object Object Repository/android.widget.Button0 - Apply not found)

2018-07-02 14:50:52 - [TEST_STEP][PASSED] - Statement - out.println("Job has already been applied."): null

2018-07-02 14:50:52 - [TEST_STEP][PASSED] - Statement - i = 2: null

2018-07-02 14:50:52 - [TEST_STEP][FAILED] - Statement - While (label_job.isDisplayed()): Failed to tap on element 'Object Repository/android.widget.Button0 - Apply' (Root cause: Object Object Repository/android.widget.Button0 - Apply not found)

2018-07-02 14:50:52 - [TEST_STEP][PASSED] - Statement - out.println("Value of i:" + i): null

2018-07-02 14:50:52 - [TEST_STEP][PASSED] - tap: Tapped on element 'Object Repository/android.widget.LinearLayout22'

2018-07-02 14:50:52 - [MESSAGE][WARNING] - Timeout '0' is invalid. Using default page load timeout: '30'

2018-07-02 14:50:54 - [MESSAGE][PASSED] - Tapped on element 'Object Repository/android.widget.LinearLayout22'

2018-07-02 14:50:54 - [TEST_STEP][PASSED] - tap: Tapped on element 'Object Repository/android.widget.ImageView18'

2018-07-02 14:50:54 - [MESSAGE][WARNING] - Timeout '0' is invalid. Using default page load timeout: '30'

2018-07-02 14:50:56 - [MESSAGE][PASSED] - Tapped on element 'Object Repository/android.widget.ImageView18'

2018-07-02 14:50:56 - [TEST_STEP][PASSED] - tap: Tapped on element 'Object Repository/android.support.v7.widget.LinearLayoutCompat0'

2018-07-02 14:50:56 - [MESSAGE][WARNING] - Timeout '0' is invalid. Using default page load timeout: '30'

2018-07-02 14:51:00 - [MESSAGE][PASSED] - Tapped on element 'Object Repository/android.support.v7.widget.LinearLayoutCompat0'

2018-07-02 14:51:00 - [TEST_STEP][PASSED] - Statement - java.lang.Thread.sleep(5000): null

2018-07-02 14:51:05 - [TEST_STEP][PASSED] - Statement - job_list = driver.findElement(org.openqa.selenium.By.xpath("//hierarchy/android.widget.FrameLayout[1]/android.widget.LinearLayout[1]/android.widget.FrameLayout[1]/android.widget.LinearLayout[1]/android.widget.FrameLayout[1]/android.support.v4.widget.DrawerLayout[1]/android.view.ViewGroup[1]/android.widget.RelativeLayout[1]/android.widget.ListView[1]/android.widget.LinearLayout[" + i + "]/android.widget.RelativeLayout[1]/android.widget.RelativeLayout[1]")): null

2018-07-02 14:51:05 - [TEST_STEP][PASSED] - Statement - out.println("The xpath of job is" + job_list): null

2018-07-02 14:51:05 - [TEST_STEP][PASSED] - Statement - java.lang.Thread.sleep(2000): null

2018-07-02 14:51:07 - [TEST_STEP][FAILED] - tap: Failed to tap on element 'Object Repository/android.widget.Button0 - Apply' (Root cause: Object Object Repository/android.widget.Button0 - Apply not found)

2018-07-02 14:51:07 - [MESSAGE][WARNING] - Timeout '0' is invalid. Using default page load timeout: '30'

2018-07-02 14:51:39 - [MESSAGE][FAILED] - Object Object Repository/android.widget.Button0 - Apply not found
[[ATTACHMENT|C:\\Users\\Acer\\Katalon Studio\\HiUpAutomation\\Reports\\HiUpTestSuite\\20180702_144829\\1530522397968.png]]

2018-07-02 14:51:40 - [MESSAGE][FAILED] - Failed to tap on element 'Object Repository/android.widget.Button0 - Apply' (Root cause: Object Object Repository/android.widget.Button0 - Apply not found)
[[ATTACHMENT|C:\\Users\\Acer\\Katalon Studio\\HiUpAutomation\\Reports\\HiUpTestSuite\\20180702_144829\\1530522399071.png]]

2018-07-02 14:51:40 - [TEST_STEP][PASSED] - Statement - Catch (Exception e): null

2018-07-02 14:51:40 - [TEST_STEP][PASSED] - Statement - out.println("Unable to test Job Feed Menu."): null

2018-07-02 14:51:40 - [TEST_STEP][PASSED] - Statement - out.println(e.getMessage()): null]]></system-out>
         <system-err><![CDATA[]]></system-err>
      </testcase>
      <system-out><![CDATA[2018-07-02 14:48:36 - [TEST_SUITE][PASSED] - HiUpTestSuite: Test Cases/JobFeedTest]]></system-out>
      <system-err><![CDATA[]]></system-err>
   </testsuite>
</testsuites>
