<?xml version="1.0" encoding="UTF-8"?>
<testsuites name="HiUpTestSuite" time="127" tests="2" failures="0" errors="0">
   <testsuite name="HiUpTestSuite" tests="2" failures="0" errors="0" time="127" timestamp="2018-07-04 10:23:41" hostname="Acer - DESKTOP-O5SIUU5" id="Test Suites/HiUpTestSuite">
      <properties>
         <property name="deviceName" value="samsung SM-G935F (Android 8.0.0)"/>
         <property name="devicePlatform" value=""/>
         <property name="logFolder" value="C:\\Users\\Acer\\Katalon Studio\\HiUpAutomation\\Reports\\HiUpTestSuite\\20180704_102334"/>
         <property name="logFiles" value="C:\\Users\\Acer\\Katalon Studio\\HiUpAutomation\\Reports\\HiUpTestSuite\\20180704_102334\\appium.log, C:\\Users\\Acer\\Katalon Studio\\HiUpAutomation\\Reports\\HiUpTestSuite\\20180704_102334\\execution0.log"/>
         <property name="attachments" value=""/>
         <property name="hostName" value="Acer - DESKTOP-O5SIUU5"/>
         <property name="os" value="Windows 10 64bit"/>
         <property name="katalonVersion" value="5.4.2.1"/>
         <property name="deviceOS" value="Android"/>
         <property name="appiumVersion" value="1.8.1"/>
         <property name="deviceModel" value="SM-G935F"/>
         <property name="hostAddress" value="192.168.210.2"/>
         <property name="deviceManufacturer" value="samsung"/>
         <property name="deviceId" value="ce12160cab7a2c4b0c"/>
         <property name="deviceName" value="samsung SM-G935F (Android 8.0.0)"/>
         <property name="deviceOSVersion" value="8.0.0"/>
      </properties>
      <testcase name="Test Cases/HiUP_LoginTest" classname="Test Cases/HiUP_LoginTest" status="PASSED">
         <system-out><![CDATA[2018-07-04 10:23:42 - [TEST_CASE][PASSED] - Test Cases/HiUP_LoginTest: Test Cases/HiUP_LoginTest

2018-07-04 10:23:42 - [TEST_STEP][PASSED] - Statement - Try: null

2018-07-04 10:23:42 - [TEST_STEP][PASSED] - Statement - email = "jmeter12345@gmail.com": null

2018-07-04 10:23:42 - [TEST_STEP][PASSED] - Statement - pass = "y@nzEE2018": null

2018-07-04 10:23:42 - [TEST_STEP][PASSED] - startApplication: Started app at: 'C:\Users\Acer\Desktop\HiUp_uat_apk\HIUP-2.2.2(68).apk'

2018-07-04 10:24:32 - [MESSAGE][PASSED] - Started app at: 'C:\Users\Acer\Desktop\HiUp_uat_apk\HIUP-2.2.2(68).apk'

2018-07-04 10:24:32 - [TEST_STEP][PASSED] - tap: Tapped on element 'Object Repository/android.widget.LinearLayout22'

2018-07-04 10:24:32 - [MESSAGE][WARNING] - Timeout '0' is invalid. Using default page load timeout: '30'

2018-07-04 10:24:40 - [MESSAGE][PASSED] - Tapped on element 'Object Repository/android.widget.LinearLayout22'

2018-07-04 10:24:40 - [TEST_STEP][PASSED] - tap: Tapped on element 'Object Repository/android.widget.ImageView18'

2018-07-04 10:24:40 - [MESSAGE][WARNING] - Timeout '0' is invalid. Using default page load timeout: '30'

2018-07-04 10:24:44 - [MESSAGE][PASSED] - Tapped on element 'Object Repository/android.widget.ImageView18'

2018-07-04 10:24:44 - [TEST_STEP][PASSED] - tap: Tapped on element 'Object Repository/android.support.v7.widget.LinearLayoutCompat8'

2018-07-04 10:24:44 - [MESSAGE][WARNING] - Timeout '0' is invalid. Using default page load timeout: '30'

2018-07-04 10:24:46 - [MESSAGE][PASSED] - Tapped on element 'Object Repository/android.support.v7.widget.LinearLayoutCompat8'

2018-07-04 10:24:46 - [TEST_STEP][PASSED] - tap: Tapped on element 'Object Repository/android.widget.Button0 - Sign in'

2018-07-04 10:24:46 - [MESSAGE][WARNING] - Timeout '0' is invalid. Using default page load timeout: '30'

2018-07-04 10:24:48 - [MESSAGE][PASSED] - Tapped on element 'Object Repository/android.widget.Button0 - Sign in'

2018-07-04 10:24:48 - [TEST_STEP][PASSED] - tap: Tapped on element 'Object Repository/android.widget.Button1 - LOGIN'

2018-07-04 10:24:48 - [MESSAGE][WARNING] - Timeout '0' is invalid. Using default page load timeout: '30'

2018-07-04 10:24:49 - [MESSAGE][PASSED] - Tapped on element 'Object Repository/android.widget.Button1 - LOGIN'

2018-07-04 10:24:49 - [TEST_STEP][PASSED] - setText: Text 'jmeter12345@gmail.com' has been set to element 'Object Repository/android.widget.EditText0 - Email'

2018-07-04 10:24:49 - [MESSAGE][WARNING] - Timeout '0' is invalid. Using default page load timeout: '30'

2018-07-04 10:24:52 - [MESSAGE][PASSED] - Text 'jmeter12345@gmail.com' has been set to element 'Object Repository/android.widget.EditText0 - Email'

2018-07-04 10:24:52 - [TEST_STEP][PASSED] - setText: Text 'y@nzEE2018' has been set to element 'Object Repository/android.widget.EditText1 - Password'

2018-07-04 10:24:52 - [MESSAGE][WARNING] - Timeout '0' is invalid. Using default page load timeout: '30'

2018-07-04 10:24:55 - [MESSAGE][PASSED] - Text 'y@nzEE2018' has been set to element 'Object Repository/android.widget.EditText1 - Password'

2018-07-04 10:24:55 - [TEST_STEP][PASSED] - tap: Tapped on element 'Object Repository/android.widget.Button6 - Sign in'

2018-07-04 10:24:55 - [MESSAGE][WARNING] - Timeout '0' is invalid. Using default page load timeout: '30'

2018-07-04 10:24:58 - [MESSAGE][PASSED] - Tapped on element 'Object Repository/android.widget.Button6 - Sign in'

2018-07-04 10:24:58 - [TEST_STEP][PASSED] - tap: Tapped on element 'Object Repository/android.widget.LinearLayout22'

2018-07-04 10:24:58 - [MESSAGE][WARNING] - Timeout '0' is invalid. Using default page load timeout: '30'

2018-07-04 10:25:04 - [MESSAGE][PASSED] - Tapped on element 'Object Repository/android.widget.LinearLayout22'

2018-07-04 10:25:04 - [TEST_STEP][PASSED] - tap: Tapped on element 'Object Repository/android.widget.ImageView18'

2018-07-04 10:25:04 - [MESSAGE][WARNING] - Timeout '0' is invalid. Using default page load timeout: '30'

2018-07-04 10:25:06 - [MESSAGE][PASSED] - Tapped on element 'Object Repository/android.widget.ImageView18'

2018-07-04 10:25:06 - [TEST_STEP][PASSED] - tap: Tapped on element 'Object Repository/android.widget.CheckedTextView3 - Profile'

2018-07-04 10:25:06 - [MESSAGE][WARNING] - Timeout '0' is invalid. Using default page load timeout: '30'

2018-07-04 10:25:08 - [MESSAGE][PASSED] - Tapped on element 'Object Repository/android.widget.CheckedTextView3 - Profile'

2018-07-04 10:25:08 - [TEST_STEP][PASSED] - Statement - java.lang.Thread.sleep(5000): null

2018-07-04 10:25:13 - [TEST_STEP][PASSED] - Statement - result = com.kms.katalon.core.mobile.keyword.MobileBuiltInKeywords.getText(com.kms.katalon.core.testobject.ObjectRepository.findTestObject(prof_email), 0): Text of element 'Object Repository/prof_email' is: 'jmeter12345@gmail.com'

2018-07-04 10:25:13 - [MESSAGE][WARNING] - Timeout '0' is invalid. Using default page load timeout: '30'

2018-07-04 10:25:14 - [MESSAGE][PASSED] - Text of element 'Object Repository/prof_email' is: 'jmeter12345@gmail.com'

2018-07-04 10:25:14 - [TEST_STEP][PASSED] - Statement - out.println(result): null

2018-07-04 10:25:14 - [TEST_STEP][PASSED] - Statement - If (result.equalsIgnoreCase(email)): null

2018-07-04 10:25:14 - [TEST_STEP][PASSED] - Statement - out.println("Successfully logged in"): null]]></system-out>
         <system-err><![CDATA[]]></system-err>
      </testcase>
      <testcase name="Test Cases/ApplicationTest" classname="Test Cases/ApplicationTest" status="PASSED">
         <system-out><![CDATA[2018-07-04 10:25:14 - [TEST_CASE][PASSED] - Test Cases/ApplicationTest: Test Cases/ApplicationTest

2018-07-04 10:25:14 - [TEST_STEP][PASSED] - Statement - Try: Tapped on element 'Object Repository/android.widget.TextView3 - Offers'

2018-07-04 10:25:14 - [TEST_STEP][PASSED] - tap: Tapped on element 'Object Repository/android.widget.LinearLayout22'

2018-07-04 10:25:14 - [MESSAGE][WARNING] - Timeout '0' is invalid. Using default page load timeout: '30'

2018-07-04 10:25:16 - [MESSAGE][PASSED] - Tapped on element 'Object Repository/android.widget.LinearLayout22'

2018-07-04 10:25:16 - [TEST_STEP][PASSED] - tap: Tapped on element 'Object Repository/android.widget.ImageView18'

2018-07-04 10:25:16 - [MESSAGE][WARNING] - Timeout '0' is invalid. Using default page load timeout: '30'

2018-07-04 10:25:18 - [MESSAGE][PASSED] - Tapped on element 'Object Repository/android.widget.ImageView18'

2018-07-04 10:25:18 - [TEST_STEP][PASSED] - tap: Tapped on element 'Object Repository/android.widget.CheckedTextView2 - Applications'

2018-07-04 10:25:21 - [MESSAGE][PASSED] - Tapped on element 'Object Repository/android.widget.CheckedTextView2 - Applications'

2018-07-04 10:25:21 - [TEST_STEP][PASSED] - tap: Tapped on element 'Object Repository/android.widget.TextView1 - Applications'

2018-07-04 10:25:24 - [MESSAGE][PASSED] - Tapped on element 'Object Repository/android.widget.TextView1 - Applications'

2018-07-04 10:25:24 - [TEST_STEP][PASSED] - tap: Tapped on element 'Object Repository/android.widget.Button0 - View'

2018-07-04 10:25:24 - [MESSAGE][WARNING] - Timeout '0' is invalid. Using default page load timeout: '30'

2018-07-04 10:25:28 - [MESSAGE][PASSED] - Tapped on element 'Object Repository/android.widget.Button0 - View'

2018-07-04 10:25:28 - [TEST_STEP][PASSED] - tap: Tapped on element 'Object Repository/android.widget.Button0 - View (1)'

2018-07-04 10:25:28 - [MESSAGE][WARNING] - Timeout '0' is invalid. Using default page load timeout: '30'

2018-07-04 10:25:36 - [MESSAGE][PASSED] - Tapped on element 'Object Repository/android.widget.Button0 - View (1)'

2018-07-04 10:25:36 - [TEST_STEP][PASSED] - Statement - result = com.kms.katalon.core.mobile.keyword.MobileBuiltInKeywords.getText(com.kms.katalon.core.testobject.ObjectRepository.findTestObject(android.widget.TextView0 - Job page (2)), 0): Text of element 'Object Repository/android.widget.TextView0 - Job page (2)' is: 'Job page'

2018-07-04 10:25:36 - [MESSAGE][WARNING] - Timeout '0' is invalid. Using default page load timeout: '30'

2018-07-04 10:25:37 - [MESSAGE][PASSED] - Text of element 'Object Repository/android.widget.TextView0 - Job page (2)' is: 'Job page'

2018-07-04 10:25:37 - [TEST_STEP][PASSED] - Statement - If (result.equalsIgnoreCase("Job Page")): null

2018-07-04 10:25:37 - [TEST_STEP][PASSED] - Statement - out.println("Application successfully opened"): null

2018-07-04 10:25:37 - [TEST_STEP][PASSED] - tap: Tapped on element 'Object Repository/android.widget.LinearLayout22'

2018-07-04 10:25:37 - [MESSAGE][WARNING] - Timeout '0' is invalid. Using default page load timeout: '30'

2018-07-04 10:25:39 - [MESSAGE][PASSED] - Tapped on element 'Object Repository/android.widget.LinearLayout22'

2018-07-04 10:25:39 - [TEST_STEP][PASSED] - tap: Tapped on element 'Object Repository/android.widget.ImageView18'

2018-07-04 10:25:39 - [MESSAGE][WARNING] - Timeout '0' is invalid. Using default page load timeout: '30'

2018-07-04 10:25:41 - [MESSAGE][PASSED] - Tapped on element 'Object Repository/android.widget.ImageView18'

2018-07-04 10:25:41 - [TEST_STEP][PASSED] - tap: Tapped on element 'Object Repository/android.widget.CheckedTextView2 - Applications'

2018-07-04 10:25:41 - [MESSAGE][WARNING] - Timeout '0' is invalid. Using default page load timeout: '30'

2018-07-04 10:25:44 - [MESSAGE][PASSED] - Tapped on element 'Object Repository/android.widget.CheckedTextView2 - Applications'

2018-07-04 10:25:44 - [TEST_STEP][PASSED] - tap: Tapped on element 'Object Repository/android.widget.TextView2 - Interviews'

2018-07-04 10:25:44 - [MESSAGE][WARNING] - Timeout '0' is invalid. Using default page load timeout: '30'

2018-07-04 10:25:45 - [MESSAGE][PASSED] - Tapped on element 'Object Repository/android.widget.TextView2 - Interviews'

2018-07-04 10:25:45 - [TEST_STEP][PASSED] - tap: Tapped on element 'Object Repository/android.widget.TextView3 - Offers'

2018-07-04 10:25:45 - [MESSAGE][WARNING] - Timeout '0' is invalid. Using default page load timeout: '30'

2018-07-04 10:25:47 - [MESSAGE][PASSED] - Tapped on element 'Object Repository/android.widget.TextView3 - Offers']]></system-out>
         <system-err><![CDATA[]]></system-err>
      </testcase>
      <system-out><![CDATA[2018-07-04 10:23:41 - [TEST_SUITE][PASSED] - HiUpTestSuite: Test Cases/ApplicationTest]]></system-out>
      <system-err><![CDATA[]]></system-err>
   </testsuite>
</testsuites>
