<?xml version="1.0" encoding="UTF-8"?>
<testsuites name="HiUpTestSuite" time="223" tests="2" failures="0" errors="0">
   <testsuite name="HiUpTestSuite" tests="2" failures="0" errors="0" time="223" timestamp="2018-07-03 17:26:35" hostname="Acer - DESKTOP-O5SIUU5" id="Test Suites/HiUpTestSuite">
      <properties>
         <property name="deviceName" value="samsung SM-G935F (Android 8.0.0)"/>
         <property name="devicePlatform" value=""/>
         <property name="logFolder" value="C:\\Users\\Acer\\Katalon Studio\\HiUpAutomation\\Reports\\HiUpTestSuite\\20180703_172628"/>
         <property name="logFiles" value="C:\\Users\\Acer\\Katalon Studio\\HiUpAutomation\\Reports\\HiUpTestSuite\\20180703_172628\\appium.log, C:\\Users\\Acer\\Katalon Studio\\HiUpAutomation\\Reports\\HiUpTestSuite\\20180703_172628\\execution0.log"/>
         <property name="attachments" value=""/>
         <property name="hostName" value="Acer - DESKTOP-O5SIUU5"/>
         <property name="os" value="Windows 10 64bit"/>
         <property name="katalonVersion" value="5.4.2.1"/>
         <property name="deviceOS" value="Android"/>
         <property name="appiumVersion" value="1.8.1"/>
         <property name="deviceModel" value="SM-G935F"/>
         <property name="hostAddress" value="192.168.210.2"/>
         <property name="deviceManufacturer" value="samsung"/>
         <property name="deviceId" value="ce12160cab7a2c4b0c"/>
         <property name="deviceName" value="samsung SM-G935F (Android 8.0.0)"/>
         <property name="deviceOSVersion" value="8.0.0"/>
      </properties>
      <testcase name="Test Cases/HiUP_LoginTest" classname="Test Cases/HiUP_LoginTest" status="PASSED">
         <system-out><![CDATA[2018-07-03 17:26:36 - [TEST_CASE][PASSED] - Test Cases/HiUP_LoginTest: Test Cases/HiUP_LoginTest

2018-07-03 17:26:36 - [TEST_STEP][PASSED] - Statement - Try: null

2018-07-03 17:26:36 - [TEST_STEP][PASSED] - Statement - email = "jmeter12345@gmail.com": null

2018-07-03 17:26:36 - [TEST_STEP][PASSED] - Statement - pass = "y@nzEE2018": null

2018-07-03 17:26:36 - [TEST_STEP][PASSED] - startApplication: Started app at: 'C:\Users\Acer\Desktop\HiUp_uat_apk\HIUP-2.2.2(68).apk'

2018-07-03 17:27:21 - [MESSAGE][PASSED] - Started app at: 'C:\Users\Acer\Desktop\HiUp_uat_apk\HIUP-2.2.2(68).apk'

2018-07-03 17:27:21 - [TEST_STEP][PASSED] - tap: Tapped on element 'Object Repository/android.widget.LinearLayout22'

2018-07-03 17:27:22 - [MESSAGE][WARNING] - Timeout '0' is invalid. Using default page load timeout: '30'

2018-07-03 17:27:28 - [MESSAGE][PASSED] - Tapped on element 'Object Repository/android.widget.LinearLayout22'

2018-07-03 17:27:28 - [TEST_STEP][PASSED] - tap: Tapped on element 'Object Repository/android.widget.ImageView18'

2018-07-03 17:27:28 - [MESSAGE][WARNING] - Timeout '0' is invalid. Using default page load timeout: '30'

2018-07-03 17:27:32 - [MESSAGE][PASSED] - Tapped on element 'Object Repository/android.widget.ImageView18'

2018-07-03 17:27:32 - [TEST_STEP][PASSED] - tap: Tapped on element 'Object Repository/android.support.v7.widget.LinearLayoutCompat8'

2018-07-03 17:27:32 - [MESSAGE][WARNING] - Timeout '0' is invalid. Using default page load timeout: '30'

2018-07-03 17:27:36 - [MESSAGE][PASSED] - Tapped on element 'Object Repository/android.support.v7.widget.LinearLayoutCompat8'

2018-07-03 17:27:36 - [TEST_STEP][PASSED] - tap: Tapped on element 'Object Repository/android.widget.Button0 - Sign in'

2018-07-03 17:27:36 - [MESSAGE][WARNING] - Timeout '0' is invalid. Using default page load timeout: '30'

2018-07-03 17:27:37 - [MESSAGE][PASSED] - Tapped on element 'Object Repository/android.widget.Button0 - Sign in'

2018-07-03 17:27:37 - [TEST_STEP][PASSED] - tap: Tapped on element 'Object Repository/android.widget.Button1 - LOGIN'

2018-07-03 17:27:37 - [MESSAGE][WARNING] - Timeout '0' is invalid. Using default page load timeout: '30'

2018-07-03 17:27:39 - [MESSAGE][PASSED] - Tapped on element 'Object Repository/android.widget.Button1 - LOGIN'

2018-07-03 17:27:39 - [TEST_STEP][PASSED] - setText: Text 'jmeter12345@gmail.com' has been set to element 'Object Repository/android.widget.EditText0 - Email'

2018-07-03 17:27:39 - [MESSAGE][WARNING] - Timeout '0' is invalid. Using default page load timeout: '30'

2018-07-03 17:27:42 - [MESSAGE][PASSED] - Text 'jmeter12345@gmail.com' has been set to element 'Object Repository/android.widget.EditText0 - Email'

2018-07-03 17:27:42 - [TEST_STEP][PASSED] - setText: Text 'y@nzEE2018' has been set to element 'Object Repository/android.widget.EditText1 - Password'

2018-07-03 17:27:42 - [MESSAGE][WARNING] - Timeout '0' is invalid. Using default page load timeout: '30'

2018-07-03 17:27:45 - [MESSAGE][PASSED] - Text 'y@nzEE2018' has been set to element 'Object Repository/android.widget.EditText1 - Password'

2018-07-03 17:27:45 - [TEST_STEP][PASSED] - tap: Tapped on element 'Object Repository/android.widget.Button6 - Sign in'

2018-07-03 17:27:45 - [MESSAGE][WARNING] - Timeout '0' is invalid. Using default page load timeout: '30'

2018-07-03 17:27:47 - [MESSAGE][PASSED] - Tapped on element 'Object Repository/android.widget.Button6 - Sign in'

2018-07-03 17:27:47 - [TEST_STEP][PASSED] - tap: Tapped on element 'Object Repository/android.widget.LinearLayout22'

2018-07-03 17:27:47 - [MESSAGE][WARNING] - Timeout '0' is invalid. Using default page load timeout: '30'

2018-07-03 17:27:55 - [MESSAGE][PASSED] - Tapped on element 'Object Repository/android.widget.LinearLayout22'

2018-07-03 17:27:55 - [TEST_STEP][PASSED] - tap: Tapped on element 'Object Repository/android.widget.ImageView18'

2018-07-03 17:27:55 - [MESSAGE][WARNING] - Timeout '0' is invalid. Using default page load timeout: '30'

2018-07-03 17:27:58 - [MESSAGE][PASSED] - Tapped on element 'Object Repository/android.widget.ImageView18'

2018-07-03 17:27:58 - [TEST_STEP][PASSED] - tap: Tapped on element 'Object Repository/android.widget.CheckedTextView3 - Profile'

2018-07-03 17:27:58 - [MESSAGE][WARNING] - Timeout '0' is invalid. Using default page load timeout: '30'

2018-07-03 17:28:00 - [MESSAGE][PASSED] - Tapped on element 'Object Repository/android.widget.CheckedTextView3 - Profile'

2018-07-03 17:28:00 - [TEST_STEP][PASSED] - Statement - java.lang.Thread.sleep(5000): null

2018-07-03 17:28:05 - [TEST_STEP][PASSED] - Statement - result = com.kms.katalon.core.mobile.keyword.MobileBuiltInKeywords.getText(com.kms.katalon.core.testobject.ObjectRepository.findTestObject(prof_email), 0): Text of element 'Object Repository/prof_email' is: 'jmeter12345@gmail.com'

2018-07-03 17:28:05 - [MESSAGE][WARNING] - Timeout '0' is invalid. Using default page load timeout: '30'

2018-07-03 17:28:06 - [MESSAGE][PASSED] - Text of element 'Object Repository/prof_email' is: 'jmeter12345@gmail.com'

2018-07-03 17:28:06 - [TEST_STEP][PASSED] - Statement - out.println(result): null

2018-07-03 17:28:06 - [TEST_STEP][PASSED] - Statement - If (result.equalsIgnoreCase(email)): null

2018-07-03 17:28:06 - [TEST_STEP][PASSED] - Statement - out.println("Successfully logged in"): null]]></system-out>
         <system-err><![CDATA[]]></system-err>
      </testcase>
      <testcase name="Test Cases/TrainingTest" classname="Test Cases/TrainingTest" status="PASSED">
         <system-out><![CDATA[2018-07-03 17:28:06 - [TEST_CASE][PASSED] - Test Cases/TrainingTest: Test Cases/TrainingTest

2018-07-03 17:28:06 - [TEST_STEP][PASSED] - Statement - driver = com.kms.katalon.core.mobile.keyword.internal.MobileDriverFactory.getDriver(): null

2018-07-03 17:28:06 - [TEST_STEP][PASSED] - Statement - Try: null

2018-07-03 17:28:06 - [TEST_STEP][PASSED] - tap: Tapped on element 'Object Repository/android.widget.LinearLayout22'

2018-07-03 17:28:06 - [MESSAGE][WARNING] - Timeout '0' is invalid. Using default page load timeout: '30'

2018-07-03 17:28:08 - [MESSAGE][PASSED] - Tapped on element 'Object Repository/android.widget.LinearLayout22'

2018-07-03 17:28:08 - [TEST_STEP][PASSED] - tap: Tapped on element 'Object Repository/android.widget.ImageView18'

2018-07-03 17:28:08 - [MESSAGE][WARNING] - Timeout '0' is invalid. Using default page load timeout: '30'

2018-07-03 17:28:10 - [MESSAGE][PASSED] - Tapped on element 'Object Repository/android.widget.ImageView18'

2018-07-03 17:28:10 - [TEST_STEP][PASSED] - tap: Tapped on element 'Object Repository/android.support.v7.widget.LinearLayoutCompat4'

2018-07-03 17:28:10 - [MESSAGE][WARNING] - Timeout '0' is invalid. Using default page load timeout: '30'

2018-07-03 17:28:12 - [MESSAGE][PASSED] - Tapped on element 'Object Repository/android.support.v7.widget.LinearLayoutCompat4'

2018-07-03 17:28:12 - [TEST_STEP][PASSED] - tap: Tapped on element 'Object Repository/android.widget.Button0 - Courses by industry'

2018-07-03 17:28:12 - [MESSAGE][WARNING] - Timeout '0' is invalid. Using default page load timeout: '30'

2018-07-03 17:28:14 - [MESSAGE][PASSED] - Tapped on element 'Object Repository/android.widget.Button0 - Courses by industry'

2018-07-03 17:28:14 - [TEST_STEP][PASSED] - Statement - java.lang.Thread.sleep(4000): null

2018-07-03 17:28:18 - [TEST_STEP][PASSED] - tap: Tapped on element 'Object Repository/indust'

2018-07-03 17:28:18 - [MESSAGE][WARNING] - Timeout '0' is invalid. Using default page load timeout: '30'

2018-07-03 17:28:21 - [MESSAGE][PASSED] - Tapped on element 'Object Repository/indust'

2018-07-03 17:28:21 - [TEST_STEP][PASSED] - Statement - java.lang.Thread.sleep(5000): null

2018-07-03 17:28:26 - [TEST_STEP][PASSED] - Statement - For ([i = 1, i <= 2, (i++)]): null

2018-07-03 17:28:26 - [TEST_STEP][PASSED] - Statement - sel_course = driver.findElement(org.openqa.selenium.By.xpath("//hierarchy/android.widget.FrameLayout[1]/android.widget.LinearLayout[1]/android.widget.FrameLayout[1]/android.widget.LinearLayout[1]/android.widget.FrameLayout[1]/android.support.v4.widget.DrawerLayout[1]/android.view.ViewGroup[1]/android.widget.RelativeLayout[1]/android.widget.ListView[1]/android.widget.RelativeLayout[" + i + "]/android.widget.RelativeLayout[1]")): null

2018-07-03 17:28:28 - [TEST_STEP][PASSED] - Statement - price = sel_course.findElement(org.openqa.selenium.By.id("co.olivemedia.hihoandroidwebapp:id/tv_training_specific_course_price")).getText(): null

2018-07-03 17:28:28 - [TEST_STEP][PASSED] - Statement - row_course = sel_course.findElement(org.openqa.selenium.By.id("co.olivemedia.hihoandroidwebapp:id/rl_training_specific_course")).getText(): null

2018-07-03 17:28:29 - [TEST_STEP][PASSED] - Statement - If (price.equalsIgnoreCase("Free")): null

2018-07-03 17:28:29 - [TEST_STEP][PASSED] - Statement - sel_course.click(): null

2018-07-03 17:28:30 - [TEST_STEP][PASSED] - Statement - java.lang.Thread.sleep(4000): null

2018-07-03 17:28:34 - [TEST_STEP][PASSED] - tap: Tapped on element 'Object Repository/android.widget.Button0 - Enroll'

2018-07-03 17:28:36 - [MESSAGE][PASSED] - Tapped on element 'Object Repository/android.widget.Button0 - Enroll'

2018-07-03 17:28:36 - [TEST_STEP][PASSED] - Statement - java.lang.Thread.sleep(7000): null

2018-07-03 17:28:43 - [TEST_STEP][PASSED] - Statement - While (com.kms.katalon.core.mobile.keyword.MobileBuiltInKeywords.verifyElementExist(com.kms.katalon.core.testobject.ObjectRepository.findTestObject(android.widget.Button0 - Enroll), 0)): null

2018-07-03 17:28:43 - [MESSAGE][WARNING] - Timeout '0' is invalid. Using default page load timeout: '30'

2018-07-03 17:28:44 - [MESSAGE][PASSED] - Element 'Object Repository/android.widget.Button0 - Enroll' is exist

2018-07-03 17:28:44 - [TEST_STEP][PASSED] - tap: Tapped on element 'Object Repository/android.widget.LinearLayout22'

2018-07-03 17:28:44 - [MESSAGE][WARNING] - Timeout '0' is invalid. Using default page load timeout: '30'

2018-07-03 17:28:45 - [MESSAGE][PASSED] - Tapped on element 'Object Repository/android.widget.LinearLayout22'

2018-07-03 17:28:45 - [TEST_STEP][PASSED] - tap: Tapped on element 'Object Repository/android.widget.ImageView18'

2018-07-03 17:28:45 - [MESSAGE][WARNING] - Timeout '0' is invalid. Using default page load timeout: '30'

2018-07-03 17:28:48 - [MESSAGE][PASSED] - Tapped on element 'Object Repository/android.widget.ImageView18'

2018-07-03 17:28:48 - [TEST_STEP][PASSED] - tap: Tapped on element 'Object Repository/android.support.v7.widget.LinearLayoutCompat4'

2018-07-03 17:28:48 - [MESSAGE][WARNING] - Timeout '0' is invalid. Using default page load timeout: '30'

2018-07-03 17:28:50 - [MESSAGE][PASSED] - Tapped on element 'Object Repository/android.support.v7.widget.LinearLayoutCompat4'

2018-07-03 17:28:50 - [TEST_STEP][PASSED] - tap: Tapped on element 'Object Repository/android.widget.Button0 - Courses by industry'

2018-07-03 17:28:50 - [MESSAGE][WARNING] - Timeout '0' is invalid. Using default page load timeout: '30'

2018-07-03 17:28:52 - [MESSAGE][PASSED] - Tapped on element 'Object Repository/android.widget.Button0 - Courses by industry'

2018-07-03 17:28:52 - [TEST_STEP][PASSED] - Statement - java.lang.Thread.sleep(4000): null

2018-07-03 17:28:56 - [TEST_STEP][PASSED] - tap: Tapped on element 'Object Repository/indust'

2018-07-03 17:28:56 - [MESSAGE][WARNING] - Timeout '0' is invalid. Using default page load timeout: '30'

2018-07-03 17:28:58 - [MESSAGE][PASSED] - Tapped on element 'Object Repository/indust'

2018-07-03 17:28:58 - [TEST_STEP][PASSED] - Statement - java.lang.Thread.sleep(4000): null

2018-07-03 17:29:02 - [TEST_STEP][PASSED] - Statement - (i++): null

2018-07-03 17:29:02 - [TEST_STEP][PASSED] - Statement - sel_course2 = driver.findElement(org.openqa.selenium.By.xpath("//hierarchy/android.widget.FrameLayout[1]/android.widget.LinearLayout[1]/android.widget.FrameLayout[1]/android.widget.LinearLayout[1]/android.widget.FrameLayout[1]/android.support.v4.widget.DrawerLayout[1]/android.view.ViewGroup[1]/android.widget.RelativeLayout[1]/android.widget.ListView[1]/android.widget.RelativeLayout[" + i + "]/android.widget.RelativeLayout[1]")): null

2018-07-03 17:29:03 - [TEST_STEP][PASSED] - Statement - price2 = sel_course2.findElement(org.openqa.selenium.By.id("co.olivemedia.hihoandroidwebapp:id/tv_training_specific_course_price")).getText(): null

2018-07-03 17:29:03 - [TEST_STEP][PASSED] - Statement - If (price2.equalsIgnoreCase("Free")): Element 'Object Repository/android.widget.Button0 - Enroll' is exist

2018-07-03 17:29:03 - [TEST_STEP][PASSED] - Statement - sel_course2.click(): null

2018-07-03 17:29:05 - [TEST_STEP][PASSED] - Statement - java.lang.Thread.sleep(4000): null

2018-07-03 17:29:09 - [TEST_STEP][PASSED] - tap: Tapped on element 'Object Repository/android.widget.Button0 - Enroll'

2018-07-03 17:29:10 - [MESSAGE][PASSED] - Tapped on element 'Object Repository/android.widget.Button0 - Enroll'

2018-07-03 17:29:10 - [TEST_STEP][PASSED] - Statement - java.lang.Thread.sleep(7000): Element 'Object Repository/android.widget.Button0 - Enroll' is exist

2018-07-03 17:29:17 - [MESSAGE][WARNING] - Timeout '0' is invalid. Using default page load timeout: '30'

2018-07-03 17:29:18 - [MESSAGE][PASSED] - Element 'Object Repository/android.widget.Button0 - Enroll' is exist

2018-07-03 17:29:18 - [TEST_STEP][PASSED] - tap: Tapped on element 'Object Repository/android.widget.LinearLayout22'

2018-07-03 17:29:18 - [MESSAGE][WARNING] - Timeout '0' is invalid. Using default page load timeout: '30'

2018-07-03 17:29:20 - [MESSAGE][PASSED] - Tapped on element 'Object Repository/android.widget.LinearLayout22'

2018-07-03 17:29:20 - [TEST_STEP][PASSED] - tap: Tapped on element 'Object Repository/android.widget.ImageView18'

2018-07-03 17:29:20 - [MESSAGE][WARNING] - Timeout '0' is invalid. Using default page load timeout: '30'

2018-07-03 17:29:22 - [MESSAGE][PASSED] - Tapped on element 'Object Repository/android.widget.ImageView18'

2018-07-03 17:29:22 - [TEST_STEP][PASSED] - tap: Tapped on element 'Object Repository/android.support.v7.widget.LinearLayoutCompat4'

2018-07-03 17:29:22 - [MESSAGE][WARNING] - Timeout '0' is invalid. Using default page load timeout: '30'

2018-07-03 17:29:24 - [MESSAGE][PASSED] - Tapped on element 'Object Repository/android.support.v7.widget.LinearLayoutCompat4'

2018-07-03 17:29:24 - [TEST_STEP][PASSED] - tap: Tapped on element 'Object Repository/android.widget.Button0 - Courses by industry'

2018-07-03 17:29:24 - [MESSAGE][WARNING] - Timeout '0' is invalid. Using default page load timeout: '30'

2018-07-03 17:29:27 - [MESSAGE][PASSED] - Tapped on element 'Object Repository/android.widget.Button0 - Courses by industry'

2018-07-03 17:29:27 - [TEST_STEP][PASSED] - Statement - java.lang.Thread.sleep(4000): null

2018-07-03 17:29:31 - [TEST_STEP][PASSED] - tap: Tapped on element 'Object Repository/indust'

2018-07-03 17:29:31 - [MESSAGE][WARNING] - Timeout '0' is invalid. Using default page load timeout: '30'

2018-07-03 17:29:38 - [MESSAGE][PASSED] - Tapped on element 'Object Repository/indust'

2018-07-03 17:29:38 - [TEST_STEP][PASSED] - Statement - java.lang.Thread.sleep(4000): null

2018-07-03 17:29:42 - [TEST_STEP][PASSED] - Statement - (i++): null

2018-07-03 17:29:42 - [TEST_STEP][PASSED] - Statement - sel_course2 = driver.findElement(org.openqa.selenium.By.xpath("//hierarchy/android.widget.FrameLayout[1]/android.widget.LinearLayout[1]/android.widget.FrameLayout[1]/android.widget.LinearLayout[1]/android.widget.FrameLayout[1]/android.support.v4.widget.DrawerLayout[1]/android.view.ViewGroup[1]/android.widget.RelativeLayout[1]/android.widget.ListView[1]/android.widget.RelativeLayout[" + i + "]/android.widget.RelativeLayout[1]")): null

2018-07-03 17:29:42 - [TEST_STEP][PASSED] - Statement - price2 = sel_course2.findElement(org.openqa.selenium.By.id("co.olivemedia.hihoandroidwebapp:id/tv_training_specific_course_price")).getText(): null

2018-07-03 17:29:42 - [TEST_STEP][PASSED] - Statement - If (price2.equalsIgnoreCase("Free")): Element 'Object Repository/android.widget.Button0 - Enroll' is exist

2018-07-03 17:29:42 - [TEST_STEP][PASSED] - Statement - sel_course2.click(): null

2018-07-03 17:29:44 - [TEST_STEP][PASSED] - Statement - java.lang.Thread.sleep(4000): null

2018-07-03 17:29:48 - [TEST_STEP][PASSED] - tap: Tapped on element 'Object Repository/android.widget.Button0 - Enroll'

2018-07-03 17:29:50 - [MESSAGE][PASSED] - Tapped on element 'Object Repository/android.widget.Button0 - Enroll'

2018-07-03 17:29:50 - [TEST_STEP][PASSED] - Statement - java.lang.Thread.sleep(7000): Element 'Object Repository/android.widget.Button0 - Enroll' is exist

2018-07-03 17:29:57 - [MESSAGE][WARNING] - Timeout '0' is invalid. Using default page load timeout: '30'

2018-07-03 17:29:57 - [MESSAGE][PASSED] - Element 'Object Repository/android.widget.Button0 - Enroll' is exist

2018-07-03 17:29:57 - [TEST_STEP][PASSED] - tap: Tapped on element 'Object Repository/android.widget.LinearLayout22'

2018-07-03 17:29:57 - [MESSAGE][WARNING] - Timeout '0' is invalid. Using default page load timeout: '30'

2018-07-03 17:29:59 - [MESSAGE][PASSED] - Tapped on element 'Object Repository/android.widget.LinearLayout22'

2018-07-03 17:29:59 - [TEST_STEP][PASSED] - tap: Tapped on element 'Object Repository/android.widget.ImageView18'

2018-07-03 17:29:59 - [MESSAGE][WARNING] - Timeout '0' is invalid. Using default page load timeout: '30'

2018-07-03 17:30:01 - [MESSAGE][PASSED] - Tapped on element 'Object Repository/android.widget.ImageView18'

2018-07-03 17:30:01 - [TEST_STEP][PASSED] - tap: Tapped on element 'Object Repository/android.support.v7.widget.LinearLayoutCompat4'

2018-07-03 17:30:01 - [MESSAGE][WARNING] - Timeout '0' is invalid. Using default page load timeout: '30'

2018-07-03 17:30:03 - [MESSAGE][PASSED] - Tapped on element 'Object Repository/android.support.v7.widget.LinearLayoutCompat4'

2018-07-03 17:30:03 - [TEST_STEP][PASSED] - tap: Tapped on element 'Object Repository/android.widget.Button0 - Courses by industry'

2018-07-03 17:30:03 - [MESSAGE][WARNING] - Timeout '0' is invalid. Using default page load timeout: '30'

2018-07-03 17:30:05 - [MESSAGE][PASSED] - Tapped on element 'Object Repository/android.widget.Button0 - Courses by industry'

2018-07-03 17:30:05 - [TEST_STEP][PASSED] - Statement - java.lang.Thread.sleep(4000): null

2018-07-03 17:30:09 - [TEST_STEP][PASSED] - tap: Tapped on element 'Object Repository/indust'

2018-07-03 17:30:09 - [MESSAGE][WARNING] - Timeout '0' is invalid. Using default page load timeout: '30'

2018-07-03 17:30:11 - [MESSAGE][PASSED] - Tapped on element 'Object Repository/indust'

2018-07-03 17:30:11 - [TEST_STEP][PASSED] - Statement - java.lang.Thread.sleep(4000): null

2018-07-03 17:30:15 - [TEST_STEP][PASSED] - Statement - (i++): null

2018-07-03 17:30:15 - [TEST_STEP][PASSED] - Statement - sel_course2 = driver.findElement(org.openqa.selenium.By.xpath("//hierarchy/android.widget.FrameLayout[1]/android.widget.LinearLayout[1]/android.widget.FrameLayout[1]/android.widget.LinearLayout[1]/android.widget.FrameLayout[1]/android.support.v4.widget.DrawerLayout[1]/android.view.ViewGroup[1]/android.widget.RelativeLayout[1]/android.widget.ListView[1]/android.widget.RelativeLayout[" + i + "]/android.widget.RelativeLayout[1]")): null

2018-07-03 17:30:16 - [TEST_STEP][PASSED] - Statement - price2 = sel_course2.findElement(org.openqa.selenium.By.id("co.olivemedia.hihoandroidwebapp:id/tv_training_specific_course_price")).getText(): null

2018-07-03 17:30:16 - [TEST_STEP][PASSED] - Statement - Catch (Exception e): null

2018-07-03 17:30:16 - [TEST_STEP][PASSED] - Statement - out.println("Unable to apply training course"): null

2018-07-03 17:30:16 - [TEST_STEP][PASSED] - Statement - out.println(e.getMessage()): null]]></system-out>
         <system-err><![CDATA[]]></system-err>
      </testcase>
      <system-out><![CDATA[2018-07-03 17:26:35 - [TEST_SUITE][PASSED] - HiUpTestSuite: Test Cases/TrainingTest]]></system-out>
      <system-err><![CDATA[]]></system-err>
   </testsuite>
</testsuites>
