<?xml version="1.0" encoding="UTF-8"?>
<testsuites name="HiUpTestSuite" time="214" tests="2" failures="0" errors="0">
   <testsuite name="HiUpTestSuite" tests="2" failures="0" errors="0" time="214" timestamp="2018-07-04 09:41:35" hostname="Acer - DESKTOP-O5SIUU5" id="Test Suites/HiUpTestSuite">
      <properties>
         <property name="deviceName" value="samsung SM-G935F (Android 8.0.0)"/>
         <property name="devicePlatform" value=""/>
         <property name="logFolder" value="C:\\Users\\Acer\\Katalon Studio\\HiUpAutomation\\Reports\\HiUpTestSuite\\20180704_094128"/>
         <property name="logFiles" value="C:\\Users\\Acer\\Katalon Studio\\HiUpAutomation\\Reports\\HiUpTestSuite\\20180704_094128\\appium.log, C:\\Users\\Acer\\Katalon Studio\\HiUpAutomation\\Reports\\HiUpTestSuite\\20180704_094128\\execution0.log"/>
         <property name="attachments" value=""/>
         <property name="hostName" value="Acer - DESKTOP-O5SIUU5"/>
         <property name="os" value="Windows 10 64bit"/>
         <property name="katalonVersion" value="5.4.2.1"/>
         <property name="deviceOS" value="Android"/>
         <property name="appiumVersion" value="1.8.1"/>
         <property name="deviceModel" value="SM-G935F"/>
         <property name="hostAddress" value="192.168.210.2"/>
         <property name="deviceManufacturer" value="samsung"/>
         <property name="deviceId" value="ce12160cab7a2c4b0c"/>
         <property name="deviceName" value="samsung SM-G935F (Android 8.0.0)"/>
         <property name="deviceOSVersion" value="8.0.0"/>
      </properties>
      <testcase name="Test Cases/HiUP_LoginTest" classname="Test Cases/HiUP_LoginTest" status="PASSED">
         <system-out><![CDATA[2018-07-04 09:41:35 - [TEST_CASE][PASSED] - Test Cases/HiUP_LoginTest: Test Cases/HiUP_LoginTest

2018-07-04 09:41:36 - [TEST_STEP][PASSED] - Statement - Try: null

2018-07-04 09:41:36 - [TEST_STEP][PASSED] - Statement - email = "jmeter12345@gmail.com": null

2018-07-04 09:41:36 - [TEST_STEP][PASSED] - Statement - pass = "y@nzEE2018": null

2018-07-04 09:41:36 - [TEST_STEP][PASSED] - startApplication: Started app at: 'C:\Users\Acer\Desktop\HiUp_uat_apk\HIUP-2.2.2(68).apk'

2018-07-04 09:42:21 - [MESSAGE][PASSED] - Started app at: 'C:\Users\Acer\Desktop\HiUp_uat_apk\HIUP-2.2.2(68).apk'

2018-07-04 09:42:21 - [TEST_STEP][PASSED] - tap: Tapped on element 'Object Repository/android.widget.LinearLayout22'

2018-07-04 09:42:21 - [MESSAGE][WARNING] - Timeout '0' is invalid. Using default page load timeout: '30'

2018-07-04 09:42:27 - [MESSAGE][PASSED] - Tapped on element 'Object Repository/android.widget.LinearLayout22'

2018-07-04 09:42:27 - [TEST_STEP][PASSED] - tap: Tapped on element 'Object Repository/android.widget.ImageView18'

2018-07-04 09:42:27 - [MESSAGE][WARNING] - Timeout '0' is invalid. Using default page load timeout: '30'

2018-07-04 09:42:32 - [MESSAGE][PASSED] - Tapped on element 'Object Repository/android.widget.ImageView18'

2018-07-04 09:42:32 - [TEST_STEP][PASSED] - tap: Tapped on element 'Object Repository/android.support.v7.widget.LinearLayoutCompat8'

2018-07-04 09:42:32 - [MESSAGE][WARNING] - Timeout '0' is invalid. Using default page load timeout: '30'

2018-07-04 09:42:35 - [MESSAGE][PASSED] - Tapped on element 'Object Repository/android.support.v7.widget.LinearLayoutCompat8'

2018-07-04 09:42:35 - [TEST_STEP][PASSED] - tap: Tapped on element 'Object Repository/android.widget.Button0 - Sign in'

2018-07-04 09:42:35 - [MESSAGE][WARNING] - Timeout '0' is invalid. Using default page load timeout: '30'

2018-07-04 09:42:37 - [MESSAGE][PASSED] - Tapped on element 'Object Repository/android.widget.Button0 - Sign in'

2018-07-04 09:42:37 - [TEST_STEP][PASSED] - tap: Tapped on element 'Object Repository/android.widget.Button1 - LOGIN'

2018-07-04 09:42:37 - [MESSAGE][WARNING] - Timeout '0' is invalid. Using default page load timeout: '30'

2018-07-04 09:42:39 - [MESSAGE][PASSED] - Tapped on element 'Object Repository/android.widget.Button1 - LOGIN'

2018-07-04 09:42:39 - [TEST_STEP][PASSED] - setText: Text 'jmeter12345@gmail.com' has been set to element 'Object Repository/android.widget.EditText0 - Email'

2018-07-04 09:42:39 - [MESSAGE][WARNING] - Timeout '0' is invalid. Using default page load timeout: '30'

2018-07-04 09:42:41 - [MESSAGE][PASSED] - Text 'jmeter12345@gmail.com' has been set to element 'Object Repository/android.widget.EditText0 - Email'

2018-07-04 09:42:41 - [TEST_STEP][PASSED] - setText: Text 'y@nzEE2018' has been set to element 'Object Repository/android.widget.EditText1 - Password'

2018-07-04 09:42:41 - [MESSAGE][WARNING] - Timeout '0' is invalid. Using default page load timeout: '30'

2018-07-04 09:42:44 - [MESSAGE][PASSED] - Text 'y@nzEE2018' has been set to element 'Object Repository/android.widget.EditText1 - Password'

2018-07-04 09:42:44 - [TEST_STEP][PASSED] - tap: Tapped on element 'Object Repository/android.widget.Button6 - Sign in'

2018-07-04 09:42:44 - [MESSAGE][WARNING] - Timeout '0' is invalid. Using default page load timeout: '30'

2018-07-04 09:42:46 - [MESSAGE][PASSED] - Tapped on element 'Object Repository/android.widget.Button6 - Sign in'

2018-07-04 09:42:46 - [TEST_STEP][PASSED] - tap: Tapped on element 'Object Repository/android.widget.LinearLayout22'

2018-07-04 09:42:46 - [MESSAGE][WARNING] - Timeout '0' is invalid. Using default page load timeout: '30'

2018-07-04 09:42:53 - [MESSAGE][PASSED] - Tapped on element 'Object Repository/android.widget.LinearLayout22'

2018-07-04 09:42:53 - [TEST_STEP][PASSED] - tap: Tapped on element 'Object Repository/android.widget.ImageView18'

2018-07-04 09:42:53 - [MESSAGE][WARNING] - Timeout '0' is invalid. Using default page load timeout: '30'

2018-07-04 09:42:55 - [MESSAGE][PASSED] - Tapped on element 'Object Repository/android.widget.ImageView18'

2018-07-04 09:42:55 - [TEST_STEP][PASSED] - tap: Tapped on element 'Object Repository/android.widget.CheckedTextView3 - Profile'

2018-07-04 09:42:55 - [MESSAGE][WARNING] - Timeout '0' is invalid. Using default page load timeout: '30'

2018-07-04 09:42:58 - [MESSAGE][PASSED] - Tapped on element 'Object Repository/android.widget.CheckedTextView3 - Profile'

2018-07-04 09:42:58 - [TEST_STEP][PASSED] - Statement - java.lang.Thread.sleep(5000): null

2018-07-04 09:43:03 - [TEST_STEP][PASSED] - Statement - result = com.kms.katalon.core.mobile.keyword.MobileBuiltInKeywords.getText(com.kms.katalon.core.testobject.ObjectRepository.findTestObject(prof_email), 0): Text of element 'Object Repository/prof_email' is: 'jmeter12345@gmail.com'

2018-07-04 09:43:03 - [MESSAGE][WARNING] - Timeout '0' is invalid. Using default page load timeout: '30'

2018-07-04 09:43:03 - [MESSAGE][PASSED] - Text of element 'Object Repository/prof_email' is: 'jmeter12345@gmail.com'

2018-07-04 09:43:03 - [TEST_STEP][PASSED] - Statement - out.println(result): null

2018-07-04 09:43:03 - [TEST_STEP][PASSED] - Statement - If (result.equalsIgnoreCase(email)): null

2018-07-04 09:43:03 - [TEST_STEP][PASSED] - Statement - out.println("Successfully logged in"): null]]></system-out>
         <system-err><![CDATA[]]></system-err>
      </testcase>
      <testcase name="Test Cases/TrainingTest" classname="Test Cases/TrainingTest" status="PASSED">
         <system-out><![CDATA[2018-07-04 09:43:03 - [TEST_CASE][PASSED] - Test Cases/TrainingTest: Test Cases/TrainingTest

2018-07-04 09:43:04 - [TEST_STEP][PASSED] - Statement - driver = com.kms.katalon.core.mobile.keyword.internal.MobileDriverFactory.getDriver(): null

2018-07-04 09:43:04 - [TEST_STEP][PASSED] - Statement - Try: null

2018-07-04 09:43:04 - [TEST_STEP][PASSED] - Statement - For ([i = 1, i <= 4, (i++)]): null

2018-07-04 09:43:04 - [TEST_STEP][PASSED] - tap: Tapped on element 'Object Repository/android.widget.LinearLayout22'

2018-07-04 09:43:04 - [MESSAGE][WARNING] - Timeout '0' is invalid. Using default page load timeout: '30'

2018-07-04 09:43:05 - [MESSAGE][PASSED] - Tapped on element 'Object Repository/android.widget.LinearLayout22'

2018-07-04 09:43:05 - [TEST_STEP][PASSED] - tap: Tapped on element 'Object Repository/android.widget.ImageView18'

2018-07-04 09:43:05 - [MESSAGE][WARNING] - Timeout '0' is invalid. Using default page load timeout: '30'

2018-07-04 09:43:08 - [MESSAGE][PASSED] - Tapped on element 'Object Repository/android.widget.ImageView18'

2018-07-04 09:43:08 - [TEST_STEP][PASSED] - tap: Tapped on element 'Object Repository/android.support.v7.widget.LinearLayoutCompat4'

2018-07-04 09:43:08 - [MESSAGE][WARNING] - Timeout '0' is invalid. Using default page load timeout: '30'

2018-07-04 09:43:10 - [MESSAGE][PASSED] - Tapped on element 'Object Repository/android.support.v7.widget.LinearLayoutCompat4'

2018-07-04 09:43:10 - [TEST_STEP][PASSED] - tap: Tapped on element 'Object Repository/android.widget.Button0 - Courses by industry'

2018-07-04 09:43:10 - [MESSAGE][WARNING] - Timeout '0' is invalid. Using default page load timeout: '30'

2018-07-04 09:43:13 - [MESSAGE][PASSED] - Tapped on element 'Object Repository/android.widget.Button0 - Courses by industry'

2018-07-04 09:43:13 - [TEST_STEP][PASSED] - Statement - java.lang.Thread.sleep(4000): null

2018-07-04 09:43:17 - [TEST_STEP][PASSED] - tap: Tapped on element 'Object Repository/indust'

2018-07-04 09:43:17 - [MESSAGE][WARNING] - Timeout '0' is invalid. Using default page load timeout: '30'

2018-07-04 09:43:20 - [MESSAGE][PASSED] - Tapped on element 'Object Repository/indust'

2018-07-04 09:43:20 - [TEST_STEP][PASSED] - Statement - java.lang.Thread.sleep(4000): null

2018-07-04 09:43:24 - [TEST_STEP][PASSED] - Statement - sel_course = driver.findElement(org.openqa.selenium.By.xpath("//hierarchy/android.widget.FrameLayout[1]/android.widget.LinearLayout[1]/android.widget.FrameLayout[1]/android.widget.LinearLayout[1]/android.widget.FrameLayout[1]/android.support.v4.widget.DrawerLayout[1]/android.view.ViewGroup[1]/android.widget.RelativeLayout[1]/android.widget.ListView[1]/android.widget.RelativeLayout[" + i + "]/android.widget.RelativeLayout[1]")): null

2018-07-04 09:43:24 - [TEST_STEP][PASSED] - Statement - price = sel_course.findElement(org.openqa.selenium.By.id("co.olivemedia.hihoandroidwebapp:id/tv_training_specific_course_price")).getText(): null

2018-07-04 09:43:25 - [TEST_STEP][PASSED] - Statement - row_course = sel_course.findElement(org.openqa.selenium.By.id("co.olivemedia.hihoandroidwebapp:id/rl_training_specific_course")).getText(): null

2018-07-04 09:43:25 - [TEST_STEP][PASSED] - Statement - If (price.equalsIgnoreCase("Free")): null

2018-07-04 09:43:25 - [TEST_STEP][PASSED] - Statement - sel_course.click(): null

2018-07-04 09:43:27 - [TEST_STEP][PASSED] - Statement - java.lang.Thread.sleep(4000): null

2018-07-04 09:43:31 - [TEST_STEP][PASSED] - tap: Tapped on element 'Object Repository/android.widget.Button0 - Enroll'

2018-07-04 09:43:33 - [MESSAGE][PASSED] - Tapped on element 'Object Repository/android.widget.Button0 - Enroll'

2018-07-04 09:43:33 - [TEST_STEP][PASSED] - Statement - java.lang.Thread.sleep(7000): null

2018-07-04 09:43:40 - [TEST_STEP][PASSED] - Statement - If (com.kms.katalon.core.mobile.keyword.MobileBuiltInKeywords.verifyElementExist(com.kms.katalon.core.testobject.ObjectRepository.findTestObject(android.widget.Button0 - Enroll), 0)): null

2018-07-04 09:43:40 - [MESSAGE][WARNING] - Timeout '0' is invalid. Using default page load timeout: '30'

2018-07-04 09:43:40 - [MESSAGE][PASSED] - Element 'Object Repository/android.widget.Button0 - Enroll' is exist

2018-07-04 09:43:40 - [TEST_STEP][PASSED] - Statement - out.println("Course has already been purchased."): null

2018-07-04 09:43:40 - [TEST_STEP][PASSED] - tap: Tapped on element 'Object Repository/android.widget.LinearLayout22'

2018-07-04 09:43:40 - [MESSAGE][WARNING] - Timeout '0' is invalid. Using default page load timeout: '30'

2018-07-04 09:43:42 - [MESSAGE][PASSED] - Tapped on element 'Object Repository/android.widget.LinearLayout22'

2018-07-04 09:43:42 - [TEST_STEP][PASSED] - tap: Tapped on element 'Object Repository/android.widget.ImageView18'

2018-07-04 09:43:42 - [MESSAGE][WARNING] - Timeout '0' is invalid. Using default page load timeout: '30'

2018-07-04 09:43:44 - [MESSAGE][PASSED] - Tapped on element 'Object Repository/android.widget.ImageView18'

2018-07-04 09:43:44 - [TEST_STEP][PASSED] - tap: Tapped on element 'Object Repository/android.support.v7.widget.LinearLayoutCompat4'

2018-07-04 09:43:44 - [MESSAGE][WARNING] - Timeout '0' is invalid. Using default page load timeout: '30'

2018-07-04 09:43:46 - [MESSAGE][PASSED] - Tapped on element 'Object Repository/android.support.v7.widget.LinearLayoutCompat4'

2018-07-04 09:43:46 - [TEST_STEP][PASSED] - tap: Tapped on element 'Object Repository/android.widget.Button0 - Courses by industry'

2018-07-04 09:43:46 - [MESSAGE][WARNING] - Timeout '0' is invalid. Using default page load timeout: '30'

2018-07-04 09:43:48 - [MESSAGE][PASSED] - Tapped on element 'Object Repository/android.widget.Button0 - Courses by industry'

2018-07-04 09:43:48 - [TEST_STEP][PASSED] - Statement - java.lang.Thread.sleep(4000): null

2018-07-04 09:43:52 - [TEST_STEP][PASSED] - tap: Tapped on element 'Object Repository/indust'

2018-07-04 09:43:52 - [MESSAGE][WARNING] - Timeout '0' is invalid. Using default page load timeout: '30'

2018-07-04 09:43:55 - [MESSAGE][PASSED] - Tapped on element 'Object Repository/indust'

2018-07-04 09:43:55 - [TEST_STEP][PASSED] - Statement - java.lang.Thread.sleep(4000): null

2018-07-04 09:43:59 - [TEST_STEP][PASSED] - Statement - sel_course = driver.findElement(org.openqa.selenium.By.xpath("//hierarchy/android.widget.FrameLayout[1]/android.widget.LinearLayout[1]/android.widget.FrameLayout[1]/android.widget.LinearLayout[1]/android.widget.FrameLayout[1]/android.support.v4.widget.DrawerLayout[1]/android.view.ViewGroup[1]/android.widget.RelativeLayout[1]/android.widget.ListView[1]/android.widget.RelativeLayout[" + i + "]/android.widget.RelativeLayout[1]")): null

2018-07-04 09:44:00 - [TEST_STEP][PASSED] - Statement - price = sel_course.findElement(org.openqa.selenium.By.id("co.olivemedia.hihoandroidwebapp:id/tv_training_specific_course_price")).getText(): null

2018-07-04 09:44:00 - [TEST_STEP][PASSED] - Statement - row_course = sel_course.findElement(org.openqa.selenium.By.id("co.olivemedia.hihoandroidwebapp:id/rl_training_specific_course")).getText(): null

2018-07-04 09:44:01 - [TEST_STEP][PASSED] - Statement - If (price.equalsIgnoreCase("Free")): null

2018-07-04 09:44:01 - [TEST_STEP][PASSED] - Statement - sel_course.click(): null

2018-07-04 09:44:02 - [TEST_STEP][PASSED] - Statement - java.lang.Thread.sleep(4000): null

2018-07-04 09:44:06 - [TEST_STEP][PASSED] - tap: Tapped on element 'Object Repository/android.widget.Button0 - Enroll'

2018-07-04 09:44:08 - [MESSAGE][PASSED] - Tapped on element 'Object Repository/android.widget.Button0 - Enroll'

2018-07-04 09:44:08 - [TEST_STEP][PASSED] - Statement - java.lang.Thread.sleep(7000): null

2018-07-04 09:44:15 - [TEST_STEP][PASSED] - Statement - If (com.kms.katalon.core.mobile.keyword.MobileBuiltInKeywords.verifyElementExist(com.kms.katalon.core.testobject.ObjectRepository.findTestObject(android.widget.Button0 - Enroll), 0)): null

2018-07-04 09:44:15 - [MESSAGE][WARNING] - Timeout '0' is invalid. Using default page load timeout: '30'

2018-07-04 09:44:15 - [MESSAGE][PASSED] - Element 'Object Repository/android.widget.Button0 - Enroll' is exist

2018-07-04 09:44:15 - [TEST_STEP][PASSED] - Statement - out.println("Course has already been purchased."): null

2018-07-04 09:44:15 - [TEST_STEP][PASSED] - tap: Tapped on element 'Object Repository/android.widget.LinearLayout22'

2018-07-04 09:44:15 - [MESSAGE][WARNING] - Timeout '0' is invalid. Using default page load timeout: '30'

2018-07-04 09:44:17 - [MESSAGE][PASSED] - Tapped on element 'Object Repository/android.widget.LinearLayout22'

2018-07-04 09:44:17 - [TEST_STEP][PASSED] - tap: Tapped on element 'Object Repository/android.widget.ImageView18'

2018-07-04 09:44:17 - [MESSAGE][WARNING] - Timeout '0' is invalid. Using default page load timeout: '30'

2018-07-04 09:44:19 - [MESSAGE][PASSED] - Tapped on element 'Object Repository/android.widget.ImageView18'

2018-07-04 09:44:19 - [TEST_STEP][PASSED] - tap: Tapped on element 'Object Repository/android.support.v7.widget.LinearLayoutCompat4'

2018-07-04 09:44:19 - [MESSAGE][WARNING] - Timeout '0' is invalid. Using default page load timeout: '30'

2018-07-04 09:44:21 - [MESSAGE][PASSED] - Tapped on element 'Object Repository/android.support.v7.widget.LinearLayoutCompat4'

2018-07-04 09:44:21 - [TEST_STEP][PASSED] - tap: Tapped on element 'Object Repository/android.widget.Button0 - Courses by industry'

2018-07-04 09:44:21 - [MESSAGE][WARNING] - Timeout '0' is invalid. Using default page load timeout: '30'

2018-07-04 09:44:24 - [MESSAGE][PASSED] - Tapped on element 'Object Repository/android.widget.Button0 - Courses by industry'

2018-07-04 09:44:24 - [TEST_STEP][PASSED] - Statement - java.lang.Thread.sleep(4000): null

2018-07-04 09:44:28 - [TEST_STEP][PASSED] - tap: Tapped on element 'Object Repository/indust'

2018-07-04 09:44:28 - [MESSAGE][WARNING] - Timeout '0' is invalid. Using default page load timeout: '30'

2018-07-04 09:44:29 - [MESSAGE][PASSED] - Tapped on element 'Object Repository/indust'

2018-07-04 09:44:29 - [TEST_STEP][PASSED] - Statement - java.lang.Thread.sleep(4000): null

2018-07-04 09:44:33 - [TEST_STEP][PASSED] - Statement - sel_course = driver.findElement(org.openqa.selenium.By.xpath("//hierarchy/android.widget.FrameLayout[1]/android.widget.LinearLayout[1]/android.widget.FrameLayout[1]/android.widget.LinearLayout[1]/android.widget.FrameLayout[1]/android.support.v4.widget.DrawerLayout[1]/android.view.ViewGroup[1]/android.widget.RelativeLayout[1]/android.widget.ListView[1]/android.widget.RelativeLayout[" + i + "]/android.widget.RelativeLayout[1]")): null

2018-07-04 09:44:33 - [TEST_STEP][PASSED] - Statement - price = sel_course.findElement(org.openqa.selenium.By.id("co.olivemedia.hihoandroidwebapp:id/tv_training_specific_course_price")).getText(): null

2018-07-04 09:44:33 - [TEST_STEP][PASSED] - Statement - row_course = sel_course.findElement(org.openqa.selenium.By.id("co.olivemedia.hihoandroidwebapp:id/rl_training_specific_course")).getText(): null

2018-07-04 09:44:34 - [TEST_STEP][PASSED] - Statement - If (price.equalsIgnoreCase("Free")): null

2018-07-04 09:44:34 - [TEST_STEP][PASSED] - Statement - sel_course.click(): null

2018-07-04 09:44:35 - [TEST_STEP][PASSED] - Statement - java.lang.Thread.sleep(4000): null

2018-07-04 09:44:39 - [TEST_STEP][PASSED] - tap: Tapped on element 'Object Repository/android.widget.Button0 - Enroll'

2018-07-04 09:44:41 - [MESSAGE][PASSED] - Tapped on element 'Object Repository/android.widget.Button0 - Enroll'

2018-07-04 09:44:41 - [TEST_STEP][PASSED] - Statement - java.lang.Thread.sleep(7000): null

2018-07-04 09:44:48 - [TEST_STEP][PASSED] - Statement - If (com.kms.katalon.core.mobile.keyword.MobileBuiltInKeywords.verifyElementExist(com.kms.katalon.core.testobject.ObjectRepository.findTestObject(android.widget.Button0 - Enroll), 0)): null

2018-07-04 09:44:48 - [MESSAGE][WARNING] - Timeout '0' is invalid. Using default page load timeout: '30'

2018-07-04 09:44:48 - [MESSAGE][PASSED] - Element 'Object Repository/android.widget.Button0 - Enroll' is exist

2018-07-04 09:44:48 - [TEST_STEP][PASSED] - Statement - out.println("Course has already been purchased."): null

2018-07-04 09:44:48 - [TEST_STEP][PASSED] - tap: Tapped on element 'Object Repository/android.widget.LinearLayout22'

2018-07-04 09:44:48 - [MESSAGE][WARNING] - Timeout '0' is invalid. Using default page load timeout: '30'

2018-07-04 09:44:50 - [MESSAGE][PASSED] - Tapped on element 'Object Repository/android.widget.LinearLayout22'

2018-07-04 09:44:50 - [TEST_STEP][PASSED] - tap: Tapped on element 'Object Repository/android.widget.ImageView18'

2018-07-04 09:44:50 - [MESSAGE][WARNING] - Timeout '0' is invalid. Using default page load timeout: '30'

2018-07-04 09:44:52 - [MESSAGE][PASSED] - Tapped on element 'Object Repository/android.widget.ImageView18'

2018-07-04 09:44:52 - [TEST_STEP][PASSED] - tap: Tapped on element 'Object Repository/android.support.v7.widget.LinearLayoutCompat4'

2018-07-04 09:44:52 - [MESSAGE][WARNING] - Timeout '0' is invalid. Using default page load timeout: '30'

2018-07-04 09:44:55 - [MESSAGE][PASSED] - Tapped on element 'Object Repository/android.support.v7.widget.LinearLayoutCompat4'

2018-07-04 09:44:55 - [TEST_STEP][PASSED] - tap: Tapped on element 'Object Repository/android.widget.Button0 - Courses by industry'

2018-07-04 09:44:55 - [MESSAGE][WARNING] - Timeout '0' is invalid. Using default page load timeout: '30'

2018-07-04 09:44:57 - [MESSAGE][PASSED] - Tapped on element 'Object Repository/android.widget.Button0 - Courses by industry'

2018-07-04 09:44:57 - [TEST_STEP][PASSED] - Statement - java.lang.Thread.sleep(4000): null

2018-07-04 09:45:01 - [TEST_STEP][PASSED] - tap: Tapped on element 'Object Repository/indust'

2018-07-04 09:45:01 - [MESSAGE][WARNING] - Timeout '0' is invalid. Using default page load timeout: '30'

2018-07-04 09:45:03 - [MESSAGE][PASSED] - Tapped on element 'Object Repository/indust'

2018-07-04 09:45:03 - [TEST_STEP][PASSED] - Statement - java.lang.Thread.sleep(4000): null

2018-07-04 09:45:07 - [TEST_STEP][PASSED] - Statement - sel_course = driver.findElement(org.openqa.selenium.By.xpath("//hierarchy/android.widget.FrameLayout[1]/android.widget.LinearLayout[1]/android.widget.FrameLayout[1]/android.widget.LinearLayout[1]/android.widget.FrameLayout[1]/android.support.v4.widget.DrawerLayout[1]/android.view.ViewGroup[1]/android.widget.RelativeLayout[1]/android.widget.ListView[1]/android.widget.RelativeLayout[" + i + "]/android.widget.RelativeLayout[1]")): null

2018-07-04 09:45:07 - [TEST_STEP][PASSED] - Statement - price = sel_course.findElement(org.openqa.selenium.By.id("co.olivemedia.hihoandroidwebapp:id/tv_training_specific_course_price")).getText(): null

2018-07-04 09:45:07 - [TEST_STEP][PASSED] - Statement - Catch (Exception e): null

2018-07-04 09:45:07 - [TEST_STEP][PASSED] - Statement - out.println("Unable to apply training course"): null

2018-07-04 09:45:07 - [TEST_STEP][PASSED] - Statement - out.println(e.getMessage()): null]]></system-out>
         <system-err><![CDATA[]]></system-err>
      </testcase>
      <system-out><![CDATA[2018-07-04 09:41:35 - [TEST_SUITE][PASSED] - HiUpTestSuite: Test Cases/TrainingTest]]></system-out>
      <system-err><![CDATA[]]></system-err>
   </testsuite>
</testsuites>
