<?xml version="1.0" encoding="UTF-8"?>
<testsuites name="HiUpTestSuite" time="98" tests="1" failures="0" errors="0">
   <testsuite name="HiUpTestSuite" tests="1" failures="0" errors="0" time="98" timestamp="2018-08-01 12:39:45" hostname="Acer - DESKTOP-O5SIUU5" id="Test Suites/HiUpTestSuite">
      <properties>
         <property name="deviceName" value="samsung SM-G935F (Android 8.0.0)"/>
         <property name="devicePlatform" value=""/>
         <property name="logFolder" value="C:\\Users\\Acer\\Katalon Studio\\HiUpAutomation\\Reports\\HiUpTestSuite\\20180801_123938"/>
         <property name="logFiles" value="C:\\Users\\Acer\\Katalon Studio\\HiUpAutomation\\Reports\\HiUpTestSuite\\20180801_123938\\appium.log, C:\\Users\\Acer\\Katalon Studio\\HiUpAutomation\\Reports\\HiUpTestSuite\\20180801_123938\\execution0.log"/>
         <property name="attachments" value=""/>
         <property name="hostName" value="Acer - DESKTOP-O5SIUU5"/>
         <property name="os" value="Windows 10 64bit"/>
         <property name="katalonVersion" value="5.4.2.1"/>
         <property name="deviceOS" value="Android"/>
         <property name="appiumVersion" value="1.8.1"/>
         <property name="deviceModel" value="SM-G935F"/>
         <property name="hostAddress" value="192.168.210.2"/>
         <property name="deviceManufacturer" value="samsung"/>
         <property name="deviceId" value="ce12160cab7a2c4b0c"/>
         <property name="deviceName" value="samsung SM-G935F (Android 8.0.0)"/>
         <property name="deviceOSVersion" value="8.0.0"/>
      </properties>
      <testcase name="Test Cases/SignUpTest" classname="Test Cases/SignUpTest" status="PASSED">
         <system-out><![CDATA[2018-08-01 12:39:46 - [TEST_CASE][PASSED] - Test Cases/SignUpTest: Test Cases/SignUpTest

2018-08-01 12:39:46 - [TEST_STEP][PASSED] - Statement - Try: null

2018-08-01 12:39:46 - [TEST_STEP][PASSED] - startApplication: Started app at: 'C:\Users\Acer\Desktop\HiUp_uat_apk\hiup23.apk'

2018-08-01 12:40:33 - [MESSAGE][PASSED] - Started app at: 'C:\Users\Acer\Desktop\HiUp_uat_apk\hiup23.apk'

2018-08-01 12:40:33 - [TEST_STEP][PASSED] - tap: Tapped on element 'Object Repository/android.widget.LinearLayout22'

2018-08-01 12:40:33 - [MESSAGE][WARNING] - Timeout '0' is invalid. Using default page load timeout: '30'

2018-08-01 12:40:39 - [MESSAGE][PASSED] - Tapped on element 'Object Repository/android.widget.LinearLayout22'

2018-08-01 12:40:39 - [TEST_STEP][PASSED] - tap: Tapped on element 'Object Repository/android.widget.ImageView18'

2018-08-01 12:40:40 - [MESSAGE][WARNING] - Timeout '0' is invalid. Using default page load timeout: '30'

2018-08-01 12:40:45 - [MESSAGE][PASSED] - Tapped on element 'Object Repository/android.widget.ImageView18'

2018-08-01 12:40:45 - [TEST_STEP][PASSED] - tap: Tapped on element 'Object Repository/android.support.v7.widget.LinearLayoutCompat8'

2018-08-01 12:40:45 - [MESSAGE][WARNING] - Timeout '0' is invalid. Using default page load timeout: '30'

2018-08-01 12:40:49 - [MESSAGE][PASSED] - Tapped on element 'Object Repository/android.support.v7.widget.LinearLayoutCompat8'

2018-08-01 12:40:49 - [TEST_STEP][PASSED] - tap: Tapped on element 'Object Repository/android.widget.Button0 - Sign in'

2018-08-01 12:40:49 - [MESSAGE][WARNING] - Timeout '0' is invalid. Using default page load timeout: '30'

2018-08-01 12:40:50 - [MESSAGE][PASSED] - Tapped on element 'Object Repository/android.widget.Button0 - Sign in'

2018-08-01 12:40:50 - [TEST_STEP][PASSED] - tap: Tapped on element 'Object Repository/android.widget.Button2 - SIGN UP'

2018-08-01 12:40:50 - [MESSAGE][WARNING] - Timeout '0' is invalid. Using default page load timeout: '30'

2018-08-01 12:40:53 - [MESSAGE][PASSED] - Tapped on element 'Object Repository/android.widget.Button2 - SIGN UP'

2018-08-01 12:40:53 - [TEST_STEP][PASSED] - Statement - email = "yangjee123456@hiupapp.com": null

2018-08-01 12:40:53 - [TEST_STEP][PASSED] - setText: Text 'jmeter2001@gmail.com' has been set to element 'Object Repository/android.widget.EditText0 - Email address'

2018-08-01 12:40:54 - [MESSAGE][WARNING] - Timeout '0' is invalid. Using default page load timeout: '30'

2018-08-01 12:40:57 - [MESSAGE][PASSED] - Text 'jmeter2001@gmail.com' has been set to element 'Object Repository/android.widget.EditText0 - Email address'

2018-08-01 12:40:57 - [TEST_STEP][PASSED] - setText: Text 'jmeter2001@gmail.com' has been set to element 'Object Repository/android.widget.EditText1 - Confirm email address'

2018-08-01 12:40:57 - [MESSAGE][WARNING] - Timeout '0' is invalid. Using default page load timeout: '30'

2018-08-01 12:41:00 - [MESSAGE][PASSED] - Text 'jmeter2001@gmail.com' has been set to element 'Object Repository/android.widget.EditText1 - Confirm email address'

2018-08-01 12:41:00 - [TEST_STEP][PASSED] - setText: Text 'Pratik' has been set to element 'Object Repository/android.widget.EditText2 - First name'

2018-08-01 12:41:00 - [MESSAGE][WARNING] - Timeout '0' is invalid. Using default page load timeout: '30'

2018-08-01 12:41:03 - [MESSAGE][PASSED] - Text 'Pratik' has been set to element 'Object Repository/android.widget.EditText2 - First name'

2018-08-01 12:41:03 - [TEST_STEP][PASSED] - setText: Text 'Shrestha' has been set to element 'Object Repository/android.widget.EditText3 - Last name'

2018-08-01 12:41:03 - [MESSAGE][WARNING] - Timeout '0' is invalid. Using default page load timeout: '30'

2018-08-01 12:41:06 - [MESSAGE][PASSED] - Text 'Shrestha' has been set to element 'Object Repository/android.widget.EditText3 - Last name'

2018-08-01 12:41:06 - [TEST_STEP][PASSED] - setText: Text 'y@nzEE2018' has been set to element 'Object Repository/android.widget.EditText4 - Password'

2018-08-01 12:41:06 - [MESSAGE][WARNING] - Timeout '0' is invalid. Using default page load timeout: '30'

2018-08-01 12:41:09 - [MESSAGE][PASSED] - Text 'y@nzEE2018' has been set to element 'Object Repository/android.widget.EditText4 - Password'

2018-08-01 12:41:09 - [TEST_STEP][PASSED] - setText: Text 'y@nzEE2018' has been set to element 'Object Repository/android.widget.EditText5 - Confirm password'

2018-08-01 12:41:09 - [MESSAGE][WARNING] - Timeout '0' is invalid. Using default page load timeout: '30'

2018-08-01 12:41:12 - [MESSAGE][PASSED] - Text 'y@nzEE2018' has been set to element 'Object Repository/android.widget.EditText5 - Confirm password'

2018-08-01 12:41:12 - [TEST_STEP][PASSED] - Statement - verticalSwipe(): null

2018-08-01 12:41:12 - [TEST_STEP][PASSED] - Statement - width = com.kms.katalon.core.mobile.keyword.MobileBuiltInKeywords.getDeviceWidth(): Current device physical width is 1440

2018-08-01 12:41:12 - [MESSAGE][PASSED] - Current device physical width is 1440

2018-08-01 12:41:12 - [TEST_STEP][PASSED] - Statement - startX = width / 2: null

2018-08-01 12:41:12 - [TEST_STEP][PASSED] - Statement - endX = startX: null

2018-08-01 12:41:12 - [TEST_STEP][PASSED] - Statement - startY = width * 0.30: null

2018-08-01 12:41:12 - [TEST_STEP][PASSED] - Statement - endY = width * 0.70: null

2018-08-01 12:41:12 - [TEST_STEP][PASSED] - swipe: Swiped from 720,1,008 to 720,432

2018-08-01 12:41:15 - [MESSAGE][PASSED] - Swiped from 720,1,008 to 720,432

2018-08-01 12:41:15 - [TEST_STEP][PASSED] - Statement - java.lang.Thread.sleep(2000): Reading excel file with source file 'C:\Users\Acer\Desktop\selenium\exceldata\appiumsignup.xlsx' and sheet name 'Sheet1'

2018-08-01 12:41:17 - [TEST_STEP][PASSED] - tap: Tapped on element 'Object Repository/android.widget.CheckBox0 (1)'

2018-08-01 12:41:17 - [MESSAGE][WARNING] - Timeout '0' is invalid. Using default page load timeout: '30'

2018-08-01 12:41:19 - [MESSAGE][PASSED] - Tapped on element 'Object Repository/android.widget.CheckBox0 (1)'

2018-08-01 12:41:19 - [TEST_STEP][PASSED] - tap: Tapped on element 'Object Repository/android.widget.Button0 - Continue'

2018-08-01 12:41:21 - [MESSAGE][PASSED] - Tapped on element 'Object Repository/android.widget.Button0 - Continue'

2018-08-01 12:41:21 - [TEST_STEP][PASSED] - setText: Reading excel file with source file 'C:\Users\Acer\Desktop\selenium\exceldata\appiumsignup.xlsx' and sheet name 'Sheet1'

2018-08-01 12:41:21 - [TEST_STEP][PASSED] - Statement - Catch (Exception e): null

2018-08-01 12:41:21 - [TEST_STEP][PASSED] - Statement - out.println("Unable to sign up"): null

2018-08-01 12:41:21 - [TEST_STEP][PASSED] - Statement - out.println(e.getMessage()): null]]></system-out>
         <system-err><![CDATA[]]></system-err>
      </testcase>
      <system-out><![CDATA[2018-08-01 12:39:45 - [TEST_SUITE][PASSED] - HiUpTestSuite: Test Cases/SignUpTest]]></system-out>
      <system-err><![CDATA[]]></system-err>
   </testsuite>
</testsuites>
