<?xml version="1.0" encoding="UTF-8"?>
<testsuites name="HiUpTestSuite" time="91" tests="1" failures="1" errors="0">
   <testsuite name="HiUpTestSuite" tests="1" failures="1" errors="0" time="91" timestamp="2018-07-30 15:42:44" hostname="Acer - DESKTOP-O5SIUU5" id="Test Suites/HiUpTestSuite">
      <properties>
         <property name="deviceName" value="samsung SM-G935F (Android 8.0.0)"/>
         <property name="devicePlatform" value=""/>
         <property name="logFolder" value="C:\\Users\\Acer\\Katalon Studio\\HiUpAutomation\\Reports\\HiUpTestSuite\\20180730_154236"/>
         <property name="logFiles" value="C:\\Users\\Acer\\Katalon Studio\\HiUpAutomation\\Reports\\HiUpTestSuite\\20180730_154236\\appium.log, C:\\Users\\Acer\\Katalon Studio\\HiUpAutomation\\Reports\\HiUpTestSuite\\20180730_154236\\execution0.log"/>
         <property name="attachments" value=""/>
         <property name="hostName" value="Acer - DESKTOP-O5SIUU5"/>
         <property name="os" value="Windows 10 64bit"/>
         <property name="katalonVersion" value="5.4.2.1"/>
         <property name="deviceOS" value="Android"/>
         <property name="deviceModel" value="SM-G935F"/>
         <property name="hostAddress" value="192.168.210.2"/>
         <property name="deviceManufacturer" value="samsung"/>
         <property name="deviceId" value="ce12160cab7a2c4b0c"/>
         <property name="deviceName" value="samsung SM-G935F (Android 8.0.0)"/>
         <property name="deviceOSVersion" value="8.0.0"/>
      </properties>
      <testcase name="Test Cases/HiUP_LoginTest" classname="Test Cases/HiUP_LoginTest" status="PASSED">
         <system-out><![CDATA[2018-07-30 15:42:44 - [TEST_CASE][PASSED] - Test Cases/HiUP_LoginTest: Test Cases/HiUP_LoginTest

2018-07-30 15:42:45 - [TEST_STEP][FAILED] - Statement - Try: Unable to start app at: 'C:\Users\Acer\Desktop\HiUp_uat_apk\hiup23.apk' (Root cause: org.openqa.selenium.WebDriverException: An unknown server-side error occurred while processing the command. Original error: Could not proxy command to remote server. Original error: Error: read ECONNRESET (WARNING: The server did not provide any stacktrace information)
Command duration or timeout: 64.64 seconds
Build info: version: '3.7.1', revision: '8a0099a', time: '2017-11-06T21:07:36.161Z'
System info: host: 'DESKTOP-O5SIUU5', ip: '192.168.210.2', os.name: 'Windows 10', os.arch: 'amd64', os.version: '10.0', java.version: '1.8.0_102'
Driver info: driver.version: SwipeableAndroidDriver)

2018-07-30 15:42:45 - [TEST_STEP][PASSED] - Statement - email = "jmeter12345@gmail.com": null

2018-07-30 15:42:45 - [TEST_STEP][PASSED] - Statement - pass = "y@nzEE2018": null

2018-07-30 15:42:45 - [TEST_STEP][FAILED] - startApplication: Unable to start app at: 'C:\Users\Acer\Desktop\HiUp_uat_apk\hiup23.apk' (Root cause: org.openqa.selenium.WebDriverException: An unknown server-side error occurred while processing the command. Original error: Could not proxy command to remote server. Original error: Error: read ECONNRESET (WARNING: The server did not provide any stacktrace information)
Command duration or timeout: 64.64 seconds
Build info: version: '3.7.1', revision: '8a0099a', time: '2017-11-06T21:07:36.161Z'
System info: host: 'DESKTOP-O5SIUU5', ip: '192.168.210.2', os.name: 'Windows 10', os.arch: 'amd64', os.version: '10.0', java.version: '1.8.0_102'
Driver info: driver.version: SwipeableAndroidDriver)

2018-07-30 15:44:14 - [MESSAGE][FAILED] - Unable to start app at: 'C:\Users\Acer\Desktop\HiUp_uat_apk\hiup23.apk' (Root cause: org.openqa.selenium.WebDriverException: An unknown server-side error occurred while processing the command. Original error: Could not proxy command to remote server. Original error: Error: read ECONNRESET (WARNING: The server did not provide any stacktrace information)
Command duration or timeout: 64.64 seconds
Build info: version: '3.7.1', revision: '8a0099a', time: '2017-11-06T21:07:36.161Z'
System info: host: 'DESKTOP-O5SIUU5', ip: '192.168.210.2', os.name: 'Windows 10', os.arch: 'amd64', os.version: '10.0', java.version: '1.8.0_102'
Driver info: driver.version: SwipeableAndroidDriver)

2018-07-30 15:44:14 - [TEST_STEP][PASSED] - Statement - Catch (Exception e): null

2018-07-30 15:44:14 - [TEST_STEP][PASSED] - Statement - out.println("Unable to login"): null

2018-07-30 15:44:14 - [TEST_STEP][PASSED] - Statement - out.println(e.getMessage()): null]]></system-out>
         <system-err><![CDATA[]]></system-err>
      </testcase>
      <testcase name="Test Cases/JobFeedTest" classname="Test Cases/JobFeedTest" status="FAILED">
         <failure type="FAILED" message="No application is started yet."/>
         <system-out><![CDATA[2018-07-30 15:44:14 - [TEST_CASE][FAILED] - Test Cases/JobFeedTest: Test Cases/JobFeedTest FAILED because (of) No application is started yet.

2018-07-30 15:44:15 - [TEST_STEP][PASSED] - Statement - driver = com.kms.katalon.core.mobile.keyword.internal.MobileDriverFactory.getDriver(): null]]></system-out>
         <system-err><![CDATA[2018-07-30 15:44:14 - [TEST_CASE][FAILED] - Test Cases/JobFeedTest: Test Cases/JobFeedTest FAILED because (of) No application is started yet.]]></system-err>
      </testcase>
      <system-out><![CDATA[2018-07-30 15:42:44 - [TEST_SUITE][FAILED] - HiUpTestSuite: Test Cases/JobFeedTest FAILED because (of) No application is started yet.]]></system-out>
      <system-err><![CDATA[2018-07-30 15:42:44 - [TEST_SUITE][FAILED] - HiUpTestSuite: Test Cases/JobFeedTest FAILED because (of) No application is started yet.]]></system-err>
   </testsuite>
</testsuites>
